2025-10-12 13:34:12.537 [info] Extension host with pid 7989 started
2025-10-12 13:34:12.537 [info] Skipping acquiring lock for /home/shiri/.config/VSCodium/User/workspaceStorage/dcbdb9992d7f8dbe35b4bea5c900df26.
2025-10-12 13:34:12.614 [info] ExtensionService#_doActivateExtension vscode.git-base, startup: true, activationEvent: '*', root cause: vscode.git
2025-10-12 13:34:12.668 [info] ExtensionService#_doActivateExtension vscode.git, startup: true, activationEvent: '*'
2025-10-12 13:34:12.804 [info] ExtensionService#_doActivateExtension vscode.github, startup: true, activationEvent: '*'
2025-10-12 13:34:12.963 [info] ExtensionService#_doActivateExtension theqtcompany.qt-core, startup: true, activationEvent: 'workspaceContains:*.qml,*.qmldir', root cause: theqtcompany.qt-qml
2025-10-12 13:34:13.278 [info] ExtensionService#_doActivateExtension theqtcompany.qt-qml, startup: true, activationEvent: 'workspaceContains:*.qml,*.qmldir'
2025-10-12 13:34:13.488 [info] Eager extensions activated
2025-10-12 13:34:13.501 [info] ExtensionService#_doActivateExtension vscode.debug-auto-launch, startup: false, activationEvent: 'onStartupFinished'
2025-10-12 13:34:13.510 [info] ExtensionService#_doActivateExtension vscode.merge-conflict, startup: false, activationEvent: 'onStartupFinished'
2025-10-12 13:34:18.490 [warning] The task [Qt, Acquire Port] uses an undefined task type. The task will be ignored in the future.
2025-10-12 13:34:24.161 [info] Extension host terminating: renderer closed the MessagePort
2025-10-12 13:34:24.171 [info] Extension host with pid 7989 exiting with code 0
2025-10-12 13:34:25.919 [info] Extension host with pid 8230 started
2025-10-12 13:34:25.920 [info] Skipping acquiring lock for /home/shiri/.config/VSCodium/User/workspaceStorage/15f7ee956e162cafaee220ee746a5d56.
2025-10-12 13:34:25.955 [info] ExtensionService#_doActivateExtension vscode.git-base, startup: true, activationEvent: '*'
2025-10-12 13:34:25.973 [info] ExtensionService#_doActivateExtension vscode.github, startup: true, activationEvent: '*'
2025-10-12 13:34:26.065 [info] Eager extensions activated
2025-10-12 13:34:26.069 [info] ExtensionService#_doActivateExtension vscode.debug-auto-launch, startup: false, activationEvent: 'onStartupFinished'
2025-10-12 13:34:26.075 [info] ExtensionService#_doActivateExtension vscode.merge-conflict, startup: false, activationEvent: 'onStartupFinished'
2025-10-12 13:34:28.556 [info] ExtensionService#_doActivateExtension vscode.git, startup: false, activationEvent: 'api', root cause: vscode.github
2025-10-12 13:34:28.763 [info] ExtensionService#_doActivateExtension vscode.emmet, startup: false, activationEvent: 'onLanguage'
2025-10-12 16:50:38.545 [info] Extension host terminating: renderer closed the MessagePort
2025-10-12 16:50:38.551 [info] Extension host with pid 8230 exiting with code 0
