2025-10-11 21:06:01.880 [info] [main] Log level: Info
2025-10-11 21:06:01.880 [info] [main] Validating found git in: "git"
2025-10-11 21:06:01.880 [info] [main] Using git "2.51.0" from "git"
2025-10-11 21:06:01.880 [info] [Model][doInitialScan] Initial repository scan started
2025-10-11 21:06:01.880 [info] > git rev-parse --show-toplevel [13ms]
2025-10-11 21:06:01.880 [info] > git rev-parse --show-toplevel [1ms]
2025-10-11 21:06:01.880 [info] > git rev-parse --show-toplevel [1ms]
2025-10-11 21:06:01.880 [info] > git rev-parse --show-toplevel [1ms]
2025-10-11 21:06:01.880 [info] [Model][doInitialScan] Initial repository scan completed - repositories (0), closed repositories (0), parent repositories (1), unsafe repositories (0)
2025-10-11 21:06:03.543 [info] > git rev-parse --show-toplevel [1ms]
2025-10-11 21:06:04.982 [info] > git rev-parse --show-toplevel [2ms]
2025-10-11 21:07:08.280 [info] > git rev-parse --show-toplevel [2ms]
2025-10-11 21:07:08.867 [info] > git rev-parse --show-toplevel [1ms]
2025-10-11 21:07:09.366 [info] > git rev-parse --show-toplevel [1ms]
2025-10-11 21:07:09.800 [info] > git rev-parse --show-toplevel [2ms]
2025-10-11 21:07:30.813 [info] > git rev-parse --show-toplevel [1ms]
2025-10-11 21:13:52.080 [info] > git rev-parse --show-toplevel [1ms]
2025-10-11 21:13:52.588 [info] > git rev-parse --show-toplevel [1ms]
2025-10-11 21:14:13.026 [info] > git rev-parse --show-toplevel [2ms]
2025-10-11 21:14:18.016 [info] > git rev-parse --show-toplevel [1ms]
2025-10-11 21:14:18.410 [info] > git rev-parse --show-toplevel [2ms]
2025-10-11 21:14:26.999 [info] > git rev-parse --show-toplevel [2ms]
2025-10-11 21:14:33.612 [info] > git rev-parse --show-toplevel [1ms]
2025-10-11 21:14:34.784 [info] > git rev-parse --show-toplevel [2ms]
2025-10-11 21:14:43.229 [info] > git rev-parse --show-toplevel [1ms]
2025-10-11 21:28:45.902 [info] > git rev-parse --show-toplevel [1ms]
2025-10-11 21:30:10.482 [info] > git rev-parse --show-toplevel [0ms]
