2025-10-11 21:06:01.646 [info] Extension host with pid 20480 started
2025-10-11 21:06:01.646 [info] Skipping acquiring lock for /home/shiri/.config/VSCodium/User/workspaceStorage/dcbdb9992d7f8dbe35b4bea5c900df26.
2025-10-11 21:06:01.669 [info] ExtensionService#_doActivateExtension vscode.emmet, startup: false, activationEvent: 'onLanguage'
2025-10-11 21:06:01.708 [info] ExtensionService#_doActivateExtension vscode.git-base, startup: true, activationEvent: '*', root cause: vscode.git
2025-10-11 21:06:01.713 [info] ExtensionService#_doActivateExtension vscode.git, startup: true, activationEvent: '*'
2025-10-11 21:06:01.776 [info] ExtensionService#_doActivateExtension vscode.github, startup: true, activationEvent: '*'
2025-10-11 21:06:01.887 [info] Eager extensions activated
2025-10-11 21:06:01.906 [info] ExtensionService#_doActivateExtension vscode.debug-auto-launch, startup: false, activationEvent: 'onStartupFinished'
2025-10-11 21:06:01.908 [info] ExtensionService#_doActivateExtension vscode.merge-conflict, startup: false, activationEvent: 'onStartupFinished'
2025-10-11 21:06:04.844 [info] ExtensionService#_doActivateExtension vscode.configuration-editing, startup: false, activationEvent: 'onLanguage:jsonc'
2025-10-11 21:06:04.852 [info] ExtensionService#_doActivateExtension vscode.json-language-features, startup: false, activationEvent: 'onLanguage:jsonc'
2025-10-11 21:06:04.912 [info] ExtensionService#_doActivateExtension vscode.typescript-language-features, startup: false, activationEvent: 'onLanguage:jsonc'
2025-10-11 21:30:10.578 [info] ExtensionService#_doActivateExtension theqtcompany.qt-core, startup: false, activationEvent: 'onLanguage:qml', root cause: theqtcompany.qt-qml
2025-10-11 21:30:10.740 [info] ExtensionService#_doActivateExtension theqtcompany.qt-qml, startup: false, activationEvent: 'onLanguage:qml'
2025-10-11 21:30:15.851 [warning] The task [Qt, Acquire Port] uses an undefined task type. The task will be ignored in the future.
2025-10-11 21:31:51.055 [error] Error: write EPIPE
	at afterWriteDispatched (node:internal/stream_base_commons:159:15)
	at writeGeneric (node:internal/stream_base_commons:150:3)
	at Socket._writeGeneric (node:net:966:11)
	at Socket._write (node:net:978:8)
	at writeOrBuffer (node:internal/streams/writable:572:12)
	at _write (node:internal/streams/writable:501:10)
	at Writable.write (node:internal/streams/writable:510:10)
	at /home/shiri/.vscode-oss/extensions/theqtcompany.qt-qml-1.8.0-universal/out/extension.js:77:14145
	at new Promise (<anonymous>)
	at uA.write (/home/shiri/.vscode-oss/extensions/theqtcompany.qt-qml-1.8.0-universal/out/extension.js:77:14066)
	at T0.doWrite (/home/shiri/.vscode-oss/extensions/theqtcompany.qt-qml-1.8.0-universal/out/extension.js:49:1627)
	at /home/shiri/.vscode-oss/extensions/theqtcompany.qt-qml-1.8.0-universal/out/extension.js:49:1526
2025-10-11 21:31:51.056 [error] Error: Client is not running and can't be stopped. It's current state is: starting
	at Pq.shutdown (/home/shiri/.vscode-oss/extensions/theqtcompany.qt-qml-1.8.0-universal/out/extension.js:87:8500)
	at Pq.stop (/home/shiri/.vscode-oss/extensions/theqtcompany.qt-qml-1.8.0-universal/out/extension.js:87:8079)
	at Pq.stop (/home/shiri/.vscode-oss/extensions/theqtcompany.qt-qml-1.8.0-universal/out/extension.js:90:31098)
	at Pq.doInitialize (/home/shiri/.vscode-oss/extensions/theqtcompany.qt-qml-1.8.0-universal/out/extension.js:87:7904)
	at process.processTicksAndRejections (node:internal/process/task_queues:105:5)
	at async Pq.start (/home/shiri/.vscode-oss/extensions/theqtcompany.qt-qml-1.8.0-universal/out/extension.js:87:4473)
2025-10-11 21:31:51.062 [error] Error: Cannot call write after a stream was destroyed
	at _write (node:internal/streams/writable:491:11)
	at Writable.write (node:internal/streams/writable:510:10)
	at /home/shiri/.vscode-oss/extensions/theqtcompany.qt-qml-1.8.0-universal/out/extension.js:77:14145
	at new Promise (<anonymous>)
	at uA.write (/home/shiri/.vscode-oss/extensions/theqtcompany.qt-qml-1.8.0-universal/out/extension.js:77:14066)
	at T0.doWrite (/home/shiri/.vscode-oss/extensions/theqtcompany.qt-qml-1.8.0-universal/out/extension.js:49:1627)
	at /home/shiri/.vscode-oss/extensions/theqtcompany.qt-qml-1.8.0-universal/out/extension.js:49:1526
2025-10-11 21:31:51.063 [error] Error: Client is not running and can't be stopped. It's current state is: starting
	at Pq.shutdown (/home/shiri/.vscode-oss/extensions/theqtcompany.qt-qml-1.8.0-universal/out/extension.js:87:8500)
	at Pq.stop (/home/shiri/.vscode-oss/extensions/theqtcompany.qt-qml-1.8.0-universal/out/extension.js:87:8079)
	at Pq.stop (/home/shiri/.vscode-oss/extensions/theqtcompany.qt-qml-1.8.0-universal/out/extension.js:90:31098)
	at Pq.doInitialize (/home/shiri/.vscode-oss/extensions/theqtcompany.qt-qml-1.8.0-universal/out/extension.js:87:7904)
	at process.processTicksAndRejections (node:internal/process/task_queues:105:5)
	at async Pq.start (/home/shiri/.vscode-oss/extensions/theqtcompany.qt-qml-1.8.0-universal/out/extension.js:87:4473)
2025-10-11 21:31:51.066 [error] Error: write EPIPE
	at afterWriteDispatched (node:internal/stream_base_commons:159:15)
	at writeGeneric (node:internal/stream_base_commons:150:3)
	at Socket._writeGeneric (node:net:966:11)
	at Socket._write (node:net:978:8)
	at writeOrBuffer (node:internal/streams/writable:572:12)
	at _write (node:internal/streams/writable:501:10)
	at Writable.write (node:internal/streams/writable:510:10)
	at /home/shiri/.vscode-oss/extensions/theqtcompany.qt-qml-1.8.0-universal/out/extension.js:77:14145
	at new Promise (<anonymous>)
	at uA.write (/home/shiri/.vscode-oss/extensions/theqtcompany.qt-qml-1.8.0-universal/out/extension.js:77:14066)
	at T0.doWrite (/home/shiri/.vscode-oss/extensions/theqtcompany.qt-qml-1.8.0-universal/out/extension.js:49:1627)
	at /home/shiri/.vscode-oss/extensions/theqtcompany.qt-qml-1.8.0-universal/out/extension.js:49:1526
2025-10-11 21:31:51.066 [error] Error: Client is not running and can't be stopped. It's current state is: starting
	at Pq.shutdown (/home/shiri/.vscode-oss/extensions/theqtcompany.qt-qml-1.8.0-universal/out/extension.js:87:8500)
	at Pq.stop (/home/shiri/.vscode-oss/extensions/theqtcompany.qt-qml-1.8.0-universal/out/extension.js:87:8079)
	at Pq.stop (/home/shiri/.vscode-oss/extensions/theqtcompany.qt-qml-1.8.0-universal/out/extension.js:90:31098)
	at Pq.doInitialize (/home/shiri/.vscode-oss/extensions/theqtcompany.qt-qml-1.8.0-universal/out/extension.js:87:7904)
	at process.processTicksAndRejections (node:internal/process/task_queues:105:5)
	at async Pq.start (/home/shiri/.vscode-oss/extensions/theqtcompany.qt-qml-1.8.0-universal/out/extension.js:87:4473)
2025-10-11 21:31:51.072 [error] Error: Cannot call write after a stream was destroyed
	at _write (node:internal/streams/writable:491:11)
	at Writable.write (node:internal/streams/writable:510:10)
	at /home/shiri/.vscode-oss/extensions/theqtcompany.qt-qml-1.8.0-universal/out/extension.js:77:14145
	at new Promise (<anonymous>)
	at uA.write (/home/shiri/.vscode-oss/extensions/theqtcompany.qt-qml-1.8.0-universal/out/extension.js:77:14066)
	at T0.doWrite (/home/shiri/.vscode-oss/extensions/theqtcompany.qt-qml-1.8.0-universal/out/extension.js:49:1627)
	at /home/shiri/.vscode-oss/extensions/theqtcompany.qt-qml-1.8.0-universal/out/extension.js:49:1526
2025-10-11 21:31:51.073 [error] Error: Client is not running and can't be stopped. It's current state is: starting
	at Pq.shutdown (/home/shiri/.vscode-oss/extensions/theqtcompany.qt-qml-1.8.0-universal/out/extension.js:87:8500)
	at Pq.stop (/home/shiri/.vscode-oss/extensions/theqtcompany.qt-qml-1.8.0-universal/out/extension.js:87:8079)
	at Pq.stop (/home/shiri/.vscode-oss/extensions/theqtcompany.qt-qml-1.8.0-universal/out/extension.js:90:31098)
	at Pq.doInitialize (/home/shiri/.vscode-oss/extensions/theqtcompany.qt-qml-1.8.0-universal/out/extension.js:87:7904)
	at process.processTicksAndRejections (node:internal/process/task_queues:105:5)
	at async Pq.start (/home/shiri/.vscode-oss/extensions/theqtcompany.qt-qml-1.8.0-universal/out/extension.js:87:4473)
2025-10-11 21:31:51.078 [error] Error: write EPIPE
	at afterWriteDispatched (node:internal/stream_base_commons:159:15)
	at writeGeneric (node:internal/stream_base_commons:150:3)
	at Socket._writeGeneric (node:net:966:11)
	at Socket._write (node:net:978:8)
	at writeOrBuffer (node:internal/streams/writable:572:12)
	at _write (node:internal/streams/writable:501:10)
	at Writable.write (node:internal/streams/writable:510:10)
	at /home/shiri/.vscode-oss/extensions/theqtcompany.qt-qml-1.8.0-universal/out/extension.js:77:14145
	at new Promise (<anonymous>)
	at uA.write (/home/shiri/.vscode-oss/extensions/theqtcompany.qt-qml-1.8.0-universal/out/extension.js:77:14066)
	at T0.doWrite (/home/shiri/.vscode-oss/extensions/theqtcompany.qt-qml-1.8.0-universal/out/extension.js:49:1627)
	at /home/shiri/.vscode-oss/extensions/theqtcompany.qt-qml-1.8.0-universal/out/extension.js:49:1526
2025-10-11 21:31:51.079 [error] Error: Client is not running and can't be stopped. It's current state is: starting
	at Pq.shutdown (/home/shiri/.vscode-oss/extensions/theqtcompany.qt-qml-1.8.0-universal/out/extension.js:87:8500)
	at Pq.stop (/home/shiri/.vscode-oss/extensions/theqtcompany.qt-qml-1.8.0-universal/out/extension.js:87:8079)
	at Pq.stop (/home/shiri/.vscode-oss/extensions/theqtcompany.qt-qml-1.8.0-universal/out/extension.js:90:31098)
	at Pq.doInitialize (/home/shiri/.vscode-oss/extensions/theqtcompany.qt-qml-1.8.0-universal/out/extension.js:87:7904)
	at process.processTicksAndRejections (node:internal/process/task_queues:105:5)
	at async Pq.start (/home/shiri/.vscode-oss/extensions/theqtcompany.qt-qml-1.8.0-universal/out/extension.js:87:4473)
2025-10-11 21:44:55.656 [info] Extension host terminating: renderer closed the MessagePort
2025-10-11 21:44:55.667 [info] Extension host with pid 20480 exiting with code 0
