2025-10-13 20:15:32.380 [info] [main] Log level: Info
2025-10-13 20:15:32.380 [info] [main] Validating found git in: "git"
2025-10-13 20:15:32.380 [info] [main] Using git "2.51.0" from "git"
2025-10-13 20:15:32.380 [info] [Model][doInitialScan] Initial repository scan started
2025-10-13 20:15:32.380 [info] > git rev-parse --show-toplevel [8ms]
2025-10-13 20:15:32.380 [info] > git rev-parse --show-toplevel [1ms]
2025-10-13 20:15:32.380 [info] > git rev-parse --show-toplevel [1ms]
2025-10-13 20:15:32.380 [info] [Model][doInitialScan] Initial repository scan completed - repositories (0), closed repositories (0), parent repositories (1), unsafe repositories (0)
2025-10-13 20:15:33.567 [info] > git rev-parse --show-toplevel [2ms]
2025-10-13 20:15:46.757 [info] [main] Log level: Info
2025-10-13 20:15:46.757 [info] [main] Validating found git in: "git"
2025-10-13 20:15:46.757 [info] [main] Using git "2.51.0" from "git"
2025-10-13 20:15:46.757 [info] [Model][doInitialScan] Initial repository scan started
2025-10-13 20:15:46.757 [info] > git rev-parse --show-toplevel [24ms]
2025-10-13 20:15:46.779 [info] > git rev-parse --git-dir --git-common-dir --show-superproject-working-tree [15ms]
2025-10-13 20:15:46.795 [info] [Model][openRepository] Opened repository (path): /home/shiri/Documents/game
2025-10-13 20:15:46.795 [info] [Model][openRepository] Opened repository (real path): /home/shiri/Documents/game
2025-10-13 20:15:46.795 [info] [Model][openRepository] Opened repository (kind): repository
2025-10-13 20:15:46.819 [info] > git rev-parse --show-toplevel [7ms]
2025-10-13 20:15:46.820 [info] [Model][doInitialScan] Initial repository scan completed - repositories (1), closed repositories (0), parent repositories (0), unsafe repositories (0)
2025-10-13 20:15:46.821 [info] > git config --get commit.template [16ms]
2025-10-13 20:15:46.831 [info] [Git][getRemotes] No remotes found in the git config file
2025-10-13 20:15:46.833 [info] > git for-each-ref --format=%(refname)%00%(upstream:short)%00%(objectname)%00%(upstream:track)%00%(upstream:remotename)%00%(upstream:remoteref) refs/heads/master refs/remotes/master [2ms]
2025-10-13 20:15:46.833 [warning] [Git][getBranch] No such branch: master
2025-10-13 20:15:46.846 [info] > git status -z -uall [8ms]
2025-10-13 20:15:46.849 [info] > git for-each-ref --sort -committerdate --format %(refname)%00%(objectname)%00%(*objectname) [4ms]
2025-10-13 20:15:46.879 [info] > git for-each-ref --format=%(refname)%00%(upstream:short)%00%(objectname)%00%(upstream:track)%00%(upstream:remotename)%00%(upstream:remoteref) refs/heads/master refs/remotes/master [14ms]
2025-10-13 20:15:46.879 [warning] [Git][getBranch] No such branch: master
2025-10-13 20:15:46.880 [error] [GitHistoryProvider][resolveHEADMergeBase] Failed to resolve merge base for master: Error: No such branch: master.
2025-10-13 20:15:46.884 [info] > git config --get commit.template [5ms]
2025-10-13 20:15:46.915 [info] [Git][getRemotes] No remotes found in the git config file
2025-10-13 20:15:46.917 [info] > git for-each-ref --format=%(refname)%00%(upstream:short)%00%(objectname)%00%(upstream:track)%00%(upstream:remotename)%00%(upstream:remoteref) refs/heads/master refs/remotes/master [2ms]
2025-10-13 20:15:46.918 [warning] [Git][getBranch] No such branch: master
2025-10-13 20:15:46.931 [info] > git status -z -uall [7ms]
2025-10-13 20:15:46.933 [info] > git for-each-ref --sort -committerdate --format %(refname)%00%(objectname)%00%(*objectname) [2ms]
2025-10-13 20:15:47.329 [info] > git check-ignore -v -z --stdin [1ms]
2025-10-13 20:21:37.476 [info] > git config --get commit.template [5ms]
2025-10-13 20:21:37.498 [info] [Git][getRemotes] No remotes found in the git config file
2025-10-13 20:21:37.502 [info] > git for-each-ref --format=%(refname)%00%(upstream:short)%00%(objectname)%00%(upstream:track)%00%(upstream:remotename)%00%(upstream:remoteref) refs/heads/master refs/remotes/master [5ms]
2025-10-13 20:21:37.502 [warning] [Git][getBranch] No such branch: master
2025-10-13 20:21:37.518 [info] > git status -z -uall [10ms]
2025-10-13 20:21:37.525 [info] > git for-each-ref --sort -committerdate --format %(refname)%00%(objectname)%00%(*objectname) [9ms]
2025-10-13 20:24:21.038 [info] [Git][getRemotes] No remotes found in the git config file
2025-10-13 20:24:21.040 [info] > git config --get commit.template [12ms]
2025-10-13 20:24:21.040 [info] > git for-each-ref --format=%(refname)%00%(upstream:short)%00%(objectname)%00%(upstream:track)%00%(upstream:remotename)%00%(upstream:remoteref) refs/heads/master refs/remotes/master [2ms]
2025-10-13 20:24:21.040 [warning] [Git][getBranch] No such branch: master
2025-10-13 20:24:21.051 [info] > git status -z -uall [5ms]
2025-10-13 20:24:21.052 [info] > git for-each-ref --sort -committerdate --format %(refname)%00%(objectname)%00%(*objectname) [1ms]
2025-10-13 20:26:03.857 [info] > git check-ignore -v -z --stdin [4ms]
2025-10-13 20:26:14.747 [info] [Git][getRemotes] No remotes found in the git config file
2025-10-13 20:26:14.749 [info] > git config --get commit.template [14ms]
2025-10-13 20:26:14.750 [info] > git for-each-ref --format=%(refname)%00%(upstream:short)%00%(objectname)%00%(upstream:track)%00%(upstream:remotename)%00%(upstream:remoteref) refs/heads/master refs/remotes/master [4ms]
2025-10-13 20:26:14.751 [warning] [Git][getBranch] No such branch: master
2025-10-13 20:26:14.763 [info] > git status -z -uall [6ms]
2025-10-13 20:26:14.765 [info] > git for-each-ref --sort -committerdate --format %(refname)%00%(objectname)%00%(*objectname) [3ms]
2025-10-13 20:26:18.732 [info] > git log --format=%H%n%aN%n%aE%n%at%n%ct%n%P%n%D%n%B -z --shortstat --diff-merges=first-parent -n50 --skip=0 --topo-order --decorate=full --stdin [1ms]
2025-10-13 20:26:18.732 [info] fatal: bad revision 'refs/heads/master'
2025-10-13 20:26:18.732 [error] [GitHistoryProvider][provideHistoryItems] Failed to get history items with options '{"historyItemRefs":["refs/heads/master"],"limit":50,"skip":0}': Failed to execute git {
  "exitCode": 128,
  "gitCommand": "log",
  "stdout": "",
  "stderr": "fatal: bad revision 'refs/heads/master'\n"
}
2025-10-13 20:26:20.106 [info] > git log --format=%H%n%aN%n%aE%n%at%n%ct%n%P%n%D%n%B -z --shortstat --diff-merges=first-parent -n50 --skip=0 --topo-order --decorate=full --stdin [2ms]
2025-10-13 20:26:20.106 [info] fatal: bad revision 'refs/heads/master'
2025-10-13 20:26:20.106 [error] [GitHistoryProvider][provideHistoryItems] Failed to get history items with options '{"historyItemRefs":["refs/heads/master"],"limit":50,"skip":0}': Failed to execute git {
  "exitCode": 128,
  "gitCommand": "log",
  "stdout": "",
  "stderr": "fatal: bad revision 'refs/heads/master'\n"
}
2025-10-13 20:27:04.483 [info] [Git][getRemotes] No remotes found in the git config file
2025-10-13 20:27:04.495 [info] > git config --get commit.template [28ms]
2025-10-13 20:27:04.495 [info] > git for-each-ref --format=%(refname)%00%(upstream:short)%00%(objectname)%00%(upstream:track)%00%(upstream:remotename)%00%(upstream:remoteref) refs/heads/master refs/remotes/master [13ms]
2025-10-13 20:27:04.495 [warning] [Git][getBranch] No such branch: master
2025-10-13 20:27:04.519 [info] > git check-ignore -v -z --stdin [25ms]
2025-10-13 20:27:04.521 [info] > git status -z -uall [14ms]
2025-10-13 20:27:04.522 [info] > git for-each-ref --sort -committerdate --format %(refname)%00%(objectname)%00%(*objectname) [5ms]
2025-10-13 20:33:20.677 [info] [Git][getRemotes] No remotes found in the git config file
2025-10-13 20:33:20.681 [info] > git for-each-ref --format=%(refname)%00%(upstream:short)%00%(objectname)%00%(upstream:track)%00%(upstream:remotename)%00%(upstream:remoteref) refs/heads/master refs/remotes/master [4ms]
2025-10-13 20:33:20.681 [warning] [Git][getBranch] No such branch: master
2025-10-13 20:33:20.685 [info] > git config --get commit.template [20ms]
2025-10-13 20:33:20.708 [info] > git status -z -uall [13ms]
2025-10-13 20:33:20.712 [info] > git for-each-ref --sort -committerdate --format %(refname)%00%(objectname)%00%(*objectname) [7ms]
2025-10-13 20:35:36.727 [info] > git check-ignore -v -z --stdin [6ms]
2025-10-13 20:36:42.883 [info] > git show --textconv :src/menu.rs [25ms]
2025-10-13 20:36:42.896 [info] > git ls-files --stage -- src/menu.rs [14ms]
2025-10-13 20:36:42.913 [info] > git hash-object -t tree /dev/null [17ms]
2025-10-13 20:36:42.914 [warning] [GitFileSystemProvider][readFile] File not found - git:/home/shiri/Documents/game/src/menu.rs.git?%7B%22path%22%3A%22%2Fhome%2Fshiri%2FDocuments%2Fgame%2Fsrc%2Fmenu.rs%22%2C%22ref%22%3A%22%22%7D
2025-10-13 20:36:42.937 [info] > git hash-object -t tree /dev/null [25ms]
2025-10-13 20:36:42.937 [warning] [GitFileSystemProvider][stat] File not found - git:/home/shiri/Documents/game/src/menu.rs.git?%7B%22path%22%3A%22%2Fhome%2Fshiri%2FDocuments%2Fgame%2Fsrc%2Fmenu.rs%22%2C%22ref%22%3A%22%22%7D
2025-10-13 20:36:43.114 [info] > git check-ignore -v -z --stdin [4ms]
2025-10-13 20:36:43.705 [info] [Git][getRemotes] No remotes found in the git config file
2025-10-13 20:36:43.706 [info] > git config --get commit.template [16ms]
2025-10-13 20:36:43.714 [info] > git for-each-ref --format=%(refname)%00%(upstream:short)%00%(objectname)%00%(upstream:track)%00%(upstream:remotename)%00%(upstream:remoteref) refs/heads/master refs/remotes/master [9ms]
2025-10-13 20:36:43.714 [warning] [Git][getBranch] No such branch: master
2025-10-13 20:36:43.744 [info] > git status -z -uall [18ms]
2025-10-13 20:36:43.747 [info] > git for-each-ref --sort -committerdate --format %(refname)%00%(objectname)%00%(*objectname) [7ms]
2025-10-13 20:37:47.337 [info] > git config --get commit.template [4ms]
2025-10-13 20:37:47.352 [info] [Git][getRemotes] No remotes found in the git config file
2025-10-13 20:37:47.354 [info] > git for-each-ref --format=%(refname)%00%(upstream:short)%00%(objectname)%00%(upstream:track)%00%(upstream:remotename)%00%(upstream:remoteref) refs/heads/master refs/remotes/master [5ms]
2025-10-13 20:37:47.354 [warning] [Git][getBranch] No such branch: master
2025-10-13 20:37:47.385 [info] > git status -z -uall [17ms]
2025-10-13 20:37:47.389 [info] > git for-each-ref --sort -committerdate --format %(refname)%00%(objectname)%00%(*objectname) [6ms]
2025-10-13 20:38:05.424 [info] [Git][getRemotes] No remotes found in the git config file
2025-10-13 20:38:05.424 [info] > git config --get commit.template [5ms]
2025-10-13 20:38:05.425 [info] > git for-each-ref --format=%(refname)%00%(upstream:short)%00%(objectname)%00%(upstream:track)%00%(upstream:remotename)%00%(upstream:remoteref) refs/heads/master refs/remotes/master [2ms]
2025-10-13 20:38:05.425 [warning] [Git][getBranch] No such branch: master
2025-10-13 20:38:05.434 [info] > git status -z -uall [6ms]
2025-10-13 20:38:05.435 [info] > git for-each-ref --sort -committerdate --format %(refname)%00%(objectname)%00%(*objectname) [2ms]
2025-10-13 20:38:38.926 [info] [Git][getRemotes] No remotes found in the git config file
2025-10-13 20:38:38.927 [info] > git config --get commit.template [9ms]
2025-10-13 20:38:38.928 [info] > git for-each-ref --format=%(refname)%00%(upstream:short)%00%(objectname)%00%(upstream:track)%00%(upstream:remotename)%00%(upstream:remoteref) refs/heads/master refs/remotes/master [2ms]
2025-10-13 20:38:38.928 [warning] [Git][getBranch] No such branch: master
2025-10-13 20:38:38.942 [info] > git status -z -uall [8ms]
2025-10-13 20:38:38.944 [info] > git for-each-ref --sort -committerdate --format %(refname)%00%(objectname)%00%(*objectname) [3ms]
2025-10-13 20:39:08.919 [info] [Git][getRemotes] No remotes found in the git config file
2025-10-13 20:39:08.919 [info] > git config --get commit.template [16ms]
2025-10-13 20:39:08.921 [info] > git for-each-ref --format=%(refname)%00%(upstream:short)%00%(objectname)%00%(upstream:track)%00%(upstream:remotename)%00%(upstream:remoteref) refs/heads/master refs/remotes/master [5ms]
2025-10-13 20:39:08.921 [warning] [Git][getBranch] No such branch: master
2025-10-13 20:39:08.942 [info] > git status -z -uall [7ms]
2025-10-13 20:39:08.943 [info] > git for-each-ref --sort -committerdate --format %(refname)%00%(objectname)%00%(*objectname) [1ms]
2025-10-13 20:39:58.924 [info] [Git][getRemotes] No remotes found in the git config file
2025-10-13 20:39:58.925 [info] > git config --get commit.template [42ms]
2025-10-13 20:39:58.929 [info] > git for-each-ref --format=%(refname)%00%(upstream:short)%00%(objectname)%00%(upstream:track)%00%(upstream:remotename)%00%(upstream:remoteref) refs/heads/master refs/remotes/master [5ms]
2025-10-13 20:39:58.929 [warning] [Git][getBranch] No such branch: master
2025-10-13 20:39:58.964 [info] > git status -z -uall [21ms]
2025-10-13 20:39:58.970 [info] > git for-each-ref --sort -committerdate --format %(refname)%00%(objectname)%00%(*objectname) [9ms]
2025-10-13 20:41:10.434 [info] [Git][getRemotes] No remotes found in the git config file
2025-10-13 20:41:10.435 [info] > git config --get commit.template [7ms]
2025-10-13 20:41:10.441 [info] > git for-each-ref --format=%(refname)%00%(upstream:short)%00%(objectname)%00%(upstream:track)%00%(upstream:remotename)%00%(upstream:remoteref) refs/heads/master refs/remotes/master [7ms]
2025-10-13 20:41:10.441 [warning] [Git][getBranch] No such branch: master
2025-10-13 20:41:10.455 [info] > git status -z -uall [9ms]
2025-10-13 20:41:10.456 [info] > git for-each-ref --sort -committerdate --format %(refname)%00%(objectname)%00%(*objectname) [2ms]
2025-10-13 20:41:28.805 [info] [Git][getRemotes] No remotes found in the git config file
2025-10-13 20:41:28.806 [info] > git config --get commit.template [9ms]
2025-10-13 20:41:28.807 [info] > git for-each-ref --format=%(refname)%00%(upstream:short)%00%(objectname)%00%(upstream:track)%00%(upstream:remotename)%00%(upstream:remoteref) refs/heads/master refs/remotes/master [3ms]
2025-10-13 20:41:28.807 [warning] [Git][getBranch] No such branch: master
2025-10-13 20:41:28.820 [info] > git status -z -uall [7ms]
2025-10-13 20:41:28.821 [info] > git for-each-ref --sort -committerdate --format %(refname)%00%(objectname)%00%(*objectname) [3ms]
2025-10-13 20:52:30.450 [info] > git check-ignore -v -z --stdin [1ms]
2025-10-13 20:54:00.738 [info] [Git][getRemotes] No remotes found in the git config file
2025-10-13 20:54:00.739 [info] > git config --get commit.template [5ms]
2025-10-13 20:54:00.739 [info] > git for-each-ref --format=%(refname)%00%(upstream:short)%00%(objectname)%00%(upstream:track)%00%(upstream:remotename)%00%(upstream:remoteref) refs/heads/master refs/remotes/master [1ms]
2025-10-13 20:54:00.739 [warning] [Git][getBranch] No such branch: master
2025-10-13 20:54:00.749 [info] > git status -z -uall [5ms]
2025-10-13 20:54:00.749 [info] > git for-each-ref --sort -committerdate --format %(refname)%00%(objectname)%00%(*objectname) [1ms]
2025-10-13 20:54:05.760 [info] [Git][getRemotes] No remotes found in the git config file
2025-10-13 20:54:05.761 [info] > git config --get commit.template [5ms]
2025-10-13 20:54:05.761 [info] > git for-each-ref --format=%(refname)%00%(upstream:short)%00%(objectname)%00%(upstream:track)%00%(upstream:remotename)%00%(upstream:remoteref) refs/heads/master refs/remotes/master [1ms]
2025-10-13 20:54:05.761 [warning] [Git][getBranch] No such branch: master
2025-10-13 20:54:05.769 [info] > git status -z -uall [5ms]
2025-10-13 20:54:05.770 [info] > git for-each-ref --sort -committerdate --format %(refname)%00%(objectname)%00%(*objectname) [1ms]
2025-10-13 20:54:14.613 [info] > git config --get commit.template [1ms]
2025-10-13 20:54:14.618 [info] [Git][getRemotes] No remotes found in the git config file
2025-10-13 20:54:14.619 [info] > git for-each-ref --format=%(refname)%00%(upstream:short)%00%(objectname)%00%(upstream:track)%00%(upstream:remotename)%00%(upstream:remoteref) refs/heads/master refs/remotes/master [1ms]
2025-10-13 20:54:14.619 [warning] [Git][getBranch] No such branch: master
2025-10-13 20:54:14.627 [info] > git status -z -uall [4ms]
2025-10-13 20:54:14.628 [info] > git for-each-ref --sort -committerdate --format %(refname)%00%(objectname)%00%(*objectname) [1ms]
2025-10-13 20:54:19.657 [info] [Git][getRemotes] No remotes found in the git config file
2025-10-13 20:54:19.662 [info] > git for-each-ref --format=%(refname)%00%(upstream:short)%00%(objectname)%00%(upstream:track)%00%(upstream:remotename)%00%(upstream:remoteref) refs/heads/master refs/remotes/master [5ms]
2025-10-13 20:54:19.662 [warning] [Git][getBranch] No such branch: master
2025-10-13 20:54:19.662 [info] > git config --get commit.template [17ms]
2025-10-13 20:54:19.684 [info] > git status -z -uall [10ms]
2025-10-13 20:54:19.685 [info] > git for-each-ref --sort -committerdate --format %(refname)%00%(objectname)%00%(*objectname) [2ms]
2025-10-13 20:57:21.326 [info] [Git][getRemotes] No remotes found in the git config file
2025-10-13 20:57:21.329 [info] > git config --get commit.template [3ms]
2025-10-13 20:57:21.330 [info] > git for-each-ref --format=%(refname)%00%(upstream:short)%00%(objectname)%00%(upstream:track)%00%(upstream:remotename)%00%(upstream:remoteref) refs/heads/master refs/remotes/master [1ms]
2025-10-13 20:57:21.330 [warning] [Git][getBranch] No such branch: master
2025-10-13 20:57:21.336 [info] > git status -z -uall [3ms]
2025-10-13 20:57:21.337 [info] > git for-each-ref --sort -committerdate --format %(refname)%00%(objectname)%00%(*objectname) [1ms]
2025-10-13 20:57:48.794 [info] [Git][getRemotes] No remotes found in the git config file
2025-10-13 20:57:48.796 [info] > git config --get commit.template [16ms]
2025-10-13 20:57:48.798 [info] > git for-each-ref --format=%(refname)%00%(upstream:short)%00%(objectname)%00%(upstream:track)%00%(upstream:remotename)%00%(upstream:remoteref) refs/heads/master refs/remotes/master [4ms]
2025-10-13 20:57:48.798 [warning] [Git][getBranch] No such branch: master
2025-10-13 20:57:48.823 [info] > git status -z -uall [14ms]
2025-10-13 20:57:48.826 [info] > git for-each-ref --sort -committerdate --format %(refname)%00%(objectname)%00%(*objectname) [5ms]
2025-10-13 20:58:20.092 [info] [Git][getRemotes] No remotes found in the git config file
2025-10-13 20:58:20.093 [info] > git config --get commit.template [4ms]
2025-10-13 20:58:20.093 [info] > git for-each-ref --format=%(refname)%00%(upstream:short)%00%(objectname)%00%(upstream:track)%00%(upstream:remotename)%00%(upstream:remoteref) refs/heads/master refs/remotes/master [1ms]
2025-10-13 20:58:20.093 [warning] [Git][getBranch] No such branch: master
2025-10-13 20:58:20.099 [info] > git status -z -uall [3ms]
2025-10-13 20:58:20.100 [info] > git for-each-ref --sort -committerdate --format %(refname)%00%(objectname)%00%(*objectname) [1ms]
2025-10-13 21:01:28.965 [info] [Git][getRemotes] No remotes found in the git config file
2025-10-13 21:01:28.966 [info] > git config --get commit.template [15ms]
2025-10-13 21:01:28.968 [info] > git for-each-ref --format=%(refname)%00%(upstream:short)%00%(objectname)%00%(upstream:track)%00%(upstream:remotename)%00%(upstream:remoteref) refs/heads/master refs/remotes/master [4ms]
2025-10-13 21:01:28.969 [warning] [Git][getBranch] No such branch: master
2025-10-13 21:01:28.992 [info] > git status -z -uall [12ms]
2025-10-13 21:01:28.993 [info] > git for-each-ref --sort -committerdate --format %(refname)%00%(objectname)%00%(*objectname) [2ms]
2025-10-13 21:04:07.953 [info] [Git][getRemotes] No remotes found in the git config file
2025-10-13 21:04:07.954 [info] > git config --get commit.template [12ms]
2025-10-13 21:04:07.956 [info] > git for-each-ref --format=%(refname)%00%(upstream:short)%00%(objectname)%00%(upstream:track)%00%(upstream:remotename)%00%(upstream:remoteref) refs/heads/master refs/remotes/master [3ms]
2025-10-13 21:04:07.956 [warning] [Git][getBranch] No such branch: master
2025-10-13 21:04:07.977 [info] > git status -z -uall [12ms]
2025-10-13 21:04:07.979 [info] > git for-each-ref --sort -committerdate --format %(refname)%00%(objectname)%00%(*objectname) [4ms]
