2025-10-27 22:11:39.311 [info] Extension host with pid 27087 started
2025-10-27 22:11:39.311 [info] Skipping acquiring lock for /home/shiri/.config/VSCodium/User/workspaceStorage/d89d349f012ed886895eb764ef594d35.
2025-10-27 22:11:39.396 [info] ExtensionService#_doActivateExtension vscode.emmet, startup: false, activationEvent: 'onLanguage'
2025-10-27 22:11:39.424 [info] ExtensionService#_doActivateExtension theqtcompany.qt-core, startup: false, activationEvent: 'onLanguage:qml', root cause: theqtcompany.qt-qml
2025-10-27 22:11:39.572 [info] ExtensionService#_doActivateExtension theqtcompany.qt-qml, startup: false, activationEvent: 'onLanguage:qml'
2025-10-27 22:11:39.698 [info] ExtensionService#_doActivateExtension vscode.configuration-editing, startup: false, activationEvent: 'onLanguage:jsonc'
2025-10-27 22:11:39.708 [info] ExtensionService#_doActivateExtension vscode.json-language-features, startup: false, activationEvent: 'onLanguage:jsonc'
2025-10-27 22:11:39.770 [info] ExtensionService#_doActivateExtension vscode.typescript-language-features, startup: false, activationEvent: 'onLanguage:jsonc'
2025-10-27 22:11:39.862 [info] ExtensionService#_doActivateExtension vscode.git-base, startup: true, activationEvent: '*', root cause: vscode.git
2025-10-27 22:11:39.958 [info] ExtensionService#_doActivateExtension vscode.git, startup: true, activationEvent: '*'
2025-10-27 22:11:40.015 [info] ExtensionService#_doActivateExtension vscode.github, startup: true, activationEvent: '*'
2025-10-27 22:11:40.188 [info] Eager extensions activated
2025-10-27 22:11:40.205 [info] ExtensionService#_doActivateExtension vscode.debug-auto-launch, startup: false, activationEvent: 'onStartupFinished'
2025-10-27 22:11:40.207 [info] ExtensionService#_doActivateExtension vscode.merge-conflict, startup: false, activationEvent: 'onStartupFinished'
2025-10-27 22:11:40.225 [info] ExtensionService#_doActivateExtension vadimcn.vscode-lldb, startup: false, activationEvent: 'onStartupFinished'
2025-10-27 22:11:40.282 [warning] [Decorations] CAPPING events from decorations provider vscode.git 280
2025-10-27 22:11:40.372 [warning] [Decorations] CAPPING events from decorations provider vscode.git 282
2025-10-27 22:11:40.392 [info] ExtensionService#_doActivateExtension vscode.github-authentication, startup: false, activationEvent: 'onAuthenticationRequest:github'
2025-10-27 22:11:44.925 [warning] The task [Qt, Acquire Port] uses an undefined task type. The task will be ignored in the future.
2025-10-27 22:11:48.791 [warning] [Decorations] CAPPING events from decorations provider vscode.git 292
2025-10-27 22:11:53.836 [warning] [Decorations] CAPPING events from decorations provider vscode.git 292
2025-10-27 22:11:58.863 [warning] [Decorations] CAPPING events from decorations provider vscode.git 291
2025-10-27 22:12:03.080 [warning] [Decorations] CAPPING events from decorations provider vscode.git 291
