2025-10-26 15:53:08.413 [info] Extension host with pid 17545 started
2025-10-26 15:53:08.413 [info] Skipping acquiring lock for /home/shiri/.config/VSCodium/User/workspaceStorage/d89d349f012ed886895eb764ef594d35.
2025-10-26 15:53:08.771 [info] ExtensionService#_doActivateExtension vscode.emmet, startup: false, activationEvent: 'onLanguage'
2025-10-26 15:53:08.796 [info] ExtensionService#_doActivateExtension theqtcompany.qt-core, startup: false, activationEvent: 'onLanguage:qml', root cause: theqtcompany.qt-qml
2025-10-26 15:53:08.995 [info] ExtensionService#_doActivateExtension theqtcompany.qt-qml, startup: false, activationEvent: 'onLanguage:qml'
2025-10-26 15:53:09.138 [info] ExtensionService#_doActivateExtension vscode.git-base, startup: true, activationEvent: '*', root cause: vscode.git
2025-10-26 15:53:09.170 [info] ExtensionService#_doActivateExtension vscode.git, startup: true, activationEvent: '*'
2025-10-26 15:53:09.225 [info] ExtensionService#_doActivateExtension vscode.github, startup: true, activationEvent: '*'
2025-10-26 15:53:09.383 [info] Eager extensions activated
2025-10-26 15:53:09.496 [info] ExtensionService#_doActivateExtension vscode.debug-auto-launch, startup: false, activationEvent: 'onStartupFinished'
2025-10-26 15:53:09.501 [info] ExtensionService#_doActivateExtension vscode.merge-conflict, startup: false, activationEvent: 'onStartupFinished'
2025-10-26 15:53:09.531 [info] ExtensionService#_doActivateExtension vadimcn.vscode-lldb, startup: false, activationEvent: 'onStartupFinished'
2025-10-26 15:53:09.708 [info] ExtensionService#_doActivateExtension vscode.github-authentication, startup: false, activationEvent: 'onAuthenticationRequest:github'
2025-10-26 15:53:10.617 [error] Error: Cannot call write after a stream was destroyed
	at _write (node:internal/streams/writable:491:11)
	at Writable.write (node:internal/streams/writable:510:10)
	at /home/shiri/.vscode-oss/extensions/theqtcompany.qt-qml-1.8.0-universal/out/extension.js:77:14145
	at new Promise (<anonymous>)
	at uA.write (/home/shiri/.vscode-oss/extensions/theqtcompany.qt-qml-1.8.0-universal/out/extension.js:77:14066)
	at T0.doWrite (/home/shiri/.vscode-oss/extensions/theqtcompany.qt-qml-1.8.0-universal/out/extension.js:49:1627)
	at /home/shiri/.vscode-oss/extensions/theqtcompany.qt-qml-1.8.0-universal/out/extension.js:49:1526
2025-10-26 15:53:10.618 [error] Error: Client is not running and can't be stopped. It's current state is: starting
	at Pq.shutdown (/home/shiri/.vscode-oss/extensions/theqtcompany.qt-qml-1.8.0-universal/out/extension.js:87:8500)
	at Pq.stop (/home/shiri/.vscode-oss/extensions/theqtcompany.qt-qml-1.8.0-universal/out/extension.js:87:8079)
	at Pq.stop (/home/shiri/.vscode-oss/extensions/theqtcompany.qt-qml-1.8.0-universal/out/extension.js:90:31098)
	at Pq.doInitialize (/home/shiri/.vscode-oss/extensions/theqtcompany.qt-qml-1.8.0-universal/out/extension.js:87:7904)
	at process.processTicksAndRejections (node:internal/process/task_queues:105:5)
	at async Pq.start (/home/shiri/.vscode-oss/extensions/theqtcompany.qt-qml-1.8.0-universal/out/extension.js:87:4473)
2025-10-26 15:53:10.631 [error] Error: write EPIPE
	at afterWriteDispatched (node:internal/stream_base_commons:159:15)
	at writeGeneric (node:internal/stream_base_commons:150:3)
	at Socket._writeGeneric (node:net:966:11)
	at Socket._write (node:net:978:8)
	at writeOrBuffer (node:internal/streams/writable:572:12)
	at _write (node:internal/streams/writable:501:10)
	at Writable.write (node:internal/streams/writable:510:10)
	at /home/shiri/.vscode-oss/extensions/theqtcompany.qt-qml-1.8.0-universal/out/extension.js:77:14145
	at new Promise (<anonymous>)
	at uA.write (/home/shiri/.vscode-oss/extensions/theqtcompany.qt-qml-1.8.0-universal/out/extension.js:77:14066)
	at T0.doWrite (/home/shiri/.vscode-oss/extensions/theqtcompany.qt-qml-1.8.0-universal/out/extension.js:49:1627)
	at /home/shiri/.vscode-oss/extensions/theqtcompany.qt-qml-1.8.0-universal/out/extension.js:49:1526
2025-10-26 15:53:10.631 [error] Error: Client is not running and can't be stopped. It's current state is: starting
	at Pq.shutdown (/home/shiri/.vscode-oss/extensions/theqtcompany.qt-qml-1.8.0-universal/out/extension.js:87:8500)
	at Pq.stop (/home/shiri/.vscode-oss/extensions/theqtcompany.qt-qml-1.8.0-universal/out/extension.js:87:8079)
	at Pq.stop (/home/shiri/.vscode-oss/extensions/theqtcompany.qt-qml-1.8.0-universal/out/extension.js:90:31098)
	at Pq.doInitialize (/home/shiri/.vscode-oss/extensions/theqtcompany.qt-qml-1.8.0-universal/out/extension.js:87:7904)
	at process.processTicksAndRejections (node:internal/process/task_queues:105:5)
	at async Pq.start (/home/shiri/.vscode-oss/extensions/theqtcompany.qt-qml-1.8.0-universal/out/extension.js:87:4473)
2025-10-26 15:53:10.636 [error] Error: Cannot call write after a stream was destroyed
	at _write (node:internal/streams/writable:491:11)
	at Writable.write (node:internal/streams/writable:510:10)
	at /home/shiri/.vscode-oss/extensions/theqtcompany.qt-qml-1.8.0-universal/out/extension.js:77:14145
	at new Promise (<anonymous>)
	at uA.write (/home/shiri/.vscode-oss/extensions/theqtcompany.qt-qml-1.8.0-universal/out/extension.js:77:14066)
	at T0.doWrite (/home/shiri/.vscode-oss/extensions/theqtcompany.qt-qml-1.8.0-universal/out/extension.js:49:1627)
	at /home/shiri/.vscode-oss/extensions/theqtcompany.qt-qml-1.8.0-universal/out/extension.js:49:1526
2025-10-26 15:53:10.638 [error] Error: Client is not running and can't be stopped. It's current state is: starting
	at Pq.shutdown (/home/shiri/.vscode-oss/extensions/theqtcompany.qt-qml-1.8.0-universal/out/extension.js:87:8500)
	at Pq.stop (/home/shiri/.vscode-oss/extensions/theqtcompany.qt-qml-1.8.0-universal/out/extension.js:87:8079)
	at Pq.stop (/home/shiri/.vscode-oss/extensions/theqtcompany.qt-qml-1.8.0-universal/out/extension.js:90:31098)
	at Pq.doInitialize (/home/shiri/.vscode-oss/extensions/theqtcompany.qt-qml-1.8.0-universal/out/extension.js:87:7904)
	at process.processTicksAndRejections (node:internal/process/task_queues:105:5)
	at async Pq.start (/home/shiri/.vscode-oss/extensions/theqtcompany.qt-qml-1.8.0-universal/out/extension.js:87:4473)
2025-10-26 15:53:10.647 [error] Error: write EPIPE
	at afterWriteDispatched (node:internal/stream_base_commons:159:15)
	at writeGeneric (node:internal/stream_base_commons:150:3)
	at Socket._writeGeneric (node:net:966:11)
	at Socket._write (node:net:978:8)
	at writeOrBuffer (node:internal/streams/writable:572:12)
	at _write (node:internal/streams/writable:501:10)
	at Writable.write (node:internal/streams/writable:510:10)
	at /home/shiri/.vscode-oss/extensions/theqtcompany.qt-qml-1.8.0-universal/out/extension.js:77:14145
	at new Promise (<anonymous>)
	at uA.write (/home/shiri/.vscode-oss/extensions/theqtcompany.qt-qml-1.8.0-universal/out/extension.js:77:14066)
	at T0.doWrite (/home/shiri/.vscode-oss/extensions/theqtcompany.qt-qml-1.8.0-universal/out/extension.js:49:1627)
	at /home/shiri/.vscode-oss/extensions/theqtcompany.qt-qml-1.8.0-universal/out/extension.js:49:1526
2025-10-26 15:53:10.648 [error] Error: Client is not running and can't be stopped. It's current state is: starting
	at Pq.shutdown (/home/shiri/.vscode-oss/extensions/theqtcompany.qt-qml-1.8.0-universal/out/extension.js:87:8500)
	at Pq.stop (/home/shiri/.vscode-oss/extensions/theqtcompany.qt-qml-1.8.0-universal/out/extension.js:87:8079)
	at Pq.stop (/home/shiri/.vscode-oss/extensions/theqtcompany.qt-qml-1.8.0-universal/out/extension.js:90:31098)
	at Pq.doInitialize (/home/shiri/.vscode-oss/extensions/theqtcompany.qt-qml-1.8.0-universal/out/extension.js:87:7904)
	at process.processTicksAndRejections (node:internal/process/task_queues:105:5)
	at async Pq.start (/home/shiri/.vscode-oss/extensions/theqtcompany.qt-qml-1.8.0-universal/out/extension.js:87:4473)
2025-10-26 15:53:10.653 [error] Error: Cannot call write after a stream was destroyed
	at _write (node:internal/streams/writable:491:11)
	at Writable.write (node:internal/streams/writable:510:10)
	at /home/shiri/.vscode-oss/extensions/theqtcompany.qt-qml-1.8.0-universal/out/extension.js:77:14145
	at new Promise (<anonymous>)
	at uA.write (/home/shiri/.vscode-oss/extensions/theqtcompany.qt-qml-1.8.0-universal/out/extension.js:77:14066)
	at T0.doWrite (/home/shiri/.vscode-oss/extensions/theqtcompany.qt-qml-1.8.0-universal/out/extension.js:49:1627)
	at /home/shiri/.vscode-oss/extensions/theqtcompany.qt-qml-1.8.0-universal/out/extension.js:49:1526
2025-10-26 15:53:10.654 [error] Error: Client is not running and can't be stopped. It's current state is: starting
	at Pq.shutdown (/home/shiri/.vscode-oss/extensions/theqtcompany.qt-qml-1.8.0-universal/out/extension.js:87:8500)
	at Pq.stop (/home/shiri/.vscode-oss/extensions/theqtcompany.qt-qml-1.8.0-universal/out/extension.js:87:8079)
	at Pq.stop (/home/shiri/.vscode-oss/extensions/theqtcompany.qt-qml-1.8.0-universal/out/extension.js:90:31098)
	at Pq.doInitialize (/home/shiri/.vscode-oss/extensions/theqtcompany.qt-qml-1.8.0-universal/out/extension.js:87:7904)
	at process.processTicksAndRejections (node:internal/process/task_queues:105:5)
	at async Pq.start (/home/shiri/.vscode-oss/extensions/theqtcompany.qt-qml-1.8.0-universal/out/extension.js:87:4473)
2025-10-26 15:53:14.142 [warning] The task [Qt, Acquire Port] uses an undefined task type. The task will be ignored in the future.
2025-10-26 15:53:15.046 [info] Extension host terminating: renderer closed the MessagePort
2025-10-26 15:53:15.055 [info] Extension host with pid 17545 exiting with code 0
