Installing platform package from https://github.com/vadimcn/codelldb/releases/download/v1.11.6/codelldb-linux-x64.vsix
Verbose logging: off  (Use "lldb.verboseLogging" setting to change)
Platform: linux x64
Initial debug configuration: {}
Running: cargo metadata --no-deps --format-version=1
Cargo exited with code 0 
Done
Running: cargo run --bin=game --message-format=json --color=always --config=target.'cfg(all())'.runner='/home/shiri/.vscode-oss/extensions/vadimcn.vscode-lldb-1.11.6-universal/adapter/codelldb-launch'
Cargo exited with code 101 
Raw artifacts:
{
  fileName: '/home/shiri/Documents/game/target/debug/game',
  name: 'game',
  kind: 'bin'
}
Filtered artifacts: 
{
  fileName: '/home/shiri/Documents/game/target/debug/game',
  name: 'game',
  kind: 'bin'
}
Resolved debug configuration: {
  name: "Debug executable 'game'",
  type: 'lldb',
  request: 'launch',
  args: [],
  program: '/home/shiri/Documents/game/target/debug/game',
  sourceLanguages: [ 'rust' ],
  relativePathBase: '/home/shiri/Documents/game',
  _adapterSettings: {
    displayFormat: 'auto',
    showDisassembly: 'auto',
    dereferencePointers: true,
    suppressMissingSourceFiles: true,
    evaluationTimeout: 5,
    consoleMode: 'commands',
    sourceLanguages: null,
    scriptConfig: {},
    evaluateForHovers: true,
    commandCompletions: true
  }
}
Error: ENOENT: no such file or directory, stat '/home/shiri/.vscode-oss/extensions/vadimcn.vscode-lldb-1.11.6-universal/lldb'
