2025-10-27 22:11:40.200 [info] [main] Log level: Info
2025-10-27 22:11:40.200 [info] [main] Validating found git in: "git"
2025-10-27 22:11:40.200 [info] [main] Using git "2.51.1" from "git"
2025-10-27 22:11:40.200 [info] [Model][doInitialScan] Initial repository scan started
2025-10-27 22:11:40.200 [info] > git rev-parse --show-toplevel [5ms]
2025-10-27 22:11:40.200 [info] > git rev-parse --git-dir --git-common-dir --show-superproject-working-tree [4ms]
2025-10-27 22:11:40.200 [info] [Model][openRepository] Opened repository (path): /home/shiri/.config
2025-10-27 22:11:40.200 [info] [Model][openRepository] Opened repository (real path): /home/shiri/.config
2025-10-27 22:11:40.200 [info] [Model][openRepository] Opened repository (kind): repository
2025-10-27 22:11:40.200 [info] > git rev-parse --show-toplevel [17ms]
2025-10-27 22:11:40.200 [info] > git config --get commit.template [21ms]
2025-10-27 22:11:40.201 [info] > git for-each-ref --format=%(refname)%00%(upstream:short)%00%(objectname)%00%(upstream:track)%00%(upstream:remotename)%00%(upstream:remoteref) refs/heads/main refs/remotes/main [7ms]
2025-10-27 22:11:40.268 [info] > git status -z -uall [9ms]
2025-10-27 22:11:40.269 [info] > git for-each-ref --sort -committerdate --format %(refname)%00%(objectname)%00%(*objectname) [5ms]
2025-10-27 22:11:40.322 [info] > git for-each-ref --format=%(refname)%00%(upstream:short)%00%(objectname)%00%(upstream:track)%00%(upstream:remotename)%00%(upstream:remoteref) refs/heads/main refs/remotes/main [14ms]
2025-10-27 22:11:40.331 [info] > git config --get --local branch.main.vscode-merge-base [4ms]
2025-10-27 22:11:40.336 [info] > git config --get commit.template [22ms]
2025-10-27 22:11:40.337 [info] > git for-each-ref --format=%(refname)%00%(upstream:short)%00%(objectname)%00%(upstream:track)%00%(upstream:remotename)%00%(upstream:remoteref) refs/heads/pixelcute-dots/main refs/remotes/pixelcute-dots/main [1ms]
2025-10-27 22:11:40.347 [info] > git merge-base refs/heads/main refs/remotes/pixelcute-dots/main [5ms]
2025-10-27 22:11:40.351 [info] > git for-each-ref --format=%(refname)%00%(upstream:short)%00%(objectname)%00%(upstream:track)%00%(upstream:remotename)%00%(upstream:remoteref) refs/heads/main refs/remotes/main [5ms]
2025-10-27 22:11:40.352 [info] > git diff --name-status -z --diff-filter=ADMR 6ebe693ae6d9931147334bff911124e3eb4a8505...refs/remotes/pixelcute-dots/main [1ms]
2025-10-27 22:11:40.365 [info] > git status -z -uall [9ms]
2025-10-27 22:11:40.365 [info] > git for-each-ref --sort -committerdate --format %(refname)%00%(objectname)%00%(*objectname) [5ms]
2025-10-27 22:11:40.367 [info] > git rev-parse --show-toplevel [2ms]
2025-10-27 22:11:40.385 [info] > git rev-parse --show-toplevel [7ms]
2025-10-27 22:11:40.413 [info] > git rev-parse --show-toplevel [22ms]
2025-10-27 22:11:40.420 [info] > git rev-parse --show-toplevel [1ms]
2025-10-27 22:11:40.425 [info] > git rev-parse --show-toplevel [1ms]
2025-10-27 22:11:40.430 [info] > git rev-parse --show-toplevel [1ms]
2025-10-27 22:11:40.436 [info] > git rev-parse --show-toplevel [1ms]
2025-10-27 22:11:40.441 [info] > git rev-parse --show-toplevel [1ms]
2025-10-27 22:11:40.446 [info] > git rev-parse --show-toplevel [1ms]
2025-10-27 22:11:40.451 [info] > git rev-parse --show-toplevel [1ms]
2025-10-27 22:11:40.456 [info] > git rev-parse --show-toplevel [1ms]
2025-10-27 22:11:40.461 [info] > git rev-parse --show-toplevel [2ms]
2025-10-27 22:11:40.465 [info] > git rev-parse --show-toplevel [0ms]
2025-10-27 22:11:40.468 [info] > git rev-parse --show-toplevel [0ms]
2025-10-27 22:11:40.505 [info] > git rev-parse --show-toplevel [1ms]
2025-10-27 22:11:40.509 [info] > git rev-parse --show-toplevel [1ms]
2025-10-27 22:11:40.513 [info] > git rev-parse --show-toplevel [1ms]
2025-10-27 22:11:40.517 [info] > git rev-parse --show-toplevel [1ms]
2025-10-27 22:11:40.521 [info] > git rev-parse --show-toplevel [1ms]
2025-10-27 22:11:40.524 [info] > git rev-parse --show-toplevel [1ms]
2025-10-27 22:11:40.529 [info] > git rev-parse --show-toplevel [1ms]
2025-10-27 22:11:40.532 [info] > git rev-parse --show-toplevel [1ms]
2025-10-27 22:11:40.537 [info] > git rev-parse --show-toplevel [1ms]
2025-10-27 22:11:40.541 [info] > git rev-parse --show-toplevel [1ms]
2025-10-27 22:11:40.545 [info] > git rev-parse --show-toplevel [1ms]
2025-10-27 22:11:40.550 [info] > git rev-parse --git-dir --git-common-dir --show-superproject-working-tree [2ms]
2025-10-27 22:11:40.555 [info] [Model][openRepository] Opened repository (path): /home/shiri/.config/quickshell-examples
2025-10-27 22:11:40.556 [info] [Model][openRepository] Opened repository (real path): /home/shiri/.config/quickshell-examples
2025-10-27 22:11:40.556 [info] [Model][openRepository] Opened repository (kind): repository
2025-10-27 22:11:40.565 [info] > git rev-parse --show-toplevel [1ms]
2025-10-27 22:11:40.566 [info] [Model][doInitialScan] Initial repository scan completed - repositories (2), closed repositories (0), parent repositories (0), unsafe repositories (0)
2025-10-27 22:11:40.575 [info] > git config --get commit.template [15ms]
2025-10-27 22:11:40.576 [info] > git show --textconv :quickshell/pc/shell.qml [6ms]
2025-10-27 22:11:40.576 [info] > git ls-files --stage -- quickshell/pc/shell.qml [2ms]
2025-10-27 22:11:40.585 [info] > git cat-file -s a77a5ca9607bfb8130df62642ecf5172c48e3ad3 [6ms]
2025-10-27 22:11:40.586 [info] > git for-each-ref --format=%(refname)%00%(upstream:short)%00%(objectname)%00%(upstream:track)%00%(upstream:remotename)%00%(upstream:remoteref) refs/heads/master refs/remotes/master [1ms]
2025-10-27 22:11:40.590 [warning] [Git][revParse] Unable to read file: ENOENT: no such file or directory, open '/home/shiri/.config/quickshell-examples/.git/refs/remotes/origin/master'
2025-10-27 22:11:40.591 [info] > git rev-parse refs/remotes/origin/master [1ms]
2025-10-27 22:11:40.598 [info] > git status -z -uall [4ms]
2025-10-27 22:11:40.598 [info] > git for-each-ref --sort -committerdate --format %(refname)%00%(objectname)%00%(*objectname) [1ms]
2025-10-27 22:11:40.609 [info] > git for-each-ref --format=%(refname)%00%(upstream:short)%00%(objectname)%00%(upstream:track)%00%(upstream:remotename)%00%(upstream:remoteref) refs/heads/master refs/remotes/master [4ms]
2025-10-27 22:11:40.614 [info] > git config --get --local branch.master.vscode-merge-base [2ms]
2025-10-27 22:11:40.617 [info] > git config --get commit.template [8ms]
2025-10-27 22:11:40.621 [info] > git for-each-ref --format=%(refname)%00%(upstream:short)%00%(objectname)%00%(upstream:track)%00%(upstream:remotename)%00%(upstream:remoteref) refs/heads/origin/master refs/remotes/origin/master [4ms]
2025-10-27 22:11:40.633 [info] > git for-each-ref --format=%(refname)%00%(upstream:short)%00%(objectname)%00%(upstream:track)%00%(upstream:remotename)%00%(upstream:remoteref) refs/heads/master refs/remotes/master [12ms]
2025-10-27 22:11:40.636 [warning] [Git][revParse] Unable to read file: ENOENT: no such file or directory, open '/home/shiri/.config/quickshell-examples/.git/refs/remotes/origin/master'
2025-10-27 22:11:40.636 [info] > git blame --root --incremental 6ebe693ae6d9931147334bff911124e3eb4a8505 -- quickshell/pc/shell.qml [7ms]
2025-10-27 22:11:40.644 [info] > git merge-base refs/heads/master refs/remotes/origin/master [19ms]
2025-10-27 22:11:40.648 [info] > git rev-parse refs/remotes/origin/master [12ms]
2025-10-27 22:11:40.656 [info] > git status -z -uall [4ms]
2025-10-27 22:11:40.657 [info] > git diff --name-status -z --diff-filter=ADMR c6d1236efe265ae34e8c78a27ee9e196ea19d895...refs/remotes/origin/master [9ms]
2025-10-27 22:11:40.657 [info] > git for-each-ref --sort -committerdate --format %(refname)%00%(objectname)%00%(*objectname) [2ms]
2025-10-27 22:11:41.370 [info] > git check-ignore -v -z --stdin [6ms]
2025-10-27 22:11:41.371 [info] > git check-ignore -v -z --stdin [3ms]
2025-10-27 22:11:48.758 [info] > git config --get commit.template [14ms]
2025-10-27 22:11:48.761 [info] > git for-each-ref --format=%(refname)%00%(upstream:short)%00%(objectname)%00%(upstream:track)%00%(upstream:remotename)%00%(upstream:remoteref) refs/heads/main refs/remotes/main [5ms]
2025-10-27 22:11:48.784 [info] > git status -z -uall [12ms]
2025-10-27 22:11:48.784 [info] > git for-each-ref --sort -committerdate --format %(refname)%00%(objectname)%00%(*objectname) [3ms]
2025-10-27 22:11:50.650 [info] > git check-ignore -v -z --stdin [2ms]
2025-10-27 22:11:52.406 [info] > git check-ignore -v -z --stdin [4ms]
2025-10-27 22:11:53.817 [info] > git config --get commit.template [10ms]
2025-10-27 22:11:53.818 [info] > git for-each-ref --format=%(refname)%00%(upstream:short)%00%(objectname)%00%(upstream:track)%00%(upstream:remotename)%00%(upstream:remoteref) refs/heads/main refs/remotes/main [2ms]
2025-10-27 22:11:53.830 [info] > git status -z -uall [6ms]
2025-10-27 22:11:53.830 [info] > git for-each-ref --sort -committerdate --format %(refname)%00%(objectname)%00%(*objectname) [1ms]
2025-10-27 22:11:55.871 [info] > git check-ignore -v -z --stdin [1ms]
2025-10-27 22:11:56.115 [info] > git log --format=%H%n%aN%n%aE%n%at%n%ct%n%P%n%D%n%B -z --shortstat --diff-merges=first-parent -n50 --skip=0 --topo-order --decorate=full --stdin [862ms]
2025-10-27 22:11:58.850 [info] > git config --get commit.template [4ms]
2025-10-27 22:11:58.851 [info] > git for-each-ref --format=%(refname)%00%(upstream:short)%00%(objectname)%00%(upstream:track)%00%(upstream:remotename)%00%(upstream:remoteref) refs/heads/main refs/remotes/main [1ms]
2025-10-27 22:11:58.859 [info] > git status -z -uall [5ms]
2025-10-27 22:11:58.860 [info] > git for-each-ref --sort -committerdate --format %(refname)%00%(objectname)%00%(*objectname) [2ms]
2025-10-27 22:12:03.037 [info] > git add -A -- . [212ms]
2025-10-27 22:12:03.053 [info] > git -c user.useConfigOnly=true commit --quiet --allow-empty-message --file - [13ms]
2025-10-27 22:12:03.057 [info] > git config --get commit.template [1ms]
2025-10-27 22:12:03.063 [info] > git config --get commit.template [1ms]
2025-10-27 22:12:03.068 [info] > git for-each-ref --format=%(refname)%00%(upstream:short)%00%(objectname)%00%(upstream:track)%00%(upstream:remotename)%00%(upstream:remoteref) refs/heads/main refs/remotes/main [2ms]
2025-10-27 22:12:03.077 [info] > git status -z -uall [6ms]
2025-10-27 22:12:03.077 [info] > git for-each-ref --sort -committerdate --format %(refname)%00%(objectname)%00%(*objectname) [2ms]
2025-10-27 22:12:03.093 [info] > git merge-base refs/heads/main refs/remotes/pixelcute-dots/main [3ms]
2025-10-27 22:12:03.097 [info] > git blame --root --incremental 8367cbae4a86733c835767232499127b5f1516a8 -- quickshell/pc/shell.qml [12ms]
2025-10-27 22:12:03.099 [info] > git diff --name-status -z --diff-filter=ADMR 6ebe693ae6d9931147334bff911124e3eb4a8505...refs/remotes/pixelcute-dots/main [2ms]
2025-10-27 22:12:03.147 [info] > git config --get commit.template [5ms]
2025-10-27 22:12:03.148 [info] > git for-each-ref --format=%(refname)%00%(upstream:short)%00%(objectname)%00%(upstream:track)%00%(upstream:remotename)%00%(upstream:remoteref) refs/heads/main refs/remotes/main [2ms]
2025-10-27 22:12:03.159 [info] > git status -z -uall [6ms]
2025-10-27 22:12:03.160 [info] > git for-each-ref --sort -committerdate --format %(refname)%00%(objectname)%00%(*objectname) [1ms]
2025-10-27 22:12:03.818 [info] > git check-ignore -v -z --stdin [1ms]
2025-10-27 22:12:03.872 [info] > git config --get commit.template [3ms]
2025-10-27 22:12:03.873 [info] > git for-each-ref --format=%(refname)%00%(upstream:short)%00%(objectname)%00%(upstream:track)%00%(upstream:remotename)%00%(upstream:remoteref) refs/heads/main refs/remotes/main [1ms]
2025-10-27 22:12:03.883 [info] > git status -z -uall [5ms]
2025-10-27 22:12:03.883 [info] > git for-each-ref --sort -committerdate --format %(refname)%00%(objectname)%00%(*objectname) [1ms]
2025-10-27 22:12:04.028 [info] > git log --format=%H%n%aN%n%aE%n%at%n%ct%n%P%n%D%n%B -z --shortstat --diff-merges=first-parent -n50 --skip=0 --topo-order --decorate=full --stdin [909ms]
2025-10-27 22:12:04.433 [info] > git ls-files --stage -- quickshell/pc/shell.qml [4ms]
2025-10-27 22:12:04.446 [info] > git cat-file -s a77a5ca9607bfb8130df62642ecf5172c48e3ad3 [4ms]
2025-10-27 22:12:04.464 [info] > git show --textconv :quickshell/pc/shell.qml [5ms]
2025-10-27 22:12:08.901 [info] > git config --get commit.template [5ms]
2025-10-27 22:12:08.901 [info] > git for-each-ref --format=%(refname)%00%(upstream:short)%00%(objectname)%00%(upstream:track)%00%(upstream:remotename)%00%(upstream:remoteref) refs/heads/main refs/remotes/main [1ms]
2025-10-27 22:12:08.910 [info] > git for-each-ref --sort -committerdate --format %(refname)%00%(objectname)%00%(*objectname) [1ms]
2025-10-27 22:12:08.910 [info] > git status -z -uall [5ms]
2025-10-27 22:12:13.940 [info] > git config --get commit.template [15ms]
2025-10-27 22:12:13.944 [info] > git for-each-ref --format=%(refname)%00%(upstream:short)%00%(objectname)%00%(upstream:track)%00%(upstream:remotename)%00%(upstream:remoteref) refs/heads/main refs/remotes/main [6ms]
2025-10-27 22:12:13.962 [info] > git for-each-ref --sort -committerdate --format %(refname)%00%(objectname)%00%(*objectname) [2ms]
2025-10-27 22:12:13.963 [info] > git status -z -uall [9ms]
2025-10-27 22:12:14.629 [info] > git check-ignore -v -z --stdin [1ms]
2025-10-27 22:12:18.384 [info] > git add -A -- . [10ms]
2025-10-27 22:12:18.399 [info] > git -c user.useConfigOnly=true commit --quiet --allow-empty-message --file - [10ms]
2025-10-27 22:12:18.404 [info] > git config --get commit.template [1ms]
2025-10-27 22:12:18.411 [info] > git config --get commit.template [1ms]
2025-10-27 22:12:18.417 [info] > git for-each-ref --format=%(refname)%00%(upstream:short)%00%(objectname)%00%(upstream:track)%00%(upstream:remotename)%00%(upstream:remoteref) refs/heads/main refs/remotes/main [2ms]
2025-10-27 22:12:18.427 [info] > git status -z -uall [5ms]
2025-10-27 22:12:18.428 [info] > git for-each-ref --sort -committerdate --format %(refname)%00%(objectname)%00%(*objectname) [1ms]
2025-10-27 22:12:18.444 [info] > git merge-base refs/heads/main refs/remotes/pixelcute-dots/main [3ms]
2025-10-27 22:12:18.450 [info] > git blame --root --incremental 5974386b9e4b2a17386c975de1eca1912d6f3abc -- quickshell/pc/shell.qml [14ms]
2025-10-27 22:12:18.452 [info] > git diff --name-status -z --diff-filter=ADMR 6ebe693ae6d9931147334bff911124e3eb4a8505...refs/remotes/pixelcute-dots/main [2ms]
2025-10-27 22:12:18.486 [info] > git config --get commit.template [7ms]
2025-10-27 22:12:18.487 [info] > git for-each-ref --format=%(refname)%00%(upstream:short)%00%(objectname)%00%(upstream:track)%00%(upstream:remotename)%00%(upstream:remoteref) refs/heads/main refs/remotes/main [2ms]
2025-10-27 22:12:18.500 [info] > git status -z -uall [6ms]
2025-10-27 22:12:18.502 [info] > git for-each-ref --sort -committerdate --format %(refname)%00%(objectname)%00%(*objectname) [2ms]
2025-10-27 22:12:19.363 [info] > git log --format=%H%n%aN%n%aE%n%at%n%ct%n%P%n%D%n%B -z --shortstat --diff-merges=first-parent -n50 --skip=0 --topo-order --decorate=full --stdin [897ms]
2025-10-27 22:12:19.656 [info] > git config --get commit.template [12ms]
2025-10-27 22:12:19.658 [info] > git for-each-ref --format=%(refname)%00%(upstream:short)%00%(objectname)%00%(upstream:track)%00%(upstream:remotename)%00%(upstream:remoteref) refs/heads/main refs/remotes/main [4ms]
2025-10-27 22:12:19.670 [info] > git status -z -uall [6ms]
2025-10-27 22:12:19.671 [info] > git for-each-ref --sort -committerdate --format %(refname)%00%(objectname)%00%(*objectname) [1ms]
2025-10-27 22:12:19.737 [info] > git ls-files --stage -- quickshell/pc/shell.qml [2ms]
2025-10-27 22:12:19.743 [info] > git cat-file -s a77a5ca9607bfb8130df62642ecf5172c48e3ad3 [2ms]
2025-10-27 22:12:19.751 [info] > git show --textconv :quickshell/pc/shell.qml [2ms]
2025-10-27 22:12:24.701 [info] > git config --get commit.template [15ms]
2025-10-27 22:12:24.705 [info] > git for-each-ref --format=%(refname)%00%(upstream:short)%00%(objectname)%00%(upstream:track)%00%(upstream:remotename)%00%(upstream:remoteref) refs/heads/main refs/remotes/main [6ms]
2025-10-27 22:12:24.724 [info] > git status -z -uall [10ms]
2025-10-27 22:12:24.725 [info] > git for-each-ref --sort -committerdate --format %(refname)%00%(objectname)%00%(*objectname) [3ms]
