2025-10-26 15:13:07.873 [info] Extension host with pid 13923 started
2025-10-26 15:13:07.873 [info] Skipping acquiring lock for /home/shiri/.config/VSCodium/User/workspaceStorage/d89d349f012ed886895eb764ef594d35.
2025-10-26 15:13:08.129 [info] ExtensionService#_doActivateExtension vscode.emmet, startup: false, activationEvent: 'onLanguage'
2025-10-26 15:13:08.154 [info] ExtensionService#_doActivateExtension vscode.extension-editing, startup: false, activationEvent: 'onLanguage:markdown'
2025-10-26 15:13:08.173 [info] ExtensionService#_doActivateExtension vscode.markdown-language-features, startup: false, activationEvent: 'onLanguage:markdown'
2025-10-26 15:13:08.551 [info] ExtensionService#_doActivateExtension vscode.git-base, startup: true, activationEvent: '*', root cause: vscode.git
2025-10-26 15:13:08.685 [info] ExtensionService#_doActivateExtension vscode.markdown-math, startup: false, activationEvent: 'api', root cause: vscode.markdown-language-features
2025-10-26 15:13:08.705 [info] ExtensionService#_doActivateExtension vscode.git, startup: true, activationEvent: '*'
2025-10-26 15:13:08.769 [info] ExtensionService#_doActivateExtension vscode.github, startup: true, activationEvent: '*'
2025-10-26 15:13:09.000 [info] Eager extensions activated
2025-10-26 15:13:09.127 [info] ExtensionService#_doActivateExtension vscode.debug-auto-launch, startup: false, activationEvent: 'onStartupFinished'
2025-10-26 15:13:09.131 [info] ExtensionService#_doActivateExtension vscode.merge-conflict, startup: false, activationEvent: 'onStartupFinished'
2025-10-26 15:13:09.153 [info] ExtensionService#_doActivateExtension vadimcn.vscode-lldb, startup: false, activationEvent: 'onStartupFinished'
2025-10-26 15:13:09.309 [info] ExtensionService#_doActivateExtension vscode.github-authentication, startup: false, activationEvent: 'onAuthenticationRequest:github'
2025-10-26 15:13:19.970 [info] ExtensionService#_doActivateExtension theqtcompany.qt-core, startup: false, activationEvent: 'onLanguage:qml', root cause: theqtcompany.qt-qml
2025-10-26 15:13:20.070 [info] ExtensionService#_doActivateExtension theqtcompany.qt-qml, startup: false, activationEvent: 'onLanguage:qml'
2025-10-26 15:13:21.350 [error] Error: write EPIPE
	at afterWriteDispatched (node:internal/stream_base_commons:159:15)
	at writeGeneric (node:internal/stream_base_commons:150:3)
	at Socket._writeGeneric (node:net:966:11)
	at Socket._write (node:net:978:8)
	at writeOrBuffer (node:internal/streams/writable:572:12)
	at _write (node:internal/streams/writable:501:10)
	at Writable.write (node:internal/streams/writable:510:10)
	at /home/shiri/.vscode-oss/extensions/theqtcompany.qt-qml-1.8.0-universal/out/extension.js:77:14145
	at new Promise (<anonymous>)
	at uA.write (/home/shiri/.vscode-oss/extensions/theqtcompany.qt-qml-1.8.0-universal/out/extension.js:77:14066)
	at T0.doWrite (/home/shiri/.vscode-oss/extensions/theqtcompany.qt-qml-1.8.0-universal/out/extension.js:49:1627)
	at /home/shiri/.vscode-oss/extensions/theqtcompany.qt-qml-1.8.0-universal/out/extension.js:49:1526
2025-10-26 15:13:21.351 [error] Error: Client is not running and can't be stopped. It's current state is: starting
	at Pq.shutdown (/home/shiri/.vscode-oss/extensions/theqtcompany.qt-qml-1.8.0-universal/out/extension.js:87:8500)
	at Pq.stop (/home/shiri/.vscode-oss/extensions/theqtcompany.qt-qml-1.8.0-universal/out/extension.js:87:8079)
	at Pq.stop (/home/shiri/.vscode-oss/extensions/theqtcompany.qt-qml-1.8.0-universal/out/extension.js:90:31098)
	at Pq.doInitialize (/home/shiri/.vscode-oss/extensions/theqtcompany.qt-qml-1.8.0-universal/out/extension.js:87:7904)
	at process.processTicksAndRejections (node:internal/process/task_queues:105:5)
	at async Pq.start (/home/shiri/.vscode-oss/extensions/theqtcompany.qt-qml-1.8.0-universal/out/extension.js:87:4473)
2025-10-26 15:13:21.356 [error] Error: Cannot call write after a stream was destroyed
	at _write (node:internal/streams/writable:491:11)
	at Writable.write (node:internal/streams/writable:510:10)
	at /home/shiri/.vscode-oss/extensions/theqtcompany.qt-qml-1.8.0-universal/out/extension.js:77:14145
	at new Promise (<anonymous>)
	at uA.write (/home/shiri/.vscode-oss/extensions/theqtcompany.qt-qml-1.8.0-universal/out/extension.js:77:14066)
	at T0.doWrite (/home/shiri/.vscode-oss/extensions/theqtcompany.qt-qml-1.8.0-universal/out/extension.js:49:1627)
	at /home/shiri/.vscode-oss/extensions/theqtcompany.qt-qml-1.8.0-universal/out/extension.js:49:1526
2025-10-26 15:13:21.357 [error] Error: Client is not running and can't be stopped. It's current state is: starting
	at Pq.shutdown (/home/shiri/.vscode-oss/extensions/theqtcompany.qt-qml-1.8.0-universal/out/extension.js:87:8500)
	at Pq.stop (/home/shiri/.vscode-oss/extensions/theqtcompany.qt-qml-1.8.0-universal/out/extension.js:87:8079)
	at Pq.stop (/home/shiri/.vscode-oss/extensions/theqtcompany.qt-qml-1.8.0-universal/out/extension.js:90:31098)
	at Pq.doInitialize (/home/shiri/.vscode-oss/extensions/theqtcompany.qt-qml-1.8.0-universal/out/extension.js:87:7904)
	at process.processTicksAndRejections (node:internal/process/task_queues:105:5)
	at async Pq.start (/home/shiri/.vscode-oss/extensions/theqtcompany.qt-qml-1.8.0-universal/out/extension.js:87:4473)
2025-10-26 15:13:21.361 [error] Error: write EPIPE
	at afterWriteDispatched (node:internal/stream_base_commons:159:15)
	at writeGeneric (node:internal/stream_base_commons:150:3)
	at Socket._writeGeneric (node:net:966:11)
	at Socket._write (node:net:978:8)
	at writeOrBuffer (node:internal/streams/writable:572:12)
	at _write (node:internal/streams/writable:501:10)
	at Writable.write (node:internal/streams/writable:510:10)
	at /home/shiri/.vscode-oss/extensions/theqtcompany.qt-qml-1.8.0-universal/out/extension.js:77:14145
	at new Promise (<anonymous>)
	at uA.write (/home/shiri/.vscode-oss/extensions/theqtcompany.qt-qml-1.8.0-universal/out/extension.js:77:14066)
	at T0.doWrite (/home/shiri/.vscode-oss/extensions/theqtcompany.qt-qml-1.8.0-universal/out/extension.js:49:1627)
	at /home/shiri/.vscode-oss/extensions/theqtcompany.qt-qml-1.8.0-universal/out/extension.js:49:1526
2025-10-26 15:13:21.361 [error] Error: Client is not running and can't be stopped. It's current state is: starting
	at Pq.shutdown (/home/shiri/.vscode-oss/extensions/theqtcompany.qt-qml-1.8.0-universal/out/extension.js:87:8500)
	at Pq.stop (/home/shiri/.vscode-oss/extensions/theqtcompany.qt-qml-1.8.0-universal/out/extension.js:87:8079)
	at Pq.stop (/home/shiri/.vscode-oss/extensions/theqtcompany.qt-qml-1.8.0-universal/out/extension.js:90:31098)
	at Pq.doInitialize (/home/shiri/.vscode-oss/extensions/theqtcompany.qt-qml-1.8.0-universal/out/extension.js:87:7904)
	at process.processTicksAndRejections (node:internal/process/task_queues:105:5)
	at async Pq.start (/home/shiri/.vscode-oss/extensions/theqtcompany.qt-qml-1.8.0-universal/out/extension.js:87:4473)
2025-10-26 15:13:21.367 [error] Error: Cannot call write after a stream was destroyed
	at _write (node:internal/streams/writable:491:11)
	at Writable.write (node:internal/streams/writable:510:10)
	at /home/shiri/.vscode-oss/extensions/theqtcompany.qt-qml-1.8.0-universal/out/extension.js:77:14145
	at new Promise (<anonymous>)
	at uA.write (/home/shiri/.vscode-oss/extensions/theqtcompany.qt-qml-1.8.0-universal/out/extension.js:77:14066)
	at T0.doWrite (/home/shiri/.vscode-oss/extensions/theqtcompany.qt-qml-1.8.0-universal/out/extension.js:49:1627)
	at /home/shiri/.vscode-oss/extensions/theqtcompany.qt-qml-1.8.0-universal/out/extension.js:49:1526
2025-10-26 15:13:21.367 [error] Error: Client is not running and can't be stopped. It's current state is: starting
	at Pq.shutdown (/home/shiri/.vscode-oss/extensions/theqtcompany.qt-qml-1.8.0-universal/out/extension.js:87:8500)
	at Pq.stop (/home/shiri/.vscode-oss/extensions/theqtcompany.qt-qml-1.8.0-universal/out/extension.js:87:8079)
	at Pq.stop (/home/shiri/.vscode-oss/extensions/theqtcompany.qt-qml-1.8.0-universal/out/extension.js:90:31098)
	at Pq.doInitialize (/home/shiri/.vscode-oss/extensions/theqtcompany.qt-qml-1.8.0-universal/out/extension.js:87:7904)
	at process.processTicksAndRejections (node:internal/process/task_queues:105:5)
	at async Pq.start (/home/shiri/.vscode-oss/extensions/theqtcompany.qt-qml-1.8.0-universal/out/extension.js:87:4473)
2025-10-26 15:13:21.372 [error] Error: write EPIPE
	at afterWriteDispatched (node:internal/stream_base_commons:159:15)
	at writeGeneric (node:internal/stream_base_commons:150:3)
	at Socket._writeGeneric (node:net:966:11)
	at Socket._write (node:net:978:8)
	at writeOrBuffer (node:internal/streams/writable:572:12)
	at _write (node:internal/streams/writable:501:10)
	at Writable.write (node:internal/streams/writable:510:10)
	at /home/shiri/.vscode-oss/extensions/theqtcompany.qt-qml-1.8.0-universal/out/extension.js:77:14145
	at new Promise (<anonymous>)
	at uA.write (/home/shiri/.vscode-oss/extensions/theqtcompany.qt-qml-1.8.0-universal/out/extension.js:77:14066)
	at T0.doWrite (/home/shiri/.vscode-oss/extensions/theqtcompany.qt-qml-1.8.0-universal/out/extension.js:49:1627)
	at /home/shiri/.vscode-oss/extensions/theqtcompany.qt-qml-1.8.0-universal/out/extension.js:49:1526
2025-10-26 15:13:21.373 [error] Error: Client is not running and can't be stopped. It's current state is: starting
	at Pq.shutdown (/home/shiri/.vscode-oss/extensions/theqtcompany.qt-qml-1.8.0-universal/out/extension.js:87:8500)
	at Pq.stop (/home/shiri/.vscode-oss/extensions/theqtcompany.qt-qml-1.8.0-universal/out/extension.js:87:8079)
	at Pq.stop (/home/shiri/.vscode-oss/extensions/theqtcompany.qt-qml-1.8.0-universal/out/extension.js:90:31098)
	at Pq.doInitialize (/home/shiri/.vscode-oss/extensions/theqtcompany.qt-qml-1.8.0-universal/out/extension.js:87:7904)
	at process.processTicksAndRejections (node:internal/process/task_queues:105:5)
	at async Pq.start (/home/shiri/.vscode-oss/extensions/theqtcompany.qt-qml-1.8.0-universal/out/extension.js:87:4473)
2025-10-26 15:13:25.175 [warning] The task [Qt, Acquire Port] uses an undefined task type. The task will be ignored in the future.
2025-10-26 15:13:29.357 [info] ExtensionService#_doActivateExtension vscode.media-preview, startup: false, activationEvent: 'onCustomEditor:imagePreview.previewEditor'
2025-10-26 15:30:12.361 [info] Extension host terminating: renderer closed the MessagePort
2025-10-26 15:30:12.390 [info] Extension host with pid 13923 exiting with code 0
