2025-10-26 15:53:09.559 [info] [main] Log level: Info
2025-10-26 15:53:09.559 [info] [main] Validating found git in: "git"
2025-10-26 15:53:09.559 [info] [main] Using git "2.51.1" from "git"
2025-10-26 15:53:09.559 [info] [Model][doInitialScan] Initial repository scan started
2025-10-26 15:53:09.559 [info] > git rev-parse --show-toplevel [5ms]
2025-10-26 15:53:09.559 [info] > git rev-parse --git-dir --git-common-dir --show-superproject-working-tree [5ms]
2025-10-26 15:53:09.559 [info] [Model][openRepository] Opened repository (path): /home/shiri/.config
2025-10-26 15:53:09.559 [info] [Model][openRepository] Opened repository (real path): /home/shiri/.config
2025-10-26 15:53:09.559 [info] [Model][openRepository] Opened repository (kind): repository
2025-10-26 15:53:09.559 [info] > git rev-parse --show-toplevel [2ms]
2025-10-26 15:53:09.559 [info] > git config --get commit.template [5ms]
2025-10-26 15:53:09.559 [info] > git for-each-ref --format=%(refname)%00%(upstream:short)%00%(objectname)%00%(upstream:track)%00%(upstream:remotename)%00%(upstream:remoteref) refs/heads/main refs/remotes/main [3ms]
2025-10-26 15:53:09.559 [info] > git status -z -uall [8ms]
2025-10-26 15:53:09.559 [info] > git for-each-ref --sort -committerdate --format %(refname)%00%(objectname)%00%(*objectname) [7ms]
2025-10-26 15:53:09.559 [info] > git for-each-ref --format=%(refname)%00%(upstream:short)%00%(objectname)%00%(upstream:track)%00%(upstream:remotename)%00%(upstream:remoteref) refs/heads/main refs/remotes/main [15ms]
2025-10-26 15:53:09.559 [info] > git config --get --local branch.main.vscode-merge-base [54ms]
2025-10-26 15:53:09.563 [info] > git for-each-ref --format=%(refname)%00%(upstream:short)%00%(objectname)%00%(upstream:track)%00%(upstream:remotename)%00%(upstream:remoteref) refs/heads/pixelcute-dots/main refs/remotes/pixelcute-dots/main [117ms]
2025-10-26 15:53:09.568 [info] > git config --get commit.template [126ms]
2025-10-26 15:53:09.594 [info] > git merge-base refs/heads/main refs/remotes/pixelcute-dots/main [27ms]
2025-10-26 15:53:09.618 [info] > git diff --name-status -z --diff-filter=ADMR 6ebe693ae6d9931147334bff911124e3eb4a8505...refs/remotes/pixelcute-dots/main [21ms]
2025-10-26 15:53:09.618 [info] > git rev-parse --show-toplevel [32ms]
2025-10-26 15:53:09.630 [info] > git for-each-ref --format=%(refname)%00%(upstream:short)%00%(objectname)%00%(upstream:track)%00%(upstream:remotename)%00%(upstream:remoteref) refs/heads/main refs/remotes/main [29ms]
2025-10-26 15:53:09.637 [info] > git rev-parse --show-toplevel [11ms]
2025-10-26 15:53:09.654 [info] > git rev-parse --show-toplevel [10ms]
2025-10-26 15:53:09.668 [info] > git status -z -uall [10ms]
2025-10-26 15:53:09.668 [info] > git for-each-ref --sort -committerdate --format %(refname)%00%(objectname)%00%(*objectname) [6ms]
2025-10-26 15:53:09.674 [info] > git rev-parse --show-toplevel [8ms]
2025-10-26 15:53:09.679 [info] > git rev-parse --show-toplevel [1ms]
2025-10-26 15:53:09.684 [info] > git rev-parse --show-toplevel [2ms]
2025-10-26 15:53:09.689 [info] > git rev-parse --show-toplevel [1ms]
2025-10-26 15:53:09.695 [info] > git rev-parse --show-toplevel [2ms]
2025-10-26 15:53:09.700 [info] > git rev-parse --show-toplevel [2ms]
2025-10-26 15:53:09.706 [info] > git rev-parse --show-toplevel [2ms]
2025-10-26 15:53:09.739 [info] > git rev-parse --show-toplevel [4ms]
2025-10-26 15:53:09.744 [info] > git rev-parse --show-toplevel [1ms]
2025-10-26 15:53:09.748 [info] > git rev-parse --show-toplevel [1ms]
2025-10-26 15:53:09.752 [info] > git rev-parse --show-toplevel [1ms]
2025-10-26 15:53:09.756 [info] > git rev-parse --show-toplevel [1ms]
2025-10-26 15:53:09.759 [info] > git rev-parse --show-toplevel [1ms]
2025-10-26 15:53:09.763 [info] > git rev-parse --show-toplevel [1ms]
2025-10-26 15:53:09.766 [info] > git rev-parse --show-toplevel [1ms]
2025-10-26 15:53:09.793 [info] > git rev-parse --show-toplevel [24ms]
2025-10-26 15:53:09.797 [info] > git rev-parse --show-toplevel [1ms]
2025-10-26 15:53:09.801 [info] > git rev-parse --show-toplevel [1ms]
2025-10-26 15:53:09.805 [info] > git rev-parse --show-toplevel [1ms]
2025-10-26 15:53:09.809 [info] > git rev-parse --show-toplevel [1ms]
2025-10-26 15:53:09.813 [info] > git rev-parse --show-toplevel [1ms]
2025-10-26 15:53:09.816 [info] > git rev-parse --show-toplevel [1ms]
2025-10-26 15:53:09.821 [info] > git rev-parse --git-dir --git-common-dir --show-superproject-working-tree [2ms]
2025-10-26 15:53:09.826 [info] [Model][openRepository] Opened repository (path): /home/shiri/.config/quickshell-examples
2025-10-26 15:53:09.826 [info] [Model][openRepository] Opened repository (real path): /home/shiri/.config/quickshell-examples
2025-10-26 15:53:09.826 [info] [Model][openRepository] Opened repository (kind): repository
2025-10-26 15:53:09.833 [info] > git rev-parse --show-toplevel [1ms]
2025-10-26 15:53:09.834 [info] [Model][doInitialScan] Initial repository scan completed - repositories (2), closed repositories (0), parent repositories (0), unsafe repositories (0)
2025-10-26 15:53:09.841 [info] > git config --get commit.template [12ms]
2025-10-26 15:53:09.843 [info] > git show --textconv :quickshell/pc/Wallpaper.qml [6ms]
2025-10-26 15:53:09.843 [info] > git ls-files --stage -- quickshell/pc/Wallpaper.qml [2ms]
2025-10-26 15:53:09.852 [info] > git cat-file -s 73a4774a4f08a9273e2c52965e44e152ae2aba47 [6ms]
2025-10-26 15:53:09.853 [info] > git for-each-ref --format=%(refname)%00%(upstream:short)%00%(objectname)%00%(upstream:track)%00%(upstream:remotename)%00%(upstream:remoteref) refs/heads/master refs/remotes/master [1ms]
2025-10-26 15:53:09.857 [warning] [Git][revParse] Unable to read file: ENOENT: no such file or directory, open '/home/shiri/.config/quickshell-examples/.git/refs/remotes/origin/master'
2025-10-26 15:53:09.858 [info] > git rev-parse refs/remotes/origin/master [1ms]
2025-10-26 15:53:09.867 [info] > git status -z -uall [4ms]
2025-10-26 15:53:09.868 [info] > git for-each-ref --sort -committerdate --format %(refname)%00%(objectname)%00%(*objectname) [2ms]
2025-10-26 15:53:09.879 [info] > git config --get commit.template [1ms]
2025-10-26 15:53:09.879 [info] > git for-each-ref --format=%(refname)%00%(upstream:short)%00%(objectname)%00%(upstream:track)%00%(upstream:remotename)%00%(upstream:remoteref) refs/heads/master refs/remotes/master [5ms]
2025-10-26 15:53:09.889 [info] > git config --get --local branch.master.vscode-merge-base [4ms]
2025-10-26 15:53:09.893 [info] > git for-each-ref --format=%(refname)%00%(upstream:short)%00%(objectname)%00%(upstream:track)%00%(upstream:remotename)%00%(upstream:remoteref) refs/heads/master refs/remotes/master [5ms]
2025-10-26 15:53:09.896 [warning] [Git][revParse] Unable to read file: ENOENT: no such file or directory, open '/home/shiri/.config/quickshell-examples/.git/refs/remotes/origin/master'
2025-10-26 15:53:09.896 [info] > git for-each-ref --format=%(refname)%00%(upstream:short)%00%(objectname)%00%(upstream:track)%00%(upstream:remotename)%00%(upstream:remoteref) refs/heads/origin/master refs/remotes/origin/master [4ms]
2025-10-26 15:53:09.902 [info] > git rev-parse refs/remotes/origin/master [6ms]
2025-10-26 15:53:09.910 [info] > git status -z -uall [5ms]
2025-10-26 15:53:09.910 [info] > git merge-base refs/heads/master refs/remotes/origin/master [10ms]
2025-10-26 15:53:09.915 [info] > git for-each-ref --sort -committerdate --format %(refname)%00%(objectname)%00%(*objectname) [6ms]
2025-10-26 15:53:09.925 [info] > git diff --name-status -z --diff-filter=ADMR c6d1236efe265ae34e8c78a27ee9e196ea19d895...refs/remotes/origin/master [11ms]
2025-10-26 15:53:09.926 [info] > git merge-base refs/heads/master refs/remotes/origin/master [6ms]
2025-10-26 15:53:09.930 [info] > git blame --root --incremental 6ebe693ae6d9931147334bff911124e3eb4a8505 -- quickshell/pc/Wallpaper.qml [6ms]
2025-10-26 15:53:09.931 [info] > git diff --name-status -z --diff-filter=ADMR c6d1236efe265ae34e8c78a27ee9e196ea19d895...refs/remotes/origin/master [2ms]
2025-10-26 15:53:10.358 [info] > git check-ignore -v -z --stdin [6ms]
2025-10-26 15:53:10.359 [info] > git check-ignore -v -z --stdin [3ms]
2025-10-26 15:53:11.133 [info] > git check-ignore -v -z --stdin [3ms]
2025-10-26 15:53:12.285 [info] > git config --get commit.template [12ms]
2025-10-26 15:53:12.288 [info] > git for-each-ref --format=%(refname)%00%(upstream:short)%00%(objectname)%00%(upstream:track)%00%(upstream:remotename)%00%(upstream:remoteref) refs/heads/main refs/remotes/main [5ms]
2025-10-26 15:53:12.311 [info] > git status -z -uall [13ms]
2025-10-26 15:53:12.315 [info] > git for-each-ref --sort -committerdate --format %(refname)%00%(objectname)%00%(*objectname) [8ms]
