2025-10-13 19:50:55.612 [info] Extension host with pid 9539 started
2025-10-13 19:50:55.612 [info] Skipping acquiring lock for /home/shiri/.config/VSCodium/User/workspaceStorage/15f7ee956e162cafaee220ee746a5d56.
2025-10-13 19:50:55.668 [info] ExtensionService#_doActivateExtension vscode.emmet, startup: false, activationEvent: 'onLanguage'
2025-10-13 19:50:55.723 [info] ExtensionService#_doActivateExtension vscode.git-base, startup: true, activationEvent: '*', root cause: vscode.git
2025-10-13 19:50:55.744 [info] ExtensionService#_doActivateExtension vscode.git, startup: true, activationEvent: '*'
2025-10-13 19:50:55.813 [info] ExtensionService#_doActivateExtension vscode.github, startup: true, activationEvent: '*'
2025-10-13 19:50:55.946 [info] Eager extensions activated
2025-10-13 19:50:55.977 [info] ExtensionService#_doActivateExtension vscode.debug-auto-launch, startup: false, activationEvent: 'onStartupFinished'
2025-10-13 19:50:55.980 [info] ExtensionService#_doActivateExtension vscode.merge-conflict, startup: false, activationEvent: 'onStartupFinished'
2025-10-13 19:51:20.838 [info] Extension host terminating: renderer closed the MessagePort
2025-10-13 19:51:20.853 [info] Extension host with pid 9539 exiting with code 0
2025-10-13 19:51:22.180 [info] Extension host with pid 9990 started
2025-10-13 19:51:22.180 [info] Skipping acquiring lock for /home/shiri/.config/VSCodium/User/workspaceStorage/dcbdb9992d7f8dbe35b4bea5c900df26.
2025-10-13 19:51:22.191 [info] ExtensionService#_doActivateExtension vscode.git-base, startup: true, activationEvent: '*', root cause: vscode.git
2025-10-13 19:51:22.205 [info] ExtensionService#_doActivateExtension vscode.git, startup: true, activationEvent: '*'
2025-10-13 19:51:22.257 [info] ExtensionService#_doActivateExtension vscode.github, startup: true, activationEvent: '*'
2025-10-13 19:51:22.274 [info] ExtensionService#_doActivateExtension theqtcompany.qt-core, startup: true, activationEvent: 'workspaceContains:*.qml,*.qmldir', root cause: theqtcompany.qt-qml
2025-10-13 19:51:22.482 [info] ExtensionService#_doActivateExtension theqtcompany.qt-qml, startup: true, activationEvent: 'workspaceContains:*.qml,*.qmldir'
2025-10-13 19:51:22.639 [info] Eager extensions activated
2025-10-13 19:51:22.652 [info] ExtensionService#_doActivateExtension vscode.debug-auto-launch, startup: false, activationEvent: 'onStartupFinished'
2025-10-13 19:51:22.655 [info] ExtensionService#_doActivateExtension vscode.merge-conflict, startup: false, activationEvent: 'onStartupFinished'
2025-10-13 19:51:24.654 [info] ExtensionService#_doActivateExtension vscode.emmet, startup: false, activationEvent: 'onLanguage'
2025-10-13 19:51:27.640 [warning] The task [Qt, Acquire Port] uses an undefined task type. The task will be ignored in the future.
2025-10-13 20:07:46.733 [info] Extension host terminating: renderer closed the MessagePort
2025-10-13 20:07:46.744 [info] Extension host with pid 9990 exiting with code 0
