2025-10-23 19:10:39.008 [info] [main] Log level: Info
2025-10-23 19:10:39.008 [info] [main] Validating found git in: "git"
2025-10-23 19:10:39.008 [info] [main] Using git "2.51.1" from "git"
2025-10-23 19:10:39.008 [info] [Model][doInitialScan] Initial repository scan started
2025-10-23 19:10:39.009 [info] > git rev-parse --show-toplevel [19ms]
2025-10-23 19:10:39.010 [info] > git rev-parse --git-dir --git-common-dir --show-superproject-working-tree [3ms]
2025-10-23 19:10:39.019 [info] [Model][openRepository] Opened repository (path): /home/shiri/.config
2025-10-23 19:10:39.020 [info] [Model][openRepository] Opened repository (real path): /home/shiri/.config
2025-10-23 19:10:39.020 [info] [Model][openRepository] Opened repository (kind): repository
2025-10-23 19:10:39.028 [info] > git config --get commit.template [2ms]
2025-10-23 19:10:39.033 [info] > git for-each-ref --format=%(refname)%00%(upstream:short)%00%(objectname)%00%(upstream:track)%00%(upstream:remotename)%00%(upstream:remoteref) refs/heads/main refs/remotes/main [2ms]
2025-10-23 19:10:39.045 [info] > git status -z -uall [6ms]
2025-10-23 19:10:39.072 [info] > git for-each-ref --sort -committerdate --format %(refname)%00%(objectname)%00%(*objectname) [28ms]
2025-10-23 19:10:39.114 [info] > git for-each-ref --format=%(refname)%00%(upstream:short)%00%(objectname)%00%(upstream:track)%00%(upstream:remotename)%00%(upstream:remoteref) refs/heads/main refs/remotes/main [20ms]
2025-10-23 19:10:39.136 [info] > git config --get --local branch.main.vscode-merge-base [19ms]
2025-10-23 19:10:39.140 [info] > git config --get commit.template [27ms]
2025-10-23 19:10:39.163 [info] > git for-each-ref --format=%(refname)%00%(upstream:short)%00%(objectname)%00%(upstream:track)%00%(upstream:remotename)%00%(upstream:remoteref) refs/heads/pixelcute-dots/main refs/remotes/pixelcute-dots/main [23ms]
2025-10-23 19:10:39.175 [info] > git merge-base refs/heads/main refs/remotes/pixelcute-dots/main [8ms]
2025-10-23 19:10:39.179 [info] > git for-each-ref --format=%(refname)%00%(upstream:short)%00%(objectname)%00%(upstream:track)%00%(upstream:remotename)%00%(upstream:remoteref) refs/heads/main refs/remotes/main [4ms]
2025-10-23 19:10:39.179 [info] > git rev-parse --show-toplevel [7ms]
2025-10-23 19:10:39.185 [info] > git diff --name-status -z --diff-filter=ADMR 6ebe693ae6d9931147334bff911124e3eb4a8505...refs/remotes/pixelcute-dots/main [7ms]
2025-10-23 19:10:39.186 [info] > git rev-parse --show-toplevel [2ms]
2025-10-23 19:10:39.196 [info] > git status -z -uall [4ms]
2025-10-23 19:10:39.197 [info] > git rev-parse --show-toplevel [8ms]
2025-10-23 19:10:39.200 [info] > git for-each-ref --sort -committerdate --format %(refname)%00%(objectname)%00%(*objectname) [5ms]
2025-10-23 19:10:39.203 [info] > git rev-parse --show-toplevel [3ms]
2025-10-23 19:10:39.209 [info] > git rev-parse --show-toplevel [1ms]
2025-10-23 19:10:39.212 [info] > git rev-parse --show-toplevel [0ms]
2025-10-23 19:10:39.216 [info] > git rev-parse --show-toplevel [1ms]
2025-10-23 19:10:39.219 [info] > git rev-parse --show-toplevel [1ms]
2025-10-23 19:10:39.222 [info] > git rev-parse --show-toplevel [1ms]
2025-10-23 19:10:39.226 [info] > git rev-parse --show-toplevel [1ms]
2025-10-23 19:10:39.229 [info] > git rev-parse --show-toplevel [1ms]
2025-10-23 19:10:39.233 [info] > git rev-parse --show-toplevel [1ms]
2025-10-23 19:10:39.236 [info] > git rev-parse --show-toplevel [1ms]
2025-10-23 19:10:39.241 [info] > git rev-parse --show-toplevel [1ms]
2025-10-23 19:10:39.245 [info] > git rev-parse --show-toplevel [1ms]
2025-10-23 19:10:39.249 [info] > git rev-parse --show-toplevel [1ms]
2025-10-23 19:10:39.253 [info] > git rev-parse --show-toplevel [1ms]
2025-10-23 19:10:39.257 [info] > git rev-parse --show-toplevel [1ms]
2025-10-23 19:10:39.261 [info] > git rev-parse --show-toplevel [1ms]
2025-10-23 19:10:39.264 [info] > git rev-parse --show-toplevel [1ms]
2025-10-23 19:10:39.268 [info] > git rev-parse --show-toplevel [1ms]
2025-10-23 19:10:39.273 [info] > git rev-parse --show-toplevel [1ms]
2025-10-23 19:10:39.276 [info] > git rev-parse --show-toplevel [1ms]
2025-10-23 19:10:39.279 [info] > git rev-parse --show-toplevel [1ms]
2025-10-23 19:10:39.283 [info] > git rev-parse --show-toplevel [1ms]
2025-10-23 19:10:39.287 [info] > git rev-parse --git-dir --git-common-dir --show-superproject-working-tree [2ms]
2025-10-23 19:10:39.292 [info] [Model][openRepository] Opened repository (path): /home/shiri/.config/quickshell-examples
2025-10-23 19:10:39.292 [info] [Model][openRepository] Opened repository (real path): /home/shiri/.config/quickshell-examples
2025-10-23 19:10:39.292 [info] [Model][openRepository] Opened repository (kind): repository
2025-10-23 19:10:39.300 [info] > git rev-parse --show-toplevel [2ms]
2025-10-23 19:10:39.300 [info] [Model][doInitialScan] Initial repository scan completed - repositories (2), closed repositories (0), parent repositories (0), unsafe repositories (0)
2025-10-23 19:10:39.301 [info] > git config --get commit.template [6ms]
2025-10-23 19:10:39.323 [info] > git for-each-ref --format=%(refname)%00%(upstream:short)%00%(objectname)%00%(upstream:track)%00%(upstream:remotename)%00%(upstream:remoteref) refs/heads/master refs/remotes/master [3ms]
2025-10-23 19:10:39.325 [warning] [Git][revParse] Unable to read file: ENOENT: no such file or directory, open '/home/shiri/.config/quickshell-examples/.git/refs/remotes/origin/master'
2025-10-23 19:10:39.326 [info] > git rev-parse refs/remotes/origin/master [1ms]
2025-10-23 19:10:39.333 [info] > git for-each-ref --sort -committerdate --format %(refname)%00%(objectname)%00%(*objectname) [2ms]
2025-10-23 19:10:39.336 [info] > git status -z -uall [7ms]
2025-10-23 19:10:39.346 [info] > git config --get commit.template [1ms]
2025-10-23 19:10:39.346 [info] > git for-each-ref --format=%(refname)%00%(upstream:short)%00%(objectname)%00%(upstream:track)%00%(upstream:remotename)%00%(upstream:remoteref) refs/heads/master refs/remotes/master [4ms]
2025-10-23 19:10:39.352 [info] > git config --get --local branch.master.vscode-merge-base [3ms]
2025-10-23 19:10:39.352 [warning] [Git][config] git config failed: Failed to execute git
2025-10-23 19:10:39.355 [info] > git for-each-ref --format=%(refname)%00%(upstream:short)%00%(objectname)%00%(upstream:track)%00%(upstream:remotename)%00%(upstream:remoteref) refs/heads/master refs/remotes/master [4ms]
2025-10-23 19:10:39.358 [warning] [Git][revParse] Unable to read file: ENOENT: no such file or directory, open '/home/shiri/.config/quickshell-examples/.git/refs/remotes/origin/master'
2025-10-23 19:10:39.358 [info] > git reflog master --grep-reflog=branch: Created from *. [3ms]
2025-10-23 19:10:39.361 [info] > git rev-parse refs/remotes/origin/master [3ms]
2025-10-23 19:10:39.366 [info] > git symbolic-ref --short refs/remotes/origin/HEAD [6ms]
2025-10-23 19:10:39.369 [info] > git status -z -uall [6ms]
2025-10-23 19:10:39.369 [info] > git for-each-ref --sort -committerdate --format %(refname)%00%(objectname)%00%(*objectname) [3ms]
2025-10-23 19:10:39.372 [info] > git for-each-ref --format=%(refname)%00%(upstream:short)%00%(objectname)%00%(upstream:track)%00%(upstream:remotename)%00%(upstream:remoteref) refs/heads/origin/master refs/remotes/origin/master [3ms]
2025-10-23 19:10:39.376 [info] > git config --add --local branch.master.vscode-merge-base origin/master [1ms]
2025-10-23 19:10:39.382 [info] > git config --get commit.template [3ms]
2025-10-23 19:10:39.383 [info] > git for-each-ref --format=%(refname)%00%(upstream:short)%00%(objectname)%00%(upstream:track)%00%(upstream:remotename)%00%(upstream:remoteref) refs/heads/master refs/remotes/master [2ms]
2025-10-23 19:10:39.385 [warning] [Git][revParse] Unable to read file: ENOENT: no such file or directory, open '/home/shiri/.config/quickshell-examples/.git/refs/remotes/origin/master'
2025-10-23 19:10:39.386 [info] > git rev-parse refs/remotes/origin/master [1ms]
2025-10-23 19:10:39.392 [info] > git status -z -uall [3ms]
2025-10-23 19:10:39.393 [info] > git for-each-ref --sort -committerdate --format %(refname)%00%(objectname)%00%(*objectname) [2ms]
2025-10-23 19:10:39.401 [info] > git merge-base refs/heads/master refs/remotes/origin/master [4ms]
2025-10-23 19:10:39.405 [info] > git merge-base refs/heads/master refs/remotes/origin/master [5ms]
2025-10-23 19:10:39.409 [info] > git diff --name-status -z --diff-filter=ADMR c6d1236efe265ae34e8c78a27ee9e196ea19d895...refs/remotes/origin/master [5ms]
2025-10-23 19:10:39.410 [info] > git diff --name-status -z --diff-filter=ADMR c6d1236efe265ae34e8c78a27ee9e196ea19d895...refs/remotes/origin/master [2ms]
2025-10-23 19:10:39.843 [info] > git check-ignore -v -z --stdin [14ms]
2025-10-23 19:10:39.845 [info] > git check-ignore -v -z --stdin [6ms]
2025-10-23 19:10:40.563 [info] > git config --get commit.template [11ms]
2025-10-23 19:10:40.566 [info] > git for-each-ref --format=%(refname)%00%(upstream:short)%00%(objectname)%00%(upstream:track)%00%(upstream:remotename)%00%(upstream:remoteref) refs/heads/master refs/remotes/master [4ms]
2025-10-23 19:10:40.572 [warning] [Git][revParse] Unable to read file: ENOENT: no such file or directory, open '/home/shiri/.config/quickshell-examples/.git/refs/remotes/origin/master'
2025-10-23 19:10:40.574 [info] > git rev-parse refs/remotes/origin/master [2ms]
2025-10-23 19:10:40.585 [info] > git status -z -uall [6ms]
2025-10-23 19:10:40.585 [info] > git for-each-ref --sort -committerdate --format %(refname)%00%(objectname)%00%(*objectname) [2ms]
2025-10-23 19:10:41.230 [info] > git config --get commit.template [8ms]
2025-10-23 19:10:41.231 [info] > git for-each-ref --format=%(refname)%00%(upstream:short)%00%(objectname)%00%(upstream:track)%00%(upstream:remotename)%00%(upstream:remoteref) refs/heads/main refs/remotes/main [2ms]
2025-10-23 19:10:41.246 [info] > git status -z -uall [8ms]
2025-10-23 19:10:41.248 [info] > git for-each-ref --sort -committerdate --format %(refname)%00%(objectname)%00%(*objectname) [4ms]
2025-10-23 19:10:42.692 [info] > git check-ignore -v -z --stdin [1ms]
2025-10-23 19:10:46.529 [info] > git config --get commit.template [7ms]
2025-10-23 19:10:46.531 [info] > git for-each-ref --format=%(refname)%00%(upstream:short)%00%(objectname)%00%(upstream:track)%00%(upstream:remotename)%00%(upstream:remoteref) refs/heads/main refs/remotes/main [3ms]
2025-10-23 19:10:46.541 [info] > git status -z -uall [5ms]
2025-10-23 19:10:46.543 [info] > git for-each-ref --sort -committerdate --format %(refname)%00%(objectname)%00%(*objectname) [2ms]
2025-10-23 19:10:47.828 [info] > git check-ignore -v -z --stdin [4ms]
2025-10-23 19:10:49.591 [info] > git show --textconv :quickshell/pc/Bar.qml [5ms]
2025-10-23 19:10:49.593 [info] > git ls-files --stage -- quickshell/pc/Bar.qml [2ms]
2025-10-23 19:10:49.599 [info] > git cat-file -s 05852ce9e2ffbed54783c6434bd16d2a7335962c [1ms]
2025-10-23 19:10:50.384 [info] > git check-ignore -v -z --stdin [5ms]
2025-10-23 19:10:51.334 [info] > git show --textconv :quickshell/pc/Launcher.qml [8ms]
2025-10-23 19:10:51.335 [info] > git ls-files --stage -- quickshell/pc/Launcher.qml [2ms]
2025-10-23 19:10:51.344 [info] > git cat-file -s e69de29bb2d1d6434b8b29ae775ad8c2e48c5391 [3ms]
2025-10-23 19:10:51.554 [info] > git config --get commit.template [4ms]
2025-10-23 19:10:51.555 [info] > git for-each-ref --format=%(refname)%00%(upstream:short)%00%(objectname)%00%(upstream:track)%00%(upstream:remotename)%00%(upstream:remoteref) refs/heads/main refs/remotes/main [2ms]
2025-10-23 19:10:51.563 [info] > git status -z -uall [6ms]
2025-10-23 19:10:51.564 [info] > git for-each-ref --sort -committerdate --format %(refname)%00%(objectname)%00%(*objectname) [2ms]
2025-10-23 19:10:51.904 [info] > git show --textconv :quickshell/pc/Bar.qml [9ms]
2025-10-23 19:10:51.905 [info] > git ls-files --stage -- quickshell/pc/Bar.qml [3ms]
2025-10-23 19:10:51.915 [info] > git cat-file -s 05852ce9e2ffbed54783c6434bd16d2a7335962c [4ms]
2025-10-23 19:10:52.266 [info] > git show --textconv :quickshell/pc/Lockscreen.qml [13ms]
2025-10-23 19:10:52.269 [info] > git ls-files --stage -- quickshell/pc/Lockscreen.qml [4ms]
2025-10-23 19:10:52.280 [info] > git cat-file -s e69de29bb2d1d6434b8b29ae775ad8c2e48c5391 [3ms]
2025-10-23 19:10:53.108 [info] > git show --textconv :quickshell/pc/Logout.qml [14ms]
2025-10-23 19:10:53.110 [info] > git ls-files --stage -- quickshell/pc/Logout.qml [4ms]
2025-10-23 19:10:53.115 [info] > git cat-file -s 98c90525eed195a3ab28dc5ed09a4f605201c682 [1ms]
2025-10-23 19:10:55.734 [info] > git show --textconv :quickshell/pc/shell.qml [5ms]
2025-10-23 19:10:55.735 [info] > git ls-files --stage -- quickshell/pc/shell.qml [2ms]
2025-10-23 19:10:55.739 [info] > git cat-file -s a77a5ca9607bfb8130df62642ecf5172c48e3ad3 [2ms]
2025-10-23 19:10:56.109 [info] > git show --textconv :quickshell/pc/LogoutButton.qml [4ms]
2025-10-23 19:10:56.109 [info] > git ls-files --stage -- quickshell/pc/LogoutButton.qml [1ms]
2025-10-23 19:10:56.114 [info] > git cat-file -s e1785a5099bab71eb51a96719a4be04d38c19908 [1ms]
2025-10-23 19:10:56.576 [info] > git config --get commit.template [5ms]
2025-10-23 19:10:56.577 [info] > git for-each-ref --format=%(refname)%00%(upstream:short)%00%(objectname)%00%(upstream:track)%00%(upstream:remotename)%00%(upstream:remoteref) refs/heads/main refs/remotes/main [1ms]
2025-10-23 19:10:56.587 [info] > git status -z -uall [3ms]
2025-10-23 19:10:56.588 [info] > git for-each-ref --sort -committerdate --format %(refname)%00%(objectname)%00%(*objectname) [2ms]
2025-10-23 19:10:56.740 [info] > git show --textconv :quickshell/pc/Logout.qml [4ms]
2025-10-23 19:10:56.741 [info] > git ls-files --stage -- quickshell/pc/Logout.qml [1ms]
2025-10-23 19:10:56.745 [info] > git cat-file -s 98c90525eed195a3ab28dc5ed09a4f605201c682 [1ms]
2025-10-23 19:10:57.304 [info] > git show --textconv :quickshell/pc/LogoutButton.qml [13ms]
2025-10-23 19:10:57.307 [info] > git ls-files --stage -- quickshell/pc/LogoutButton.qml [5ms]
2025-10-23 19:10:57.323 [info] > git cat-file -s e1785a5099bab71eb51a96719a4be04d38c19908 [4ms]
2025-10-23 19:11:00.674 [info] > git show --textconv :quickshell/pc/Logout.qml [5ms]
2025-10-23 19:11:00.675 [info] > git ls-files --stage -- quickshell/pc/Logout.qml [1ms]
2025-10-23 19:11:00.679 [info] > git cat-file -s 98c90525eed195a3ab28dc5ed09a4f605201c682 [1ms]
2025-10-23 19:11:01.600 [info] > git config --get commit.template [5ms]
2025-10-23 19:11:01.601 [info] > git for-each-ref --format=%(refname)%00%(upstream:short)%00%(objectname)%00%(upstream:track)%00%(upstream:remotename)%00%(upstream:remoteref) refs/heads/main refs/remotes/main [2ms]
2025-10-23 19:11:01.609 [info] > git status -z -uall [4ms]
2025-10-23 19:11:01.612 [info] > git for-each-ref --sort -committerdate --format %(refname)%00%(objectname)%00%(*objectname) [3ms]
2025-10-23 19:11:03.974 [info] > git show --textconv :quickshell/pc/LogoutButton.qml [14ms]
2025-10-23 19:11:03.978 [info] > git ls-files --stage -- quickshell/pc/LogoutButton.qml [5ms]
2025-10-23 19:11:03.994 [info] > git cat-file -s e1785a5099bab71eb51a96719a4be04d38c19908 [5ms]
2025-10-23 19:11:05.038 [info] > git blame --root --incremental 6ebe693ae6d9931147334bff911124e3eb4a8505 -- quickshell/pc/LogoutButton.qml [10ms]
2025-10-23 19:11:06.639 [info] > git config --get commit.template [11ms]
2025-10-23 19:11:06.642 [info] > git for-each-ref --format=%(refname)%00%(upstream:short)%00%(objectname)%00%(upstream:track)%00%(upstream:remotename)%00%(upstream:remoteref) refs/heads/main refs/remotes/main [4ms]
2025-10-23 19:11:06.665 [info] > git status -z -uall [12ms]
2025-10-23 19:11:06.668 [info] > git for-each-ref --sort -committerdate --format %(refname)%00%(objectname)%00%(*objectname) [5ms]
2025-10-23 19:11:08.159 [info] > git show --textconv :quickshell/pc/Logout.qml [5ms]
2025-10-23 19:11:08.160 [info] > git ls-files --stage -- quickshell/pc/Logout.qml [2ms]
2025-10-23 19:11:08.164 [info] > git cat-file -s 98c90525eed195a3ab28dc5ed09a4f605201c682 [1ms]
2025-10-23 19:11:11.698 [info] > git config --get commit.template [13ms]
2025-10-23 19:11:11.701 [info] > git for-each-ref --format=%(refname)%00%(upstream:short)%00%(objectname)%00%(upstream:track)%00%(upstream:remotename)%00%(upstream:remoteref) refs/heads/main refs/remotes/main [5ms]
2025-10-23 19:11:11.722 [info] > git status -z -uall [10ms]
2025-10-23 19:11:11.725 [info] > git for-each-ref --sort -committerdate --format %(refname)%00%(objectname)%00%(*objectname) [4ms]
2025-10-23 19:11:15.500 [info] > git blame --root --incremental 6ebe693ae6d9931147334bff911124e3eb4a8505 -- quickshell/pc/Logout.qml [4ms]
2025-10-23 19:11:19.601 [info] > git config --get commit.template [13ms]
2025-10-23 19:11:19.603 [info] > git for-each-ref --format=%(refname)%00%(upstream:short)%00%(objectname)%00%(upstream:track)%00%(upstream:remotename)%00%(upstream:remoteref) refs/heads/main refs/remotes/main [3ms]
2025-10-23 19:11:19.617 [info] > git status -z -uall [6ms]
2025-10-23 19:11:19.619 [info] > git for-each-ref --sort -committerdate --format %(refname)%00%(objectname)%00%(*objectname) [2ms]
2025-10-23 19:11:32.749 [info] > git config --get commit.template [12ms]
2025-10-23 19:11:32.753 [info] > git for-each-ref --format=%(refname)%00%(upstream:short)%00%(objectname)%00%(upstream:track)%00%(upstream:remotename)%00%(upstream:remoteref) refs/heads/main refs/remotes/main [5ms]
2025-10-23 19:11:32.780 [info] > git status -z -uall [15ms]
2025-10-23 19:11:32.780 [info] > git for-each-ref --sort -committerdate --format %(refname)%00%(objectname)%00%(*objectname) [5ms]
2025-10-23 19:11:37.814 [info] > git config --get commit.template [14ms]
2025-10-23 19:11:37.817 [info] > git for-each-ref --format=%(refname)%00%(upstream:short)%00%(objectname)%00%(upstream:track)%00%(upstream:remotename)%00%(upstream:remoteref) refs/heads/main refs/remotes/main [5ms]
2025-10-23 19:11:37.836 [info] > git status -z -uall [9ms]
2025-10-23 19:11:37.837 [info] > git for-each-ref --sort -committerdate --format %(refname)%00%(objectname)%00%(*objectname) [3ms]
2025-10-23 19:11:45.300 [info] > git config --get commit.template [14ms]
2025-10-23 19:11:45.303 [info] > git for-each-ref --format=%(refname)%00%(upstream:short)%00%(objectname)%00%(upstream:track)%00%(upstream:remotename)%00%(upstream:remoteref) refs/heads/main refs/remotes/main [4ms]
2025-10-23 19:11:45.315 [info] > git status -z -uall [5ms]
2025-10-23 19:11:45.317 [info] > git for-each-ref --sort -committerdate --format %(refname)%00%(objectname)%00%(*objectname) [2ms]
2025-10-23 19:11:50.327 [info] > git config --get commit.template [4ms]
2025-10-23 19:11:50.328 [info] > git for-each-ref --format=%(refname)%00%(upstream:short)%00%(objectname)%00%(upstream:track)%00%(upstream:remotename)%00%(upstream:remoteref) refs/heads/main refs/remotes/main [2ms]
2025-10-23 19:11:50.334 [info] > git status -z -uall [3ms]
2025-10-23 19:11:50.335 [info] > git for-each-ref --sort -committerdate --format %(refname)%00%(objectname)%00%(*objectname) [1ms]
2025-10-23 19:11:50.682 [info] > git show --textconv :quickshell/pc/LogoutButton.qml [11ms]
2025-10-23 19:11:50.684 [info] > git ls-files --stage -- quickshell/pc/LogoutButton.qml [4ms]
2025-10-23 19:11:50.690 [info] > git cat-file -s e1785a5099bab71eb51a96719a4be04d38c19908 [1ms]
2025-10-23 19:11:55.949 [info] > git show --textconv :quickshell/pc/Logout.qml [14ms]
2025-10-23 19:11:55.952 [info] > git ls-files --stage -- quickshell/pc/Logout.qml [4ms]
2025-10-23 19:11:55.961 [info] > git cat-file -s 98c90525eed195a3ab28dc5ed09a4f605201c682 [2ms]
2025-10-23 19:12:02.186 [info] > git show --textconv :quickshell/pc/LogoutButton.qml [14ms]
2025-10-23 19:12:02.189 [info] > git ls-files --stage -- quickshell/pc/LogoutButton.qml [5ms]
2025-10-23 19:12:02.197 [info] > git cat-file -s e1785a5099bab71eb51a96719a4be04d38c19908 [2ms]
2025-10-23 19:12:06.141 [info] > git show --textconv :quickshell/pc/LogoutButton [13ms]
2025-10-23 19:12:06.154 [info] > git ls-files --stage -- quickshell/pc/LogoutButton [15ms]
2025-10-23 19:12:06.167 [info] > git hash-object -t tree /dev/null [14ms]
2025-10-23 19:12:06.168 [warning] [GitFileSystemProvider][readFile] File not found - git:/home/shiri/.config/quickshell/pc/LogoutButton.git?%7B%22path%22%3A%22%2Fhome%2Fshiri%2F.config%2Fquickshell%2Fpc%2FLogoutButton%22%2C%22ref%22%3A%22%22%7D
2025-10-23 19:12:06.174 [info] > git hash-object -t tree /dev/null [9ms]
2025-10-23 19:12:06.174 [warning] [GitFileSystemProvider][stat] File not found - git:/home/shiri/.config/quickshell/pc/LogoutButton.git?%7B%22path%22%3A%22%2Fhome%2Fshiri%2F.config%2Fquickshell%2Fpc%2FLogoutButton%22%2C%22ref%22%3A%22%22%7D
2025-10-23 19:12:06.191 [info] > git blame --root --incremental 6ebe693ae6d9931147334bff911124e3eb4a8505 -- quickshell/pc/LogoutButton [3ms]
2025-10-23 19:12:06.191 [info] fatal: no such path quickshell/pc/LogoutButton in 6ebe693ae6d9931147334bff911124e3eb4a8505
2025-10-23 19:12:06.425 [info] > git check-ignore -v -z --stdin [6ms]
2025-10-23 19:12:06.979 [info] > git config --get commit.template [10ms]
2025-10-23 19:12:06.981 [info] > git for-each-ref --format=%(refname)%00%(upstream:short)%00%(objectname)%00%(upstream:track)%00%(upstream:remotename)%00%(upstream:remoteref) refs/heads/main refs/remotes/main [3ms]
2025-10-23 19:12:06.997 [info] > git status -z -uall [8ms]
2025-10-23 19:12:07.000 [info] > git for-each-ref --sort -committerdate --format %(refname)%00%(objectname)%00%(*objectname) [3ms]
2025-10-23 19:12:10.898 [info] > git show --textconv :quickshell/pc/1 [13ms]
2025-10-23 19:12:10.900 [warning] [GitFileSystemProvider][readFile] File not found - git:/home/shiri/.config/quickshell/pc/1.git?%7B%22path%22%3A%22%2Fhome%2Fshiri%2F.config%2Fquickshell%2Fpc%2F1%22%2C%22ref%22%3A%22%22%7D
2025-10-23 19:12:10.901 [info] > git ls-files --stage -- quickshell/pc/1 [5ms]
2025-10-23 19:12:10.902 [warning] [GitFileSystemProvider][stat] File not found - git:/home/shiri/.config/quickshell/pc/1.git?%7B%22path%22%3A%22%2Fhome%2Fshiri%2F.config%2Fquickshell%2Fpc%2F1%22%2C%22ref%22%3A%22%22%7D
2025-10-23 19:12:10.919 [info] > git blame --root --incremental 6ebe693ae6d9931147334bff911124e3eb4a8505 -- quickshell/pc/1 [4ms]
2025-10-23 19:12:10.919 [info] fatal: no such path quickshell/pc/1 in 6ebe693ae6d9931147334bff911124e3eb4a8505
2025-10-23 19:12:11.167 [info] > git check-ignore -v -z --stdin [1ms]
2025-10-23 19:12:12.016 [info] > git config --get commit.template [7ms]
2025-10-23 19:12:12.018 [info] > git for-each-ref --format=%(refname)%00%(upstream:short)%00%(objectname)%00%(upstream:track)%00%(upstream:remotename)%00%(upstream:remoteref) refs/heads/main refs/remotes/main [3ms]
2025-10-23 19:12:12.036 [info] > git status -z -uall [11ms]
2025-10-23 19:12:12.038 [info] > git for-each-ref --sort -committerdate --format %(refname)%00%(objectname)%00%(*objectname) [6ms]
2025-10-23 19:12:35.901 [info] > git config --get commit.template [12ms]
2025-10-23 19:12:35.904 [info] > git for-each-ref --format=%(refname)%00%(upstream:short)%00%(objectname)%00%(upstream:track)%00%(upstream:remotename)%00%(upstream:remoteref) refs/heads/main refs/remotes/main [5ms]
2025-10-23 19:12:35.925 [info] > git status -z -uall [11ms]
2025-10-23 19:12:35.927 [info] > git for-each-ref --sort -committerdate --format %(refname)%00%(objectname)%00%(*objectname) [3ms]
2025-10-23 19:13:59.172 [info] > git config --get commit.template [4ms]
2025-10-23 19:13:59.173 [info] > git for-each-ref --format=%(refname)%00%(upstream:short)%00%(objectname)%00%(upstream:track)%00%(upstream:remotename)%00%(upstream:remoteref) refs/heads/main refs/remotes/main [2ms]
2025-10-23 19:13:59.184 [info] > git status -z -uall [5ms]
2025-10-23 19:13:59.185 [info] > git for-each-ref --sort -committerdate --format %(refname)%00%(objectname)%00%(*objectname) [1ms]
2025-10-23 19:14:04.199 [info] > git config --get commit.template [4ms]
2025-10-23 19:14:04.200 [info] > git for-each-ref --format=%(refname)%00%(upstream:short)%00%(objectname)%00%(upstream:track)%00%(upstream:remotename)%00%(upstream:remoteref) refs/heads/main refs/remotes/main [1ms]
2025-10-23 19:14:04.209 [info] > git status -z -uall [6ms]
2025-10-23 19:14:04.211 [info] > git for-each-ref --sort -committerdate --format %(refname)%00%(objectname)%00%(*objectname) [3ms]
2025-10-23 19:26:38.105 [info] > git config --get commit.template [7ms]
2025-10-23 19:26:38.107 [info] > git for-each-ref --format=%(refname)%00%(upstream:short)%00%(objectname)%00%(upstream:track)%00%(upstream:remotename)%00%(upstream:remoteref) refs/heads/main refs/remotes/main [3ms]
2025-10-23 19:26:38.116 [info] > git status -z -uall [5ms]
2025-10-23 19:26:38.118 [info] > git for-each-ref --sort -committerdate --format %(refname)%00%(objectname)%00%(*objectname) [3ms]
2025-10-23 19:26:44.406 [info] > git config --get commit.template [8ms]
2025-10-23 19:26:44.407 [info] > git for-each-ref --format=%(refname)%00%(upstream:short)%00%(objectname)%00%(upstream:track)%00%(upstream:remotename)%00%(upstream:remoteref) refs/heads/main refs/remotes/main [3ms]
2025-10-23 19:26:44.415 [info] > git status -z -uall [4ms]
2025-10-23 19:26:44.416 [info] > git for-each-ref --sort -committerdate --format %(refname)%00%(objectname)%00%(*objectname) [1ms]
2025-10-23 19:26:46.393 [info] > git show --textconv :quickshell/pc/Bar.qml [8ms]
2025-10-23 19:26:46.395 [info] > git ls-files --stage -- quickshell/pc/Bar.qml [3ms]
2025-10-23 19:26:46.402 [info] > git cat-file -s 05852ce9e2ffbed54783c6434bd16d2a7335962c [2ms]
2025-10-23 19:26:47.128 [info] > git show --textconv :quickshell/pc/Launcher.qml [15ms]
2025-10-23 19:26:47.131 [info] > git ls-files --stage -- quickshell/pc/Launcher.qml [5ms]
2025-10-23 19:26:47.141 [info] > git cat-file -s e69de29bb2d1d6434b8b29ae775ad8c2e48c5391 [3ms]
2025-10-23 19:26:47.645 [info] > git show --textconv :quickshell/pc/Lockscreen.qml [14ms]
2025-10-23 19:26:47.649 [info] > git ls-files --stage -- quickshell/pc/Lockscreen.qml [5ms]
2025-10-23 19:26:47.659 [info] > git cat-file -s e69de29bb2d1d6434b8b29ae775ad8c2e48c5391 [2ms]
2025-10-23 19:26:48.039 [info] > git show --textconv :quickshell/pc/Logout.qml [15ms]
2025-10-23 19:26:48.042 [info] > git ls-files --stage -- quickshell/pc/Logout.qml [6ms]
2025-10-23 19:26:48.059 [info] > git cat-file -s 98c90525eed195a3ab28dc5ed09a4f605201c682 [6ms]
2025-10-23 19:26:54.497 [info] > git config --get commit.template [5ms]
2025-10-23 19:26:54.498 [info] > git for-each-ref --format=%(refname)%00%(upstream:short)%00%(objectname)%00%(upstream:track)%00%(upstream:remotename)%00%(upstream:remoteref) refs/heads/main refs/remotes/main [1ms]
2025-10-23 19:26:54.509 [info] > git status -z -uall [7ms]
2025-10-23 19:26:54.511 [info] > git for-each-ref --sort -committerdate --format %(refname)%00%(objectname)%00%(*objectname) [2ms]
2025-10-23 19:26:57.073 [info] > git show --textconv :quickshell/pc/Volume.qml [7ms]
2025-10-23 19:26:57.075 [info] > git ls-files --stage -- quickshell/pc/Volume.qml [3ms]
2025-10-23 19:26:57.083 [info] > git cat-file -s 3ef928bd176436e19cc75e6d6c301159eb5e120e [3ms]
2025-10-23 19:26:57.433 [info] > git show --textconv :quickshell/pc/shell.qml [4ms]
2025-10-23 19:26:57.434 [info] > git ls-files --stage -- quickshell/pc/shell.qml [2ms]
2025-10-23 19:26:57.438 [info] > git cat-file -s a77a5ca9607bfb8130df62642ecf5172c48e3ad3 [2ms]
2025-10-23 19:26:58.857 [info] > git blame --root --incremental 6ebe693ae6d9931147334bff911124e3eb4a8505 -- quickshell/pc/shell.qml [19ms]
2025-10-23 19:26:59.538 [info] > git config --get commit.template [12ms]
2025-10-23 19:26:59.541 [info] > git for-each-ref --format=%(refname)%00%(upstream:short)%00%(objectname)%00%(upstream:track)%00%(upstream:remotename)%00%(upstream:remoteref) refs/heads/main refs/remotes/main [5ms]
2025-10-23 19:26:59.564 [info] > git status -z -uall [13ms]
2025-10-23 19:26:59.566 [info] > git for-each-ref --sort -committerdate --format %(refname)%00%(objectname)%00%(*objectname) [5ms]
2025-10-23 19:27:04.596 [info] > git config --get commit.template [12ms]
2025-10-23 19:27:04.599 [info] > git for-each-ref --format=%(refname)%00%(upstream:short)%00%(objectname)%00%(upstream:track)%00%(upstream:remotename)%00%(upstream:remoteref) refs/heads/main refs/remotes/main [5ms]
2025-10-23 19:27:04.622 [info] > git status -z -uall [13ms]
2025-10-23 19:27:04.625 [info] > git for-each-ref --sort -committerdate --format %(refname)%00%(objectname)%00%(*objectname) [6ms]
2025-10-23 19:27:09.652 [info] > git config --get commit.template [7ms]
2025-10-23 19:27:09.653 [info] > git for-each-ref --format=%(refname)%00%(upstream:short)%00%(objectname)%00%(upstream:track)%00%(upstream:remotename)%00%(upstream:remoteref) refs/heads/main refs/remotes/main [2ms]
2025-10-23 19:27:09.671 [info] > git status -z -uall [12ms]
2025-10-23 19:27:09.672 [info] > git for-each-ref --sort -committerdate --format %(refname)%00%(objectname)%00%(*objectname) [2ms]
2025-10-23 19:27:14.491 [info] > git show --textconv :quickshell/pc/Logout.qml [7ms]
2025-10-23 19:27:14.492 [info] > git ls-files --stage -- quickshell/pc/Logout.qml [2ms]
2025-10-23 19:27:14.498 [info] > git cat-file -s 98c90525eed195a3ab28dc5ed09a4f605201c682 [2ms]
2025-10-23 19:27:14.705 [info] > git config --get commit.template [15ms]
2025-10-23 19:27:14.707 [info] > git for-each-ref --format=%(refname)%00%(upstream:short)%00%(objectname)%00%(upstream:track)%00%(upstream:remotename)%00%(upstream:remoteref) refs/heads/main refs/remotes/main [4ms]
2025-10-23 19:27:14.726 [info] > git status -z -uall [8ms]
2025-10-23 19:27:14.727 [info] > git for-each-ref --sort -committerdate --format %(refname)%00%(objectname)%00%(*objectname) [3ms]
2025-10-23 19:27:25.920 [info] > git show --textconv :quickshell/pc/LogoutButton [14ms]
2025-10-23 19:27:25.922 [warning] [GitFileSystemProvider][readFile] File not found - git:/home/shiri/.config/quickshell/pc/LogoutButton.git?%7B%22path%22%3A%22%2Fhome%2Fshiri%2F.config%2Fquickshell%2Fpc%2FLogoutButton%22%2C%22ref%22%3A%22%22%7D
2025-10-23 19:27:25.927 [info] > git ls-files --stage -- quickshell/pc/LogoutButton [8ms]
2025-10-23 19:27:25.928 [warning] [GitFileSystemProvider][stat] File not found - git:/home/shiri/.config/quickshell/pc/LogoutButton.git?%7B%22path%22%3A%22%2Fhome%2Fshiri%2F.config%2Fquickshell%2Fpc%2FLogoutButton%22%2C%22ref%22%3A%22%22%7D
2025-10-23 19:27:26.934 [info] > git config --get commit.template [4ms]
2025-10-23 19:27:26.935 [info] > git for-each-ref --format=%(refname)%00%(upstream:short)%00%(objectname)%00%(upstream:track)%00%(upstream:remotename)%00%(upstream:remoteref) refs/heads/main refs/remotes/main [1ms]
2025-10-23 19:27:26.945 [info] > git status -z -uall [6ms]
2025-10-23 19:27:26.946 [info] > git for-each-ref --sort -committerdate --format %(refname)%00%(objectname)%00%(*objectname) [2ms]
2025-10-23 19:27:31.963 [info] > git config --get commit.template [6ms]
2025-10-23 19:27:31.964 [info] > git for-each-ref --format=%(refname)%00%(upstream:short)%00%(objectname)%00%(upstream:track)%00%(upstream:remotename)%00%(upstream:remoteref) refs/heads/main refs/remotes/main [2ms]
2025-10-23 19:27:31.979 [info] > git status -z -uall [8ms]
2025-10-23 19:27:31.981 [info] > git for-each-ref --sort -committerdate --format %(refname)%00%(objectname)%00%(*objectname) [4ms]
2025-10-23 19:27:32.745 [info] > git show --textconv :quickshell/pc/Logout.qml [8ms]
2025-10-23 19:27:32.746 [info] > git ls-files --stage -- quickshell/pc/Logout.qml [2ms]
2025-10-23 19:27:32.752 [info] > git cat-file -s 98c90525eed195a3ab28dc5ed09a4f605201c682 [1ms]
2025-10-23 19:27:39.468 [info] > git config --get commit.template [12ms]
2025-10-23 19:27:39.471 [info] > git for-each-ref --format=%(refname)%00%(upstream:short)%00%(objectname)%00%(upstream:track)%00%(upstream:remotename)%00%(upstream:remoteref) refs/heads/main refs/remotes/main [5ms]
2025-10-23 19:27:39.496 [info] > git status -z -uall [13ms]
2025-10-23 19:27:39.499 [info] > git for-each-ref --sort -committerdate --format %(refname)%00%(objectname)%00%(*objectname) [5ms]
2025-10-23 19:28:16.142 [info] > git check-ignore -v -z --stdin [5ms]
2025-10-23 19:28:16.932 [info] > git check-ignore -v -z --stdin [6ms]
2025-10-23 19:28:18.324 [info] > git config --get commit.template [11ms]
2025-10-23 19:28:18.327 [info] > git for-each-ref --format=%(refname)%00%(upstream:short)%00%(objectname)%00%(upstream:track)%00%(upstream:remotename)%00%(upstream:remoteref) refs/heads/main refs/remotes/main [4ms]
2025-10-23 19:28:18.348 [info] > git status -z -uall [11ms]
2025-10-23 19:28:18.350 [info] > git for-each-ref --sort -committerdate --format %(refname)%00%(objectname)%00%(*objectname) [3ms]
2025-10-23 19:28:21.075 [info] > git check-ignore -v -z --stdin [1ms]
2025-10-23 19:28:21.921 [info] > git check-ignore -v -z --stdin [1ms]
2025-10-23 19:28:22.069 [info] > git show --textconv :lockscreen/pam/password.conf [9ms]
2025-10-23 19:28:22.071 [info] > git ls-files --stage -- lockscreen/pam/password.conf [3ms]
2025-10-23 19:28:22.078 [info] > git cat-file -s 7e5d75ae45dba31d4ad9c38539a3b1de905537fe [2ms]
2025-10-23 19:28:24.046 [info] > git check-ignore -v -z --stdin [3ms]
2025-10-23 19:28:25.677 [info] > git config --get commit.template [6ms]
2025-10-23 19:28:25.678 [info] > git for-each-ref --format=%(refname)%00%(upstream:short)%00%(objectname)%00%(upstream:track)%00%(upstream:remotename)%00%(upstream:remoteref) refs/heads/main refs/remotes/main [2ms]
2025-10-23 19:28:25.690 [info] > git status -z -uall [7ms]
2025-10-23 19:28:25.692 [info] > git for-each-ref --sort -committerdate --format %(refname)%00%(objectname)%00%(*objectname) [4ms]
2025-10-23 19:28:26.706 [info] > git show --textconv :mixer/shell.qml [8ms]
2025-10-23 19:28:26.708 [info] > git ls-files --stage -- mixer/shell.qml [3ms]
2025-10-23 19:28:26.715 [info] > git cat-file -s ac8bdf4d09dcdd57774daeb982133bfa8bbbe7f4 [2ms]
2025-10-23 19:28:27.352 [info] > git show --textconv :mixer/MixerEntry.qml [7ms]
2025-10-23 19:28:27.353 [info] > git ls-files --stage -- mixer/MixerEntry.qml [2ms]
2025-10-23 19:28:27.361 [info] > git cat-file -s 51e9153215c7bcef5be20dbb2856821074f8fab6 [3ms]
2025-10-23 19:28:30.086 [info] > git check-ignore -v -z --stdin [4ms]
2025-10-23 19:28:30.722 [info] > git config --get commit.template [13ms]
2025-10-23 19:28:30.725 [info] > git for-each-ref --format=%(refname)%00%(upstream:short)%00%(objectname)%00%(upstream:track)%00%(upstream:remotename)%00%(upstream:remoteref) refs/heads/main refs/remotes/main [5ms]
2025-10-23 19:28:30.742 [info] > git status -z -uall [8ms]
2025-10-23 19:28:30.744 [info] > git for-each-ref --sort -committerdate --format %(refname)%00%(objectname)%00%(*objectname) [3ms]
2025-10-23 19:28:30.967 [info] > git check-ignore -v -z --stdin [4ms]
2025-10-23 19:28:32.192 [info] > git show --textconv :volume-osd/shell.qml [6ms]
2025-10-23 19:28:32.193 [info] > git ls-files --stage -- volume-osd/shell.qml [2ms]
2025-10-23 19:28:32.199 [info] > git cat-file -s fcd37ff2cd73e04a17a4f6e0b88547b75bfc537f [2ms]
2025-10-23 19:28:34.109 [info] > git show --textconv :volume-osd/README.md [5ms]
2025-10-23 19:28:34.111 [info] > git ls-files --stage -- volume-osd/README.md [2ms]
2025-10-23 19:28:34.116 [info] > git cat-file -s cc7b8e30e7ff64aa888bacebdd20bde686e7ab08 [2ms]
2025-10-23 19:28:34.913 [info] > git show --textconv :volume-osd/shell.qml [14ms]
2025-10-23 19:28:34.916 [info] > git ls-files --stage -- volume-osd/shell.qml [5ms]
2025-10-23 19:28:34.929 [info] > git cat-file -s fcd37ff2cd73e04a17a4f6e0b88547b75bfc537f [4ms]
2025-10-23 19:28:35.771 [info] > git config --get commit.template [11ms]
2025-10-23 19:28:35.773 [info] > git for-each-ref --format=%(refname)%00%(upstream:short)%00%(objectname)%00%(upstream:track)%00%(upstream:remotename)%00%(upstream:remoteref) refs/heads/main refs/remotes/main [3ms]
2025-10-23 19:28:35.784 [info] > git status -z -uall [5ms]
2025-10-23 19:28:35.786 [info] > git for-each-ref --sort -committerdate --format %(refname)%00%(objectname)%00%(*objectname) [3ms]
2025-10-23 19:28:37.405 [info] > git check-ignore -v -z --stdin [4ms]
2025-10-23 19:28:39.052 [info] > git show --textconv :README.md [9ms]
2025-10-23 19:28:39.053 [info] > git ls-files --stage -- README.md [2ms]
2025-10-23 19:28:39.060 [info] > git cat-file -s 3ea1f82a5d09b9212ef09c030201485f7277345c [1ms]
2025-10-23 19:28:40.807 [info] > git config --get commit.template [5ms]
2025-10-23 19:28:40.807 [info] > git for-each-ref --format=%(refname)%00%(upstream:short)%00%(objectname)%00%(upstream:track)%00%(upstream:remotename)%00%(upstream:remoteref) refs/heads/main refs/remotes/main [1ms]
2025-10-23 19:28:40.813 [info] > git status -z -uall [3ms]
2025-10-23 19:28:40.814 [info] > git for-each-ref --sort -committerdate --format %(refname)%00%(objectname)%00%(*objectname) [1ms]
2025-10-23 19:28:48.259 [info] > git config --get commit.template [11ms]
2025-10-23 19:28:48.262 [info] > git for-each-ref --format=%(refname)%00%(upstream:short)%00%(objectname)%00%(upstream:track)%00%(upstream:remotename)%00%(upstream:remoteref) refs/heads/main refs/remotes/main [4ms]
2025-10-23 19:28:48.285 [info] > git status -z -uall [13ms]
2025-10-23 19:28:48.288 [info] > git for-each-ref --sort -committerdate --format %(refname)%00%(objectname)%00%(*objectname) [5ms]
2025-10-23 19:29:39.438 [info] > git config --get commit.template [13ms]
2025-10-23 19:29:39.441 [info] > git for-each-ref --format=%(refname)%00%(upstream:short)%00%(objectname)%00%(upstream:track)%00%(upstream:remotename)%00%(upstream:remoteref) refs/heads/main refs/remotes/main [4ms]
2025-10-23 19:29:39.465 [info] > git status -z -uall [14ms]
2025-10-23 19:29:39.470 [info] > git for-each-ref --sort -committerdate --format %(refname)%00%(objectname)%00%(*objectname) [9ms]
2025-10-23 19:30:25.403 [info] > git config --get commit.template [15ms]
2025-10-23 19:30:25.405 [info] > git for-each-ref --format=%(refname)%00%(upstream:short)%00%(objectname)%00%(upstream:track)%00%(upstream:remotename)%00%(upstream:remoteref) refs/heads/main refs/remotes/main [5ms]
2025-10-23 19:30:25.421 [info] > git status -z -uall [6ms]
2025-10-23 19:30:25.422 [info] > git for-each-ref --sort -committerdate --format %(refname)%00%(objectname)%00%(*objectname) [1ms]
2025-10-23 19:30:35.819 [info] > git config --get commit.template [5ms]
2025-10-23 19:30:35.833 [info] > git for-each-ref --format=%(refname)%00%(upstream:short)%00%(objectname)%00%(upstream:track)%00%(upstream:remotename)%00%(upstream:remoteref) refs/heads/main refs/remotes/main [3ms]
2025-10-23 19:30:35.846 [info] > git status -z -uall [6ms]
2025-10-23 19:30:35.847 [info] > git for-each-ref --sort -committerdate --format %(refname)%00%(objectname)%00%(*objectname) [2ms]
2025-10-23 19:30:40.873 [info] > git config --get commit.template [10ms]
2025-10-23 19:30:40.876 [info] > git for-each-ref --format=%(refname)%00%(upstream:short)%00%(objectname)%00%(upstream:track)%00%(upstream:remotename)%00%(upstream:remoteref) refs/heads/main refs/remotes/main [4ms]
2025-10-23 19:30:40.896 [info] > git status -z -uall [12ms]
2025-10-23 19:30:40.898 [info] > git for-each-ref --sort -committerdate --format %(refname)%00%(objectname)%00%(*objectname) [5ms]
2025-10-23 19:32:06.114 [info] > git config --get commit.template [5ms]
2025-10-23 19:32:06.115 [info] > git for-each-ref --format=%(refname)%00%(upstream:short)%00%(objectname)%00%(upstream:track)%00%(upstream:remotename)%00%(upstream:remoteref) refs/heads/main refs/remotes/main [2ms]
2025-10-23 19:32:06.122 [info] > git status -z -uall [4ms]
2025-10-23 19:32:06.123 [info] > git for-each-ref --sort -committerdate --format %(refname)%00%(objectname)%00%(*objectname) [1ms]
2025-10-23 19:38:15.447 [info] > git config --get commit.template [6ms]
2025-10-23 19:38:15.448 [info] > git for-each-ref --format=%(refname)%00%(upstream:short)%00%(objectname)%00%(upstream:track)%00%(upstream:remotename)%00%(upstream:remoteref) refs/heads/main refs/remotes/main [1ms]
2025-10-23 19:38:15.458 [info] > git status -z -uall [5ms]
2025-10-23 19:38:15.459 [info] > git for-each-ref --sort -committerdate --format %(refname)%00%(objectname)%00%(*objectname) [2ms]
