2025-10-27 19:30:05.409 [info] Reading sessions from keychain...
2025-10-27 19:30:05.409 [info] Getting sessions for all scopes...
2025-10-27 19:30:05.409 [info] Got 0 sessions for ...
2025-10-27 19:30:05.409 [info] Getting sessions for all scopes...
2025-10-27 19:30:05.409 [info] Got 0 sessions for ...
2025-10-27 19:30:05.409 [info] Getting sessions for all scopes...
2025-10-27 19:30:05.409 [info] Got 0 sessions for ...
2025-10-27 19:30:05.409 [info] Getting sessions for read:user,repo,user:email,workflow...
2025-10-27 19:30:05.409 [info] Got 0 sessions for read:user,repo,user:email,workflow...
2025-10-27 19:30:05.677 [info] Getting sessions for read:user,repo,user:email,workflow...
2025-10-27 19:30:05.677 [info] Got 0 sessions for read:user,repo,user:email,workflow...
2025-10-27 19:30:05.776 [info] Getting sessions for all scopes...
2025-10-27 19:30:05.776 [info] Got 0 sessions for ...
2025-10-27 19:30:08.312 [info] Getting sessions for all scopes...
2025-10-27 19:30:08.313 [info] Got 0 sessions for ...
2025-10-27 19:30:08.313 [info] Getting sessions for all scopes...
2025-10-27 19:30:08.313 [info] Got 0 sessions for ...
2025-10-27 19:30:08.319 [info] Getting sessions for all scopes...
2025-10-27 19:30:08.319 [info] Got 0 sessions for ...
2025-10-27 19:30:28.947 [info] Getting sessions for read:user,repo,user:email,workflow...
2025-10-27 19:30:28.947 [info] Got 0 sessions for read:user,repo,user:email,workflow...
2025-10-27 19:30:48.042 [info] Reading sessions from keychain...
2025-10-27 19:30:48.042 [info] Getting sessions for all scopes...
2025-10-27 19:30:48.042 [info] Got 0 sessions for ...
2025-10-27 19:30:48.042 [info] Getting sessions for all scopes...
2025-10-27 19:30:48.042 [info] Got 0 sessions for ...
2025-10-27 19:30:48.042 [info] Getting sessions for all scopes...
2025-10-27 19:30:48.042 [info] Got 0 sessions for ...
2025-10-27 19:30:48.042 [info] Getting sessions for read:user,repo,user:email,workflow...
2025-10-27 19:30:48.042 [info] Got 0 sessions for read:user,repo,user:email,workflow...
2025-10-27 19:30:48.205 [info] Getting sessions for read:user,repo,user:email,workflow...
2025-10-27 19:30:48.205 [info] Got 0 sessions for read:user,repo,user:email,workflow...
2025-10-27 19:30:49.145 [info] Getting sessions for all scopes...
2025-10-27 19:30:49.145 [info] Got 0 sessions for ...
2025-10-27 19:30:49.145 [info] Getting sessions for all scopes...
2025-10-27 19:30:49.145 [info] Got 0 sessions for ...
2025-10-27 19:30:49.151 [info] Getting sessions for all scopes...
2025-10-27 19:30:49.151 [info] Got 0 sessions for ...
