2025-10-27 19:30:04.759 [info] [main] Log level: Info
2025-10-27 19:30:04.759 [info] [main] Validating found git in: "git"
2025-10-27 19:30:04.759 [info] [main] Using git "2.51.1" from "git"
2025-10-27 19:30:04.759 [info] [Model][doInitialScan] Initial repository scan started
2025-10-27 19:30:04.759 [info] > git rev-parse --show-toplevel [59ms]
2025-10-27 19:30:04.759 [info] fatal: not a git repository (or any parent up to mount point /)
Stopping at filesystem boundary (GIT_DISCOVERY_ACROSS_FILESYSTEM not set).
2025-10-27 19:30:04.794 [info] > git rev-parse --show-toplevel [15ms]
2025-10-27 19:30:04.794 [info] fatal: not a git repository (or any parent up to mount point /)
Stopping at filesystem boundary (GIT_DISCOVERY_ACROSS_FILESYSTEM not set).
2025-10-27 19:30:04.804 [info] > git rev-parse --show-toplevel [4ms]
2025-10-27 19:30:04.804 [info] fatal: not a git repository (or any parent up to mount point /)
Stopping at filesystem boundary (GIT_DISCOVERY_ACROSS_FILESYSTEM not set).
2025-10-27 19:30:04.812 [info] > git rev-parse --show-toplevel [4ms]
2025-10-27 19:30:04.813 [info] fatal: not a git repository (or any parent up to mount point /)
Stopping at filesystem boundary (GIT_DISCOVERY_ACROSS_FILESYSTEM not set).
2025-10-27 19:30:04.825 [info] > git rev-parse --show-toplevel [4ms]
2025-10-27 19:30:04.825 [info] fatal: not a git repository (or any parent up to mount point /)
Stopping at filesystem boundary (GIT_DISCOVERY_ACROSS_FILESYSTEM not set).
2025-10-27 19:30:04.842 [info] > git rev-parse --show-toplevel [8ms]
2025-10-27 19:30:04.856 [info] > git rev-parse --git-dir --git-common-dir --show-superproject-working-tree [7ms]
2025-10-27 19:30:04.878 [info] [Model][openRepository] Opened repository (path): /home/shiri/.config
2025-10-27 19:30:04.878 [info] [Model][openRepository] Opened repository (real path): /home/shiri/.config
2025-10-27 19:30:04.878 [info] [Model][openRepository] Opened repository (kind): repository
2025-10-27 19:30:04.905 [info] > git config --get commit.template [17ms]
2025-10-27 19:30:04.977 [info] > git rev-parse --show-toplevel [73ms]
2025-10-27 19:30:04.977 [info] fatal: not a git repository (or any parent up to mount point /)
Stopping at filesystem boundary (GIT_DISCOVERY_ACROSS_FILESYSTEM not set).
2025-10-27 19:30:05.033 [info] > git for-each-ref --format=%(refname)%00%(upstream:short)%00%(objectname)%00%(upstream:track)%00%(upstream:remotename)%00%(upstream:remoteref) refs/heads/main refs/remotes/main [14ms]
2025-10-27 19:30:05.038 [info] > git rev-parse --show-toplevel [8ms]
2025-10-27 19:30:05.038 [info] fatal: not a git repository (or any parent up to mount point /)
Stopping at filesystem boundary (GIT_DISCOVERY_ACROSS_FILESYSTEM not set).
2025-10-27 19:30:05.088 [info] > git status -z -uall [31ms]
2025-10-27 19:30:05.088 [info] > git for-each-ref --sort -committerdate --format %(refname)%00%(objectname)%00%(*objectname) [11ms]
2025-10-27 19:30:05.143 [info] > git for-each-ref --format=%(refname)%00%(upstream:short)%00%(objectname)%00%(upstream:track)%00%(upstream:remotename)%00%(upstream:remoteref) refs/heads/main refs/remotes/main [11ms]
2025-10-27 19:30:05.148 [info] > git rev-parse --show-toplevel [62ms]
2025-10-27 19:30:05.148 [info] fatal: not a git repository (or any parent up to mount point /)
Stopping at filesystem boundary (GIT_DISCOVERY_ACROSS_FILESYSTEM not set).
2025-10-27 19:30:05.166 [info] > git config --get --local branch.main.vscode-merge-base [18ms]
2025-10-27 19:30:05.173 [info] > git config --get commit.template [31ms]
2025-10-27 19:30:05.175 [info] > git rev-parse --show-toplevel [10ms]
2025-10-27 19:30:05.175 [info] fatal: not a git repository (or any parent up to mount point /)
Stopping at filesystem boundary (GIT_DISCOVERY_ACROSS_FILESYSTEM not set).
2025-10-27 19:30:05.252 [info] > git for-each-ref --format=%(refname)%00%(upstream:short)%00%(objectname)%00%(upstream:track)%00%(upstream:remotename)%00%(upstream:remoteref) refs/heads/pixelcute-dots/main refs/remotes/pixelcute-dots/main [79ms]
2025-10-27 19:30:05.325 [info] > git merge-base refs/heads/main refs/remotes/pixelcute-dots/main [66ms]
2025-10-27 19:30:05.330 [info] > git rev-parse --show-toplevel [78ms]
2025-10-27 19:30:05.330 [info] fatal: not a git repository (or any parent up to mount point /)
Stopping at filesystem boundary (GIT_DISCOVERY_ACROSS_FILESYSTEM not set).
2025-10-27 19:30:05.331 [info] > git for-each-ref --format=%(refname)%00%(upstream:short)%00%(objectname)%00%(upstream:track)%00%(upstream:remotename)%00%(upstream:remoteref) refs/heads/main refs/remotes/main [89ms]
2025-10-27 19:30:05.341 [info] > git rev-parse --show-toplevel [3ms]
2025-10-27 19:30:05.341 [info] fatal: not a git repository (or any parent up to mount point /)
Stopping at filesystem boundary (GIT_DISCOVERY_ACROSS_FILESYSTEM not set).
2025-10-27 19:30:05.341 [info] > git diff --name-status -z --diff-filter=ADMR 6ebe693ae6d9931147334bff911124e3eb4a8505...refs/remotes/pixelcute-dots/main [11ms]
2025-10-27 19:30:05.370 [info] > git status -z -uall [15ms]
2025-10-27 19:30:05.370 [info] > git for-each-ref --sort -committerdate --format %(refname)%00%(objectname)%00%(*objectname) [5ms]
2025-10-27 19:30:05.387 [info] > git rev-parse --show-toplevel [38ms]
2025-10-27 19:30:05.387 [info] fatal: not a git repository (or any parent up to mount point /)
Stopping at filesystem boundary (GIT_DISCOVERY_ACROSS_FILESYSTEM not set).
2025-10-27 19:30:05.399 [info] > git rev-parse --show-toplevel [6ms]
2025-10-27 19:30:05.399 [info] fatal: not a git repository (or any parent up to mount point /)
Stopping at filesystem boundary (GIT_DISCOVERY_ACROSS_FILESYSTEM not set).
2025-10-27 19:30:05.410 [info] > git rev-parse --show-toplevel [6ms]
2025-10-27 19:30:05.410 [info] fatal: not a git repository (or any parent up to mount point /)
Stopping at filesystem boundary (GIT_DISCOVERY_ACROSS_FILESYSTEM not set).
2025-10-27 19:30:05.424 [info] > git rev-parse --show-toplevel [2ms]
2025-10-27 19:30:05.424 [info] fatal: not a git repository (or any parent up to mount point /)
Stopping at filesystem boundary (GIT_DISCOVERY_ACROSS_FILESYSTEM not set).
2025-10-27 19:30:05.432 [info] > git rev-parse --show-toplevel [1ms]
2025-10-27 19:30:05.432 [info] fatal: not a git repository (or any parent up to mount point /)
Stopping at filesystem boundary (GIT_DISCOVERY_ACROSS_FILESYSTEM not set).
2025-10-27 19:30:05.442 [info] > git rev-parse --show-toplevel [1ms]
2025-10-27 19:30:05.442 [info] fatal: not a git repository (or any parent up to mount point /)
Stopping at filesystem boundary (GIT_DISCOVERY_ACROSS_FILESYSTEM not set).
2025-10-27 19:30:05.449 [info] > git rev-parse --show-toplevel [2ms]
2025-10-27 19:30:05.449 [info] fatal: not a git repository (or any parent up to mount point /)
Stopping at filesystem boundary (GIT_DISCOVERY_ACROSS_FILESYSTEM not set).
2025-10-27 19:30:05.455 [info] > git rev-parse --show-toplevel [2ms]
2025-10-27 19:30:05.455 [info] fatal: not a git repository (or any parent up to mount point /)
Stopping at filesystem boundary (GIT_DISCOVERY_ACROSS_FILESYSTEM not set).
2025-10-27 19:30:05.465 [info] > git rev-parse --show-toplevel [4ms]
2025-10-27 19:30:05.465 [info] fatal: not a git repository (or any parent up to mount point /)
Stopping at filesystem boundary (GIT_DISCOVERY_ACROSS_FILESYSTEM not set).
2025-10-27 19:30:05.566 [info] > git rev-parse --show-toplevel [86ms]
2025-10-27 19:30:05.566 [info] fatal: not a git repository (or any parent up to mount point /)
Stopping at filesystem boundary (GIT_DISCOVERY_ACROSS_FILESYSTEM not set).
2025-10-27 19:30:05.572 [info] > git check-ignore -v -z --stdin [66ms]
2025-10-27 19:30:05.573 [info] > git rev-parse --show-toplevel [1ms]
2025-10-27 19:30:05.573 [info] fatal: not a git repository (or any parent up to mount point /)
Stopping at filesystem boundary (GIT_DISCOVERY_ACROSS_FILESYSTEM not set).
2025-10-27 19:30:05.579 [info] > git rev-parse --show-toplevel [1ms]
2025-10-27 19:30:05.579 [info] fatal: not a git repository (or any parent up to mount point /)
Stopping at filesystem boundary (GIT_DISCOVERY_ACROSS_FILESYSTEM not set).
2025-10-27 19:30:05.585 [info] > git rev-parse --show-toplevel [2ms]
2025-10-27 19:30:05.585 [info] fatal: not a git repository (or any parent up to mount point /)
Stopping at filesystem boundary (GIT_DISCOVERY_ACROSS_FILESYSTEM not set).
2025-10-27 19:30:05.591 [info] > git rev-parse --show-toplevel [2ms]
2025-10-27 19:30:05.591 [info] fatal: not a git repository (or any parent up to mount point /)
Stopping at filesystem boundary (GIT_DISCOVERY_ACROSS_FILESYSTEM not set).
2025-10-27 19:30:05.596 [info] > git rev-parse --show-toplevel [1ms]
2025-10-27 19:30:05.596 [info] fatal: not a git repository (or any parent up to mount point /)
Stopping at filesystem boundary (GIT_DISCOVERY_ACROSS_FILESYSTEM not set).
2025-10-27 19:30:05.601 [info] > git rev-parse --show-toplevel [2ms]
2025-10-27 19:30:05.601 [info] fatal: not a git repository (or any parent up to mount point /)
Stopping at filesystem boundary (GIT_DISCOVERY_ACROSS_FILESYSTEM not set).
2025-10-27 19:30:05.607 [info] > git rev-parse --show-toplevel [1ms]
2025-10-27 19:30:05.614 [info] > git rev-parse --git-dir --git-common-dir --show-superproject-working-tree [3ms]
2025-10-27 19:30:05.619 [info] [Model][openRepository] Opened repository (path): /home/shiri/godot-game
2025-10-27 19:30:05.619 [info] [Model][openRepository] Opened repository (real path): /home/shiri/godot-game
2025-10-27 19:30:05.619 [info] [Model][openRepository] Opened repository (kind): repository
2025-10-27 19:30:05.631 [info] > git rev-parse --show-toplevel [2ms]
2025-10-27 19:30:05.631 [info] fatal: not a git repository (or any parent up to mount point /)
Stopping at filesystem boundary (GIT_DISCOVERY_ACROSS_FILESYSTEM not set).
2025-10-27 19:30:05.631 [info] [Model][doInitialScan] Initial repository scan completed - repositories (2), closed repositories (0), parent repositories (0), unsafe repositories (0)
2025-10-27 19:30:05.632 [info] > git config --get commit.template [8ms]
2025-10-27 19:30:05.639 [info] > git for-each-ref --format=%(refname)%00%(upstream:short)%00%(objectname)%00%(upstream:track)%00%(upstream:remotename)%00%(upstream:remoteref) refs/heads/main refs/remotes/main [2ms]
2025-10-27 19:30:05.651 [info] > git status -z -uall [5ms]
2025-10-27 19:30:05.654 [info] > git for-each-ref --sort -committerdate --format %(refname)%00%(objectname)%00%(*objectname) [3ms]
2025-10-27 19:30:05.671 [info] > git for-each-ref --format=%(refname)%00%(upstream:short)%00%(objectname)%00%(upstream:track)%00%(upstream:remotename)%00%(upstream:remoteref) refs/heads/main refs/remotes/main [9ms]
2025-10-27 19:30:05.678 [info] > git config --get commit.template [7ms]
2025-10-27 19:30:05.679 [info] > git config --get --local branch.main.vscode-merge-base [2ms]
2025-10-27 19:30:05.688 [info] > git for-each-ref --format=%(refname)%00%(upstream:short)%00%(objectname)%00%(upstream:track)%00%(upstream:remotename)%00%(upstream:remoteref) refs/heads/codename-erica/main refs/remotes/codename-erica/main [5ms]
2025-10-27 19:30:05.695 [info] > git merge-base refs/heads/main refs/remotes/codename-erica/main [2ms]
2025-10-27 19:30:05.700 [info] > git for-each-ref --format=%(refname)%00%(upstream:short)%00%(objectname)%00%(upstream:track)%00%(upstream:remotename)%00%(upstream:remoteref) refs/heads/main refs/remotes/main [13ms]
2025-10-27 19:30:05.709 [info] > git status -z -uall [5ms]
2025-10-27 19:30:05.710 [info] > git diff --name-status -z --diff-filter=ADMR a8d19b81ed144812d53e1ebcec637b4274e6eebf...refs/remotes/codename-erica/main [11ms]
2025-10-27 19:30:05.711 [info] > git for-each-ref --sort -committerdate --format %(refname)%00%(objectname)%00%(*objectname) [3ms]
2025-10-27 19:30:05.776 [info] > git rev-parse --show-toplevel [5ms]
2025-10-27 19:30:05.776 [info] fatal: not a git repository (or any parent up to mount point /)
Stopping at filesystem boundary (GIT_DISCOVERY_ACROSS_FILESYSTEM not set).
2025-10-27 19:30:05.867 [info] > git rev-parse --show-toplevel [1ms]
2025-10-27 19:30:05.867 [info] fatal: not a git repository (or any parent up to mount point /)
Stopping at filesystem boundary (GIT_DISCOVERY_ACROSS_FILESYSTEM not set).
2025-10-27 19:30:06.072 [info] > git rev-parse --show-toplevel [1ms]
2025-10-27 19:30:06.072 [info] fatal: not a git repository (or any parent up to mount point /)
Stopping at filesystem boundary (GIT_DISCOVERY_ACROSS_FILESYSTEM not set).
2025-10-27 19:30:06.145 [info] > git check-ignore -v -z --stdin [2ms]
2025-10-27 19:30:08.287 [info] > git rev-parse --show-toplevel [1ms]
2025-10-27 19:30:08.287 [info] fatal: not a git repository (or any parent up to mount point /)
Stopping at filesystem boundary (GIT_DISCOVERY_ACROSS_FILESYSTEM not set).
2025-10-27 19:30:12.067 [info] > git check-ignore -v -z --stdin [1ms]
2025-10-27 19:30:25.354 [info] > git check-ignore -v -z --stdin [2ms]
2025-10-27 19:30:27.657 [info] > git rev-parse --show-toplevel [1ms]
2025-10-27 19:30:27.657 [info] fatal: not a git repository (or any parent up to mount point /)
Stopping at filesystem boundary (GIT_DISCOVERY_ACROSS_FILESYSTEM not set).
2025-10-27 19:30:28.238 [info] > git check-ignore -v -z --stdin [1ms]
2025-10-27 19:30:28.912 [info] > git log --format=%H%n%aN%n%aE%n%at%n%ct%n%P%n%D%n%B -z --shortstat --diff-merges=first-parent -n50 --skip=0 --topo-order --decorate=full --stdin [1341ms]
2025-10-27 19:30:47.741 [info] [main] Log level: Info
2025-10-27 19:30:47.741 [info] [main] Validating found git in: "git"
2025-10-27 19:30:47.741 [info] [main] Using git "2.51.1" from "git"
2025-10-27 19:30:47.741 [info] [Model][doInitialScan] Initial repository scan started
2025-10-27 19:30:47.741 [info] > git rev-parse --show-toplevel [47ms]
2025-10-27 19:30:47.758 [info] > git rev-parse --git-dir --git-common-dir --show-superproject-working-tree [12ms]
2025-10-27 19:30:47.773 [info] [Model][openRepository] Opened repository (path): /home/shiri/.config
2025-10-27 19:30:47.773 [info] [Model][openRepository] Opened repository (real path): /home/shiri/.config
2025-10-27 19:30:47.773 [info] [Model][openRepository] Opened repository (kind): repository
2025-10-27 19:30:47.837 [info] > git rev-parse --show-toplevel [27ms]
2025-10-27 19:30:47.838 [info] > git config --get commit.template [30ms]
2025-10-27 19:30:47.864 [info] > git for-each-ref --format=%(refname)%00%(upstream:short)%00%(objectname)%00%(upstream:track)%00%(upstream:remotename)%00%(upstream:remoteref) refs/heads/main refs/remotes/main [8ms]
2025-10-27 19:30:47.879 [info] > git status -z -uall [6ms]
2025-10-27 19:30:47.885 [info] > git for-each-ref --sort -committerdate --format %(refname)%00%(objectname)%00%(*objectname) [8ms]
2025-10-27 19:30:47.917 [info] > git for-each-ref --format=%(refname)%00%(upstream:short)%00%(objectname)%00%(upstream:track)%00%(upstream:remotename)%00%(upstream:remoteref) refs/heads/main refs/remotes/main [6ms]
2025-10-27 19:30:47.921 [info] > git rev-parse --show-toplevel [37ms]
2025-10-27 19:30:47.930 [info] > git config --get --local branch.main.vscode-merge-base [8ms]
2025-10-27 19:30:47.934 [info] > git config --get commit.template [17ms]
2025-10-27 19:30:47.963 [info] > git for-each-ref --format=%(refname)%00%(upstream:short)%00%(objectname)%00%(upstream:track)%00%(upstream:remotename)%00%(upstream:remoteref) refs/heads/pixelcute-dots/main refs/remotes/pixelcute-dots/main [30ms]
2025-10-27 19:30:47.969 [info] > git rev-parse --show-toplevel [40ms]
2025-10-27 19:30:47.981 [info] > git merge-base refs/heads/main refs/remotes/pixelcute-dots/main [13ms]
2025-10-27 19:30:47.985 [info] > git rev-parse --show-toplevel [5ms]
2025-10-27 19:30:47.985 [info] > git for-each-ref --format=%(refname)%00%(upstream:short)%00%(objectname)%00%(upstream:track)%00%(upstream:remotename)%00%(upstream:remoteref) refs/heads/main refs/remotes/main [9ms]
2025-10-27 19:30:47.991 [info] > git diff --name-status -z --diff-filter=ADMR 6ebe693ae6d9931147334bff911124e3eb4a8505...refs/remotes/pixelcute-dots/main [7ms]
2025-10-27 19:30:48.030 [info] > git rev-parse --show-toplevel [40ms]
2025-10-27 19:30:48.043 [info] > git status -z -uall [6ms]
2025-10-27 19:30:48.044 [info] > git rev-parse --show-toplevel [10ms]
2025-10-27 19:30:48.049 [info] > git for-each-ref --sort -committerdate --format %(refname)%00%(objectname)%00%(*objectname) [8ms]
2025-10-27 19:30:48.056 [info] > git rev-parse --show-toplevel [7ms]
2025-10-27 19:30:48.062 [info] > git rev-parse --show-toplevel [1ms]
2025-10-27 19:30:48.066 [info] > git rev-parse --show-toplevel [0ms]
2025-10-27 19:30:48.070 [info] > git rev-parse --show-toplevel [1ms]
2025-10-27 19:30:48.073 [info] > git rev-parse --show-toplevel [1ms]
2025-10-27 19:30:48.077 [info] > git rev-parse --show-toplevel [1ms]
2025-10-27 19:30:48.080 [info] > git rev-parse --show-toplevel [1ms]
2025-10-27 19:30:48.083 [info] > git rev-parse --show-toplevel [1ms]
2025-10-27 19:30:48.087 [info] > git rev-parse --show-toplevel [1ms]
2025-10-27 19:30:48.090 [info] > git rev-parse --show-toplevel [1ms]
2025-10-27 19:30:48.094 [info] > git rev-parse --show-toplevel [1ms]
2025-10-27 19:30:48.098 [info] > git rev-parse --show-toplevel [1ms]
2025-10-27 19:30:48.102 [info] > git rev-parse --show-toplevel [1ms]
2025-10-27 19:30:48.106 [info] > git rev-parse --show-toplevel [1ms]
2025-10-27 19:30:48.110 [info] > git rev-parse --show-toplevel [1ms]
2025-10-27 19:30:48.114 [info] > git rev-parse --show-toplevel [1ms]
2025-10-27 19:30:48.117 [info] > git rev-parse --show-toplevel [1ms]
2025-10-27 19:30:48.121 [info] > git rev-parse --show-toplevel [1ms]
2025-10-27 19:30:48.124 [info] > git rev-parse --show-toplevel [1ms]
2025-10-27 19:30:48.127 [info] > git rev-parse --show-toplevel [1ms]
2025-10-27 19:30:48.132 [info] > git rev-parse --git-dir --git-common-dir --show-superproject-working-tree [2ms]
2025-10-27 19:30:48.135 [info] [Model][openRepository] Opened repository (path): /home/shiri/.config/quickshell-examples
2025-10-27 19:30:48.135 [info] [Model][openRepository] Opened repository (real path): /home/shiri/.config/quickshell-examples
2025-10-27 19:30:48.135 [info] [Model][openRepository] Opened repository (kind): repository
2025-10-27 19:30:48.143 [info] > git rev-parse --show-toplevel [1ms]
2025-10-27 19:30:48.143 [info] [Model][doInitialScan] Initial repository scan completed - repositories (2), closed repositories (0), parent repositories (0), unsafe repositories (0)
2025-10-27 19:30:48.144 [info] > git config --get commit.template [5ms]
2025-10-27 19:30:48.174 [info] > git for-each-ref --format=%(refname)%00%(upstream:short)%00%(objectname)%00%(upstream:track)%00%(upstream:remotename)%00%(upstream:remoteref) refs/heads/master refs/remotes/master [26ms]
2025-10-27 19:30:48.178 [warning] [Git][revParse] Unable to read file: ENOENT: no such file or directory, open '/home/shiri/.config/quickshell-examples/.git/refs/remotes/origin/master'
2025-10-27 19:30:48.179 [info] > git rev-parse refs/remotes/origin/master [1ms]
2025-10-27 19:30:48.186 [info] > git for-each-ref --sort -committerdate --format %(refname)%00%(objectname)%00%(*objectname) [1ms]
2025-10-27 19:30:48.189 [info] > git status -z -uall [7ms]
2025-10-27 19:30:48.202 [info] > git config --get commit.template [3ms]
2025-10-27 19:30:48.202 [info] > git for-each-ref --format=%(refname)%00%(upstream:short)%00%(objectname)%00%(upstream:track)%00%(upstream:remotename)%00%(upstream:remoteref) refs/heads/master refs/remotes/master [7ms]
2025-10-27 19:30:48.209 [info] > git config --get --local branch.master.vscode-merge-base [4ms]
2025-10-27 19:30:48.213 [info] > git for-each-ref --format=%(refname)%00%(upstream:short)%00%(objectname)%00%(upstream:track)%00%(upstream:remotename)%00%(upstream:remoteref) refs/heads/master refs/remotes/master [5ms]
2025-10-27 19:30:48.215 [warning] [Git][revParse] Unable to read file: ENOENT: no such file or directory, open '/home/shiri/.config/quickshell-examples/.git/refs/remotes/origin/master'
2025-10-27 19:30:48.216 [info] > git for-each-ref --format=%(refname)%00%(upstream:short)%00%(objectname)%00%(upstream:track)%00%(upstream:remotename)%00%(upstream:remoteref) refs/heads/origin/master refs/remotes/origin/master [4ms]
2025-10-27 19:30:48.219 [info] > git rev-parse refs/remotes/origin/master [4ms]
2025-10-27 19:30:48.225 [info] > git status -z -uall [3ms]
2025-10-27 19:30:48.225 [info] > git merge-base refs/heads/master refs/remotes/origin/master [6ms]
2025-10-27 19:30:48.229 [info] > git for-each-ref --sort -committerdate --format %(refname)%00%(objectname)%00%(*objectname) [5ms]
2025-10-27 19:30:48.235 [info] > git merge-base refs/heads/master refs/remotes/origin/master [1ms]
2025-10-27 19:30:48.239 [info] > git diff --name-status -z --diff-filter=ADMR c6d1236efe265ae34e8c78a27ee9e196ea19d895...refs/remotes/origin/master [11ms]
2025-10-27 19:30:48.240 [info] > git diff --name-status -z --diff-filter=ADMR c6d1236efe265ae34e8c78a27ee9e196ea19d895...refs/remotes/origin/master [2ms]
2025-10-27 19:30:48.470 [info] > git show --textconv :quickshell/pc/Wallpaper.qml [13ms]
2025-10-27 19:30:48.473 [info] > git ls-files --stage -- quickshell/pc/Wallpaper.qml [4ms]
2025-10-27 19:30:48.484 [info] > git cat-file -s 73a4774a4f08a9273e2c52965e44e152ae2aba47 [3ms]
2025-10-27 19:30:48.551 [info] > git blame --root --incremental 6ebe693ae6d9931147334bff911124e3eb4a8505 -- quickshell/pc/Wallpaper.qml [4ms]
2025-10-27 19:30:48.678 [info] > git check-ignore -v -z --stdin [14ms]
2025-10-27 19:30:48.681 [info] > git check-ignore -v -z --stdin [7ms]
2025-10-27 19:30:49.063 [info] > git show --textconv :quickshell/pc/Volume.qml [5ms]
2025-10-27 19:30:49.064 [info] > git ls-files --stage -- quickshell/pc/Volume.qml [2ms]
2025-10-27 19:30:49.075 [info] > git cat-file -s 3ef928bd176436e19cc75e6d6c301159eb5e120e [7ms]
2025-10-27 19:30:49.094 [info] > git blame --root --incremental 6ebe693ae6d9931147334bff911124e3eb4a8505 -- quickshell/pc/Volume.qml [2ms]
2025-10-27 19:30:49.458 [info] > git show --textconv :quickshell/pc/shell.qml [14ms]
2025-10-27 19:30:49.462 [info] > git ls-files --stage -- quickshell/pc/shell.qml [6ms]
2025-10-27 19:30:49.474 [info] > git cat-file -s a77a5ca9607bfb8130df62642ecf5172c48e3ad3 [3ms]
2025-10-27 19:30:49.497 [info] > git blame --root --incremental 6ebe693ae6d9931147334bff911124e3eb4a8505 -- quickshell/pc/shell.qml [7ms]
2025-10-27 19:30:50.248 [info] > git show --textconv :quickshell/pc/Wallpaper.qml [8ms]
2025-10-27 19:30:50.250 [info] > git ls-files --stage -- quickshell/pc/Wallpaper.qml [3ms]
2025-10-27 19:30:50.256 [info] > git cat-file -s 73a4774a4f08a9273e2c52965e44e152ae2aba47 [1ms]
2025-10-27 19:30:50.302 [info] > git config --get commit.template [3ms]
2025-10-27 19:30:50.303 [info] > git for-each-ref --format=%(refname)%00%(upstream:short)%00%(objectname)%00%(upstream:track)%00%(upstream:remotename)%00%(upstream:remoteref) refs/heads/main refs/remotes/main [2ms]
2025-10-27 19:30:50.310 [info] > git status -z -uall [4ms]
2025-10-27 19:30:50.312 [info] > git for-each-ref --sort -committerdate --format %(refname)%00%(objectname)%00%(*objectname) [3ms]
2025-10-27 19:30:51.154 [info] > git show --textconv :quickshell/pc/shell.qml [8ms]
2025-10-27 19:30:51.155 [info] > git ls-files --stage -- quickshell/pc/shell.qml [1ms]
2025-10-27 19:30:51.162 [info] > git cat-file -s a77a5ca9607bfb8130df62642ecf5172c48e3ad3 [2ms]
