2025-10-26 19:33:44.603 [info] [main] Log level: Info
2025-10-26 19:33:44.603 [info] [main] Validating found git in: "git"
2025-10-26 19:33:44.603 [info] [main] Using git "2.51.1" from "git"
2025-10-26 19:33:44.603 [info] [Model][doInitialScan] Initial repository scan started
2025-10-26 19:33:44.603 [info] > git rev-parse --show-toplevel [9ms]
2025-10-26 19:33:44.603 [info] fatal: not a git repository (or any parent up to mount point /)
Stopping at filesystem boundary (GIT_DISCOVERY_ACROSS_FILESYSTEM not set).
2025-10-26 19:33:44.603 [info] > git rev-parse --show-toplevel [2ms]
2025-10-26 19:33:44.603 [info] fatal: not a git repository (or any parent up to mount point /)
Stopping at filesystem boundary (GIT_DISCOVERY_ACROSS_FILESYSTEM not set).
2025-10-26 19:33:44.603 [info] > git rev-parse --show-toplevel [1ms]
2025-10-26 19:33:44.603 [info] fatal: not a git repository (or any parent up to mount point /)
Stopping at filesystem boundary (GIT_DISCOVERY_ACROSS_FILESYSTEM not set).
2025-10-26 19:33:44.603 [info] > git rev-parse --show-toplevel [0ms]
2025-10-26 19:33:44.603 [info] fatal: not a git repository (or any parent up to mount point /)
Stopping at filesystem boundary (GIT_DISCOVERY_ACROSS_FILESYSTEM not set).
2025-10-26 19:33:44.603 [info] > git rev-parse --show-toplevel [15ms]
2025-10-26 19:33:44.603 [info] fatal: not a git repository (or any parent up to mount point /)
Stopping at filesystem boundary (GIT_DISCOVERY_ACROSS_FILESYSTEM not set).
2025-10-26 19:33:44.617 [info] > git rev-parse --show-toplevel [18ms]
2025-10-26 19:33:44.634 [info] > git rev-parse --git-dir --git-common-dir --show-superproject-working-tree [7ms]
2025-10-26 19:33:44.653 [info] [Model][openRepository] Opened repository (path): /home/shiri/.config
2025-10-26 19:33:44.653 [info] [Model][openRepository] Opened repository (real path): /home/shiri/.config
2025-10-26 19:33:44.653 [info] [Model][openRepository] Opened repository (kind): repository
2025-10-26 19:33:44.699 [info] > git rev-parse --show-toplevel [23ms]
2025-10-26 19:33:44.699 [info] fatal: not a git repository (or any parent up to mount point /)
Stopping at filesystem boundary (GIT_DISCOVERY_ACROSS_FILESYSTEM not set).
2025-10-26 19:33:44.704 [info] > git config --get commit.template [33ms]
2025-10-26 19:33:44.721 [info] > git rev-parse --show-toplevel [11ms]
2025-10-26 19:33:44.721 [info] fatal: not a git repository (or any parent up to mount point /)
Stopping at filesystem boundary (GIT_DISCOVERY_ACROSS_FILESYSTEM not set).
2025-10-26 19:33:44.721 [info] > git for-each-ref --format=%(refname)%00%(upstream:short)%00%(objectname)%00%(upstream:track)%00%(upstream:remotename)%00%(upstream:remoteref) refs/heads/main refs/remotes/main [5ms]
2025-10-26 19:33:44.742 [info] > git rev-parse --show-toplevel [3ms]
2025-10-26 19:33:44.742 [info] fatal: not a git repository (or any parent up to mount point /)
Stopping at filesystem boundary (GIT_DISCOVERY_ACROSS_FILESYSTEM not set).
2025-10-26 19:33:44.768 [info] > git for-each-ref --sort -committerdate --format %(refname)%00%(objectname)%00%(*objectname) [5ms]
2025-10-26 19:33:44.809 [info] > git status -z -uall [61ms]
2025-10-26 19:33:44.857 [info] > git rev-parse --show-toplevel [89ms]
2025-10-26 19:33:44.857 [info] fatal: not a git repository (or any parent up to mount point /)
Stopping at filesystem boundary (GIT_DISCOVERY_ACROSS_FILESYSTEM not set).
2025-10-26 19:33:44.899 [info] > git for-each-ref --format=%(refname)%00%(upstream:short)%00%(objectname)%00%(upstream:track)%00%(upstream:remotename)%00%(upstream:remoteref) refs/heads/main refs/remotes/main [46ms]
2025-10-26 19:33:44.921 [info] > git config --get --local branch.main.vscode-merge-base [15ms]
2025-10-26 19:33:44.932 [info] > git rev-parse --show-toplevel [34ms]
2025-10-26 19:33:44.932 [info] fatal: not a git repository (or any parent up to mount point /)
Stopping at filesystem boundary (GIT_DISCOVERY_ACROSS_FILESYSTEM not set).
2025-10-26 19:33:44.933 [info] > git config --get commit.template [40ms]
2025-10-26 19:33:45.056 [info] > git for-each-ref --format=%(refname)%00%(upstream:short)%00%(objectname)%00%(upstream:track)%00%(upstream:remotename)%00%(upstream:remoteref) refs/heads/pixelcute-dots/main refs/remotes/pixelcute-dots/main [124ms]
2025-10-26 19:33:45.075 [info] > git merge-base refs/heads/main refs/remotes/pixelcute-dots/main [12ms]
2025-10-26 19:33:45.081 [info] > git rev-parse --show-toplevel [36ms]
2025-10-26 19:33:45.081 [info] fatal: not a git repository (or any parent up to mount point /)
Stopping at filesystem boundary (GIT_DISCOVERY_ACROSS_FILESYSTEM not set).
2025-10-26 19:33:45.082 [info] > git for-each-ref --format=%(refname)%00%(upstream:short)%00%(objectname)%00%(upstream:track)%00%(upstream:remotename)%00%(upstream:remoteref) refs/heads/main refs/remotes/main [8ms]
2025-10-26 19:33:45.091 [info] > git diff --name-status -z --diff-filter=ADMR 6ebe693ae6d9931147334bff911124e3eb4a8505...refs/remotes/pixelcute-dots/main [10ms]
2025-10-26 19:33:45.110 [info] > git status -z -uall [14ms]
2025-10-26 19:33:45.113 [info] > git rev-parse --show-toplevel [23ms]
2025-10-26 19:33:45.113 [info] fatal: not a git repository (or any parent up to mount point /)
Stopping at filesystem boundary (GIT_DISCOVERY_ACROSS_FILESYSTEM not set).
2025-10-26 19:33:45.117 [info] > git for-each-ref --sort -committerdate --format %(refname)%00%(objectname)%00%(*objectname) [12ms]
2025-10-26 19:33:45.130 [info] > git rev-parse --show-toplevel [14ms]
2025-10-26 19:33:45.130 [info] fatal: not a git repository (or any parent up to mount point /)
Stopping at filesystem boundary (GIT_DISCOVERY_ACROSS_FILESYSTEM not set).
2025-10-26 19:33:45.147 [info] > git rev-parse --show-toplevel [5ms]
2025-10-26 19:33:45.147 [info] fatal: not a git repository (or any parent up to mount point /)
Stopping at filesystem boundary (GIT_DISCOVERY_ACROSS_FILESYSTEM not set).
2025-10-26 19:33:45.153 [info] > git rev-parse --show-toplevel [2ms]
2025-10-26 19:33:45.153 [info] fatal: not a git repository (or any parent up to mount point /)
Stopping at filesystem boundary (GIT_DISCOVERY_ACROSS_FILESYSTEM not set).
2025-10-26 19:33:45.160 [info] > git rev-parse --show-toplevel [3ms]
2025-10-26 19:33:45.160 [info] fatal: not a git repository (or any parent up to mount point /)
Stopping at filesystem boundary (GIT_DISCOVERY_ACROSS_FILESYSTEM not set).
2025-10-26 19:33:45.171 [info] > git rev-parse --show-toplevel [6ms]
2025-10-26 19:33:45.171 [info] fatal: not a git repository (or any parent up to mount point /)
Stopping at filesystem boundary (GIT_DISCOVERY_ACROSS_FILESYSTEM not set).
2025-10-26 19:33:45.176 [info] > git rev-parse --show-toplevel [1ms]
2025-10-26 19:33:45.176 [info] fatal: not a git repository (or any parent up to mount point /)
Stopping at filesystem boundary (GIT_DISCOVERY_ACROSS_FILESYSTEM not set).
2025-10-26 19:33:45.182 [info] > git rev-parse --show-toplevel [1ms]
2025-10-26 19:33:45.182 [info] fatal: not a git repository (or any parent up to mount point /)
Stopping at filesystem boundary (GIT_DISCOVERY_ACROSS_FILESYSTEM not set).
2025-10-26 19:33:45.188 [info] > git rev-parse --show-toplevel [2ms]
2025-10-26 19:33:45.188 [info] fatal: not a git repository (or any parent up to mount point /)
Stopping at filesystem boundary (GIT_DISCOVERY_ACROSS_FILESYSTEM not set).
2025-10-26 19:33:45.194 [info] > git rev-parse --show-toplevel [1ms]
2025-10-26 19:33:45.194 [info] fatal: not a git repository (or any parent up to mount point /)
Stopping at filesystem boundary (GIT_DISCOVERY_ACROSS_FILESYSTEM not set).
2025-10-26 19:33:45.200 [info] > git rev-parse --show-toplevel [1ms]
2025-10-26 19:33:45.200 [info] fatal: not a git repository (or any parent up to mount point /)
Stopping at filesystem boundary (GIT_DISCOVERY_ACROSS_FILESYSTEM not set).
2025-10-26 19:33:45.206 [info] > git rev-parse --show-toplevel [1ms]
2025-10-26 19:33:45.206 [info] fatal: not a git repository (or any parent up to mount point /)
Stopping at filesystem boundary (GIT_DISCOVERY_ACROSS_FILESYSTEM not set).
2025-10-26 19:33:45.213 [info] > git rev-parse --show-toplevel [3ms]
2025-10-26 19:33:45.213 [info] fatal: not a git repository (or any parent up to mount point /)
Stopping at filesystem boundary (GIT_DISCOVERY_ACROSS_FILESYSTEM not set).
2025-10-26 19:33:45.275 [info] > git rev-parse --show-toplevel [59ms]
2025-10-26 19:33:45.275 [info] fatal: not a git repository (or any parent up to mount point /)
Stopping at filesystem boundary (GIT_DISCOVERY_ACROSS_FILESYSTEM not set).
2025-10-26 19:33:45.285 [info] > git rev-parse --show-toplevel [2ms]
2025-10-26 19:33:45.285 [info] fatal: not a git repository (or any parent up to mount point /)
Stopping at filesystem boundary (GIT_DISCOVERY_ACROSS_FILESYSTEM not set).
2025-10-26 19:33:45.292 [info] > git rev-parse --show-toplevel [2ms]
2025-10-26 19:33:45.292 [info] fatal: not a git repository (or any parent up to mount point /)
Stopping at filesystem boundary (GIT_DISCOVERY_ACROSS_FILESYSTEM not set).
2025-10-26 19:33:45.302 [info] > git rev-parse --show-toplevel [2ms]
2025-10-26 19:33:45.316 [info] > git rev-parse --git-dir --git-common-dir --show-superproject-working-tree [7ms]
2025-10-26 19:33:45.324 [info] [Model][openRepository] Opened repository (path): /home/shiri/godot-game
2025-10-26 19:33:45.324 [info] [Model][openRepository] Opened repository (real path): /home/shiri/godot-game
2025-10-26 19:33:45.324 [info] [Model][openRepository] Opened repository (kind): repository
2025-10-26 19:33:45.341 [info] > git check-ignore -v -z --stdin [27ms]
2025-10-26 19:33:45.345 [info] > git rev-parse --show-toplevel [3ms]
2025-10-26 19:33:45.345 [info] fatal: not a git repository (or any parent up to mount point /)
Stopping at filesystem boundary (GIT_DISCOVERY_ACROSS_FILESYSTEM not set).
2025-10-26 19:33:45.345 [info] [Model][doInitialScan] Initial repository scan completed - repositories (2), closed repositories (0), parent repositories (0), unsafe repositories (0)
2025-10-26 19:33:45.346 [info] > git config --get commit.template [14ms]
2025-10-26 19:33:45.358 [info] > git rev-parse --show-toplevel [5ms]
2025-10-26 19:33:45.358 [info] fatal: not a git repository (or any parent up to mount point /)
Stopping at filesystem boundary (GIT_DISCOVERY_ACROSS_FILESYSTEM not set).
2025-10-26 19:33:45.358 [info] > git for-each-ref --format=%(refname)%00%(upstream:short)%00%(objectname)%00%(upstream:track)%00%(upstream:remotename)%00%(upstream:remoteref) refs/heads/main refs/remotes/main [1ms]
2025-10-26 19:33:45.372 [info] > git status -z -uall [8ms]
2025-10-26 19:33:45.373 [info] > git for-each-ref --sort -committerdate --format %(refname)%00%(objectname)%00%(*objectname) [2ms]
2025-10-26 19:33:45.419 [info] > git for-each-ref --format=%(refname)%00%(upstream:short)%00%(objectname)%00%(upstream:track)%00%(upstream:remotename)%00%(upstream:remoteref) refs/heads/main refs/remotes/main [31ms]
2025-10-26 19:33:45.449 [info] > git config --get commit.template [40ms]
2025-10-26 19:33:45.452 [info] > git config --get --local branch.main.vscode-merge-base [14ms]
2025-10-26 19:33:45.452 [warning] [Git][config] git config failed: Failed to execute git
2025-10-26 19:33:45.474 [info] > git for-each-ref --format=%(refname)%00%(upstream:short)%00%(objectname)%00%(upstream:track)%00%(upstream:remotename)%00%(upstream:remoteref) refs/heads/main refs/remotes/main [3ms]
2025-10-26 19:33:45.475 [info] > git reflog main --grep-reflog=branch: Created from *. [10ms]
2025-10-26 19:33:45.496 [info] > git status -z -uall [7ms]
2025-10-26 19:33:45.496 [info] > git symbolic-ref --short refs/remotes/codename-erica/HEAD [16ms]
2025-10-26 19:33:45.500 [info] > git for-each-ref --sort -committerdate --format %(refname)%00%(objectname)%00%(*objectname) [5ms]
2025-10-26 19:33:45.505 [info] > git for-each-ref --format=%(refname)%00%(upstream:short)%00%(objectname)%00%(upstream:track)%00%(upstream:remotename)%00%(upstream:remoteref) refs/heads/codename-erica/main refs/remotes/codename-erica/main [6ms]
2025-10-26 19:33:45.532 [info] > git config --add --local branch.main.vscode-merge-base codename-erica/main [20ms]
2025-10-26 19:33:45.550 [info] > git config --get commit.template [3ms]
2025-10-26 19:33:45.558 [info] > git for-each-ref --format=%(refname)%00%(upstream:short)%00%(objectname)%00%(upstream:track)%00%(upstream:remotename)%00%(upstream:remoteref) refs/heads/main refs/remotes/main [2ms]
2025-10-26 19:33:45.572 [info] > git status -z -uall [6ms]
2025-10-26 19:33:45.573 [info] > git for-each-ref --sort -committerdate --format %(refname)%00%(objectname)%00%(*objectname) [2ms]
2025-10-26 19:33:45.603 [info] > git merge-base refs/heads/main refs/remotes/codename-erica/main [5ms]
2025-10-26 19:33:45.612 [info] > git merge-base refs/heads/main refs/remotes/codename-erica/main [27ms]
2025-10-26 19:33:45.620 [info] > git diff --name-status -z --diff-filter=ADMR a8d19b81ed144812d53e1ebcec637b4274e6eebf...refs/remotes/codename-erica/main [8ms]
2025-10-26 19:33:45.623 [info] > git diff --name-status -z --diff-filter=ADMR a8d19b81ed144812d53e1ebcec637b4274e6eebf...refs/remotes/codename-erica/main [4ms]
2025-10-26 19:33:45.858 [info] > git check-ignore -v -z --stdin [2ms]
2025-10-26 19:33:46.122 [info] > git rev-parse --show-toplevel [13ms]
2025-10-26 19:33:46.122 [info] fatal: not a git repository (or any parent up to mount point /)
Stopping at filesystem boundary (GIT_DISCOVERY_ACROSS_FILESYSTEM not set).
