[Error - 9:31:50 PM] Client qmlls: connection to server is erroring.
write EPIPE
Shutting down server.
[Error - 9:31:50 PM] Client qmlls: connection to server is erroring.
write EPIPE
[Error - 9:31:50 PM] Stopping server failed
Error: Client is not running and can't be stopped. It's current state is: starting
	at Pq.shutdown (/home/shiri/.vscode-oss/extensions/theqtcompany.qt-qml-1.8.0-universal/out/extension.js:87:8500)
	at Pq.stop (/home/shiri/.vscode-oss/extensions/theqtcompany.qt-qml-1.8.0-universal/out/extension.js:87:8079)
	at Pq.stop (/home/shiri/.vscode-oss/extensions/theqtcompany.qt-qml-1.8.0-universal/out/extension.js:90:31098)
	at Pq.handleConnectionError (/home/shiri/.vscode-oss/extensions/theqtcompany.qt-qml-1.8.0-universal/out/extension.js:89:63)
	at process.processTicksAndRejections (node:internal/process/task_queues:105:5)
[Error - 9:31:50 PM] Server initialization failed.
  Message: write EPIPE
  Code: -32099 
[Error - 9:31:50 PM] qmlls client: couldn't create connection to server.
  Message: write EPIPE
  Code: -32099 
[Info  - 9:31:50 PM] Connection to server got closed. Server will restart.
true
/home/shiri/.local/share/qmlls/files/qmlls: error while loading shared libraries: libodbc.so.2: cannot open shared object file: No such file or directory
[Error - 9:31:50 PM] Server process exited with code 127.
[Error - 9:31:50 PM] Server process exited with code 127.
[Error - 9:31:50 PM] Client qmlls: connection to server is erroring.
Cannot call write after a stream was destroyed
[Error - 9:31:50 PM] Server initialization failed.
  Message: Cannot call write after a stream was destroyed
  Code: -32099 
[Error - 9:31:50 PM] qmlls client: couldn't create connection to server.
  Message: Cannot call write after a stream was destroyed
  Code: -32099 
[Error - 9:31:50 PM] Restarting server failed
  Message: Cannot call write after a stream was destroyed
  Code: -32099 
[Info  - 9:31:50 PM] Connection to server got closed. Server will restart.
true
/home/shiri/.local/share/qmlls/files/qmlls: error while loading shared libraries: libodbc.so.2: cannot open shared object file: No such file or directory
[Error - 9:31:50 PM] Client qmlls: connection to server is erroring.
write EPIPE
Shutting down server.
[Error - 9:31:50 PM] Client qmlls: connection to server is erroring.
write EPIPE
[Error - 9:31:50 PM] Stopping server failed
Error: Client is not running and can't be stopped. It's current state is: starting
	at Pq.shutdown (/home/shiri/.vscode-oss/extensions/theqtcompany.qt-qml-1.8.0-universal/out/extension.js:87:8500)
	at Pq.stop (/home/shiri/.vscode-oss/extensions/theqtcompany.qt-qml-1.8.0-universal/out/extension.js:87:8079)
	at Pq.stop (/home/shiri/.vscode-oss/extensions/theqtcompany.qt-qml-1.8.0-universal/out/extension.js:90:31098)
	at Pq.handleConnectionError (/home/shiri/.vscode-oss/extensions/theqtcompany.qt-qml-1.8.0-universal/out/extension.js:89:63)
	at process.processTicksAndRejections (node:internal/process/task_queues:105:5)
[Error - 9:31:50 PM] Server initialization failed.
  Message: write EPIPE
  Code: -32099 
[Error - 9:31:50 PM] qmlls client: couldn't create connection to server.
  Message: write EPIPE
  Code: -32099 
[Error - 9:31:50 PM] Restarting server failed
  Message: write EPIPE
  Code: -32099 
[Info  - 9:31:50 PM] Connection to server got closed. Server will restart.
true
/home/shiri/.local/share/qmlls/files/qmlls: error while loading shared libraries: libodbc.so.2: cannot open shared object file: No such file or directory
[Error - 9:31:50 PM] Server process exited with code 127.
[Error - 9:31:50 PM] Server process exited with code 127.
[Error - 9:31:50 PM] Client qmlls: connection to server is erroring.
Cannot call write after a stream was destroyed
[Error - 9:31:50 PM] Server initialization failed.
  Message: Cannot call write after a stream was destroyed
  Code: -32099 
[Error - 9:31:50 PM] qmlls client: couldn't create connection to server.
  Message: Cannot call write after a stream was destroyed
  Code: -32099 
[Error - 9:31:50 PM] Restarting server failed
  Message: Cannot call write after a stream was destroyed
  Code: -32099 
[Info  - 9:31:50 PM] Connection to server got closed. Server will restart.
true
/home/shiri/.local/share/qmlls/files/qmlls: error while loading shared libraries: libodbc.so.2: cannot open shared object file: No such file or directory
[Error - 9:31:50 PM] Client qmlls: connection to server is erroring.
write EPIPE
Shutting down server.
[Error - 9:31:50 PM] Client qmlls: connection to server is erroring.
write EPIPE
[Error - 9:31:50 PM] Stopping server failed
Error: Client is not running and can't be stopped. It's current state is: starting
	at Pq.shutdown (/home/shiri/.vscode-oss/extensions/theqtcompany.qt-qml-1.8.0-universal/out/extension.js:87:8500)
	at Pq.stop (/home/shiri/.vscode-oss/extensions/theqtcompany.qt-qml-1.8.0-universal/out/extension.js:87:8079)
	at Pq.stop (/home/shiri/.vscode-oss/extensions/theqtcompany.qt-qml-1.8.0-universal/out/extension.js:90:31098)
	at Pq.handleConnectionError (/home/shiri/.vscode-oss/extensions/theqtcompany.qt-qml-1.8.0-universal/out/extension.js:89:63)
	at process.processTicksAndRejections (node:internal/process/task_queues:105:5)
[Error - 9:31:50 PM] Server initialization failed.
  Message: write EPIPE
  Code: -32099 
[Error - 9:31:50 PM] qmlls client: couldn't create connection to server.
  Message: write EPIPE
  Code: -32099 
[Error - 9:31:50 PM] Restarting server failed
  Message: write EPIPE
  Code: -32099 
[Error - 9:31:50 PM] The qmlls server crashed 5 times in the last 3 minutes. The server will not be restarted. See the output for more information.
/home/shiri/.local/share/qmlls/files/qmlls: error while loading shared libraries: libodbc.so.2: cannot open shared object file: No such file or directory
[Error - 9:31:50 PM] Server process exited with code 127.
