2025-10-26 15:13:09.011 [info] [main] Log level: Info
2025-10-26 15:13:09.011 [info] [main] Validating found git in: "git"
2025-10-26 15:13:09.011 [info] [main] Using git "2.51.1" from "git"
2025-10-26 15:13:09.011 [info] [Model][doInitialScan] Initial repository scan started
2025-10-26 15:13:09.011 [info] > git rev-parse --show-toplevel [23ms]
2025-10-26 15:13:09.011 [info] > git rev-parse --git-dir --git-common-dir --show-superproject-working-tree [8ms]
2025-10-26 15:13:09.011 [info] [Model][openRepository] Opened repository (path): /home/shiri/.config
2025-10-26 15:13:09.011 [info] [Model][openRepository] Opened repository (real path): /home/shiri/.config
2025-10-26 15:13:09.011 [info] [Model][openRepository] Opened repository (kind): repository
2025-10-26 15:13:09.011 [info] > git config --get commit.template [7ms]
2025-10-26 15:13:09.011 [info] > git rev-parse --show-toplevel [4ms]
2025-10-26 15:13:09.011 [info] > git for-each-ref --format=%(refname)%00%(upstream:short)%00%(objectname)%00%(upstream:track)%00%(upstream:remotename)%00%(upstream:remoteref) refs/heads/main refs/remotes/main [10ms]
2025-10-26 15:13:09.011 [info] > git rev-parse --git-dir --git-common-dir --show-superproject-working-tree [14ms]
2025-10-26 15:13:09.011 [info] [Model][openRepository] Opened repository (path): /home/shiri/.config/quickshell-examples
2025-10-26 15:13:09.011 [info] [Model][openRepository] Opened repository (real path): /home/shiri/.config/quickshell-examples
2025-10-26 15:13:09.011 [info] [Model][openRepository] Opened repository (kind): repository
2025-10-26 15:13:09.017 [info] > git config --get commit.template [2ms]
2025-10-26 15:13:09.036 [info] > git status -z -uall [14ms]
2025-10-26 15:13:09.040 [info] > git for-each-ref --sort -committerdate --format %(refname)%00%(objectname)%00%(*objectname) [12ms]
2025-10-26 15:13:09.193 [info] > git for-each-ref --format=%(refname)%00%(upstream:short)%00%(objectname)%00%(upstream:track)%00%(upstream:remotename)%00%(upstream:remoteref) refs/heads/main refs/remotes/main [117ms]
2025-10-26 15:13:09.197 [info] > git for-each-ref --format=%(refname)%00%(upstream:short)%00%(objectname)%00%(upstream:track)%00%(upstream:remotename)%00%(upstream:remoteref) refs/heads/master refs/remotes/master [163ms]
2025-10-26 15:13:09.216 [warning] [Git][revParse] Unable to read file: ENOENT: no such file or directory, open '/home/shiri/.config/quickshell-examples/.git/refs/remotes/origin/master'
2025-10-26 15:13:09.217 [info] > git config --get --local branch.main.vscode-merge-base [21ms]
2025-10-26 15:13:09.221 [info] > git config --get commit.template [36ms]
2025-10-26 15:13:09.224 [info] > git for-each-ref --format=%(refname)%00%(upstream:short)%00%(objectname)%00%(upstream:track)%00%(upstream:remotename)%00%(upstream:remoteref) refs/heads/pixelcute-dots/main refs/remotes/pixelcute-dots/main [3ms]
2025-10-26 15:13:09.229 [info] > git rev-parse refs/remotes/origin/master [13ms]
2025-10-26 15:13:09.242 [info] > git for-each-ref --sort -committerdate --format %(refname)%00%(objectname)%00%(*objectname) [7ms]
2025-10-26 15:13:09.243 [info] > git merge-base refs/heads/main refs/remotes/pixelcute-dots/main [14ms]
2025-10-26 15:13:09.249 [info] > git status -z -uall [16ms]
2025-10-26 15:13:09.249 [info] > git for-each-ref --format=%(refname)%00%(upstream:short)%00%(objectname)%00%(upstream:track)%00%(upstream:remotename)%00%(upstream:remoteref) refs/heads/main refs/remotes/main [9ms]
2025-10-26 15:13:09.265 [info] > git for-each-ref --format=%(refname)%00%(upstream:short)%00%(objectname)%00%(upstream:track)%00%(upstream:remotename)%00%(upstream:remoteref) refs/heads/master refs/remotes/master [7ms]
2025-10-26 15:13:09.270 [info] > git diff --name-status -z --diff-filter=ADMR 6ebe693ae6d9931147334bff911124e3eb4a8505...refs/remotes/pixelcute-dots/main [24ms]
2025-10-26 15:13:09.277 [info] > git config --get --local branch.master.vscode-merge-base [8ms]
2025-10-26 15:13:09.280 [info] > git config --get commit.template [15ms]
2025-10-26 15:13:09.282 [info] > git for-each-ref --format=%(refname)%00%(upstream:short)%00%(objectname)%00%(upstream:track)%00%(upstream:remotename)%00%(upstream:remoteref) refs/heads/origin/master refs/remotes/origin/master [2ms]
2025-10-26 15:13:09.299 [info] > git status -z -uall [9ms]
2025-10-26 15:13:09.299 [info] > git for-each-ref --sort -committerdate --format %(refname)%00%(objectname)%00%(*objectname) [5ms]
2025-10-26 15:13:09.304 [info] > git merge-base refs/heads/master refs/remotes/origin/master [19ms]
2025-10-26 15:13:09.308 [info] > git for-each-ref --format=%(refname)%00%(upstream:short)%00%(objectname)%00%(upstream:track)%00%(upstream:remotename)%00%(upstream:remoteref) refs/heads/master refs/remotes/master [11ms]
2025-10-26 15:13:09.352 [warning] [Git][revParse] Unable to read file: ENOENT: no such file or directory, open '/home/shiri/.config/quickshell-examples/.git/refs/remotes/origin/master'
2025-10-26 15:13:09.352 [info] > git diff --name-status -z --diff-filter=ADMR c6d1236efe265ae34e8c78a27ee9e196ea19d895...refs/remotes/origin/master [45ms]
2025-10-26 15:13:09.357 [info] > git rev-parse refs/remotes/origin/master [5ms]
2025-10-26 15:13:09.363 [info] > git rev-parse --show-toplevel [15ms]
2025-10-26 15:13:09.368 [info] > git status -z -uall [8ms]
2025-10-26 15:13:09.368 [info] > git for-each-ref --sort -committerdate --format %(refname)%00%(objectname)%00%(*objectname) [5ms]
2025-10-26 15:13:09.371 [info] > git rev-parse --show-toplevel [4ms]
2025-10-26 15:13:09.377 [info] > git rev-parse --show-toplevel [1ms]
2025-10-26 15:13:09.381 [info] > git rev-parse --show-toplevel [1ms]
2025-10-26 15:13:09.386 [info] > git rev-parse --show-toplevel [2ms]
2025-10-26 15:13:09.390 [info] > git rev-parse --show-toplevel [2ms]
2025-10-26 15:13:09.393 [info] > git rev-parse --show-toplevel [0ms]
2025-10-26 15:13:09.397 [info] > git rev-parse --show-toplevel [1ms]
2025-10-26 15:13:09.420 [info] > git rev-parse --show-toplevel [20ms]
2025-10-26 15:13:09.425 [info] > git rev-parse --show-toplevel [1ms]
2025-10-26 15:13:09.429 [info] > git rev-parse --show-toplevel [1ms]
2025-10-26 15:13:09.433 [info] > git rev-parse --show-toplevel [1ms]
2025-10-26 15:13:09.437 [info] > git rev-parse --show-toplevel [1ms]
2025-10-26 15:13:09.441 [info] > git rev-parse --show-toplevel [1ms]
2025-10-26 15:13:09.445 [info] > git rev-parse --show-toplevel [1ms]
2025-10-26 15:13:09.449 [info] > git rev-parse --show-toplevel [1ms]
2025-10-26 15:13:09.453 [info] > git rev-parse --show-toplevel [1ms]
2025-10-26 15:13:09.456 [info] > git rev-parse --show-toplevel [1ms]
2025-10-26 15:13:09.461 [info] > git rev-parse --show-toplevel [1ms]
2025-10-26 15:13:09.465 [info] > git rev-parse --show-toplevel [1ms]
2025-10-26 15:13:09.470 [info] > git rev-parse --show-toplevel [1ms]
2025-10-26 15:13:09.474 [info] > git rev-parse --show-toplevel [1ms]
2025-10-26 15:13:09.478 [info] > git rev-parse --show-toplevel [1ms]
2025-10-26 15:13:09.482 [info] > git rev-parse --show-toplevel [1ms]
2025-10-26 15:13:09.487 [info] > git rev-parse --show-toplevel [1ms]
2025-10-26 15:13:09.488 [info] [Model][doInitialScan] Initial repository scan completed - repositories (2), closed repositories (0), parent repositories (0), unsafe repositories (0)
2025-10-26 15:13:09.495 [info] > git show --textconv :README.md [3ms]
2025-10-26 15:13:09.496 [info] > git ls-files --stage -- README.md [1ms]
2025-10-26 15:13:09.501 [info] > git cat-file -s 3ea1f82a5d09b9212ef09c030201485f7277345c [2ms]
2025-10-26 15:13:09.701 [info] > git check-ignore -v -z --stdin [16ms]
2025-10-26 15:13:09.702 [info] > git check-ignore -v -z --stdin [6ms]
2025-10-26 15:13:11.740 [info] > git config --get commit.template [11ms]
2025-10-26 15:13:11.742 [info] > git for-each-ref --format=%(refname)%00%(upstream:short)%00%(objectname)%00%(upstream:track)%00%(upstream:remotename)%00%(upstream:remoteref) refs/heads/main refs/remotes/main [4ms]
2025-10-26 15:13:11.766 [info] > git status -z -uall [13ms]
2025-10-26 15:13:11.770 [info] > git for-each-ref --sort -committerdate --format %(refname)%00%(objectname)%00%(*objectname) [6ms]
2025-10-26 15:13:12.161 [info] > git check-ignore -v -z --stdin [3ms]
2025-10-26 15:13:14.484 [info] > git check-ignore -v -z --stdin [4ms]
2025-10-26 15:13:16.797 [info] > git config --get commit.template [4ms]
2025-10-26 15:13:16.797 [info] > git for-each-ref --format=%(refname)%00%(upstream:short)%00%(objectname)%00%(upstream:track)%00%(upstream:remotename)%00%(upstream:remoteref) refs/heads/main refs/remotes/main [1ms]
2025-10-26 15:13:16.804 [info] > git status -z -uall [4ms]
2025-10-26 15:13:16.805 [info] > git for-each-ref --sort -committerdate --format %(refname)%00%(objectname)%00%(*objectname) [2ms]
2025-10-26 15:13:20.187 [info] > git show --textconv :quickshell/pc/Lockscreen.qml [4ms]
2025-10-26 15:13:20.188 [info] > git ls-files --stage -- quickshell/pc/Lockscreen.qml [1ms]
2025-10-26 15:13:20.192 [info] > git cat-file -s e69de29bb2d1d6434b8b29ae775ad8c2e48c5391 [1ms]
2025-10-26 15:13:20.684 [info] > git ls-files --stage -- quickshell/pc/Logout.qml [1ms]
2025-10-26 15:13:20.686 [info] > git show --textconv :quickshell/pc/Logout.qml [7ms]
2025-10-26 15:13:20.687 [info] > git cat-file -s 98c90525eed195a3ab28dc5ed09a4f605201c682 [1ms]
2025-10-26 15:13:20.713 [info] > git blame --root --incremental 6ebe693ae6d9931147334bff911124e3eb4a8505 -- quickshell/pc/Logout.qml [12ms]
2025-10-26 15:13:22.453 [info] > git config --get commit.template [12ms]
2025-10-26 15:13:22.456 [info] > git for-each-ref --format=%(refname)%00%(upstream:short)%00%(objectname)%00%(upstream:track)%00%(upstream:remotename)%00%(upstream:remoteref) refs/heads/main refs/remotes/main [5ms]
2025-10-26 15:13:22.481 [info] > git status -z -uall [14ms]
2025-10-26 15:13:22.484 [info] > git for-each-ref --sort -committerdate --format %(refname)%00%(objectname)%00%(*objectname) [6ms]
2025-10-26 15:13:24.077 [info] > git show --textconv :quickshell/pc/Volume.qml [4ms]
2025-10-26 15:13:24.078 [info] > git ls-files --stage -- quickshell/pc/Volume.qml [1ms]
2025-10-26 15:13:24.082 [info] > git cat-file -s 3ef928bd176436e19cc75e6d6c301159eb5e120e [2ms]
2025-10-26 15:13:24.680 [info] > git show --textconv :quickshell/pc/shell.qml [14ms]
2025-10-26 15:13:24.682 [info] > git ls-files --stage -- quickshell/pc/shell.qml [4ms]
2025-10-26 15:13:24.690 [info] > git cat-file -s a77a5ca9607bfb8130df62642ecf5172c48e3ad3 [3ms]
2025-10-26 15:13:24.721 [info] > git blame --root --incremental 6ebe693ae6d9931147334bff911124e3eb4a8505 -- quickshell/pc/shell.qml [24ms]
2025-10-26 15:13:27.523 [info] > git config --get commit.template [13ms]
2025-10-26 15:13:27.527 [info] > git for-each-ref --format=%(refname)%00%(upstream:short)%00%(objectname)%00%(upstream:track)%00%(upstream:remotename)%00%(upstream:remoteref) refs/heads/main refs/remotes/main [5ms]
2025-10-26 15:13:27.551 [info] > git status -z -uall [13ms]
2025-10-26 15:13:27.553 [info] > git for-each-ref --sort -committerdate --format %(refname)%00%(objectname)%00%(*objectname) [4ms]
2025-10-26 15:13:29.369 [info] > git check-ignore -v -z --stdin [13ms]
2025-10-26 15:13:30.078 [info] > git show --textconv :wlogout/LogoutButton.qml [8ms]
2025-10-26 15:13:30.080 [info] > git ls-files --stage -- wlogout/LogoutButton.qml [3ms]
2025-10-26 15:13:30.089 [info] > git cat-file -s cc8e3b3bc1b46e4209330d8a798acb17ac3ea41d [3ms]
2025-10-26 15:13:31.119 [info] > git show --textconv :wlogout/README.md [8ms]
2025-10-26 15:13:31.120 [info] > git ls-files --stage -- wlogout/README.md [2ms]
2025-10-26 15:13:31.125 [info] > git cat-file -s bb24b5fee55cc5a0996654dea1216f23fdb78433 [1ms]
2025-10-26 15:13:31.695 [info] > git show --textconv :wlogout/shell.qml [15ms]
2025-10-26 15:13:31.699 [info] > git ls-files --stage -- wlogout/shell.qml [5ms]
2025-10-26 15:13:31.715 [info] > git cat-file -s 178d133564d7f179e22dcbafc8c4b59ffe0d5a18 [5ms]
2025-10-26 15:13:32.801 [info] > git config --get commit.template [9ms]
2025-10-26 15:13:32.803 [info] > git for-each-ref --format=%(refname)%00%(upstream:short)%00%(objectname)%00%(upstream:track)%00%(upstream:remotename)%00%(upstream:remoteref) refs/heads/main refs/remotes/main [3ms]
2025-10-26 15:13:32.813 [info] > git status -z -uall [5ms]
2025-10-26 15:13:32.815 [info] > git for-each-ref --sort -committerdate --format %(refname)%00%(objectname)%00%(*objectname) [2ms]
2025-10-26 15:13:35.237 [info] > git show --textconv :quickshell/pc/shell.qml [6ms]
2025-10-26 15:13:35.237 [info] > git ls-files --stage -- quickshell/pc/shell.qml [1ms]
2025-10-26 15:13:35.243 [info] > git cat-file -s a77a5ca9607bfb8130df62642ecf5172c48e3ad3 [1ms]
2025-10-26 15:13:37.281 [info] > git show --textconv :wlogout/shell.qml [5ms]
2025-10-26 15:13:37.281 [info] > git ls-files --stage -- wlogout/shell.qml [1ms]
2025-10-26 15:13:37.287 [info] > git cat-file -s 178d133564d7f179e22dcbafc8c4b59ffe0d5a18 [2ms]
2025-10-26 15:13:37.762 [info] > git show --textconv :wlogout/WLogout.qml [4ms]
2025-10-26 15:13:37.763 [info] > git ls-files --stage -- wlogout/WLogout.qml [2ms]
2025-10-26 15:13:37.768 [info] > git cat-file -s 4a0f17c0fc61def953ede6d3cf8b170887d81464 [1ms]
2025-10-26 15:13:37.834 [info] > git config --get commit.template [7ms]
2025-10-26 15:13:37.835 [info] > git for-each-ref --format=%(refname)%00%(upstream:short)%00%(objectname)%00%(upstream:track)%00%(upstream:remotename)%00%(upstream:remoteref) refs/heads/main refs/remotes/main [2ms]
2025-10-26 15:13:37.849 [info] > git status -z -uall [7ms]
2025-10-26 15:13:37.851 [info] > git for-each-ref --sort -committerdate --format %(refname)%00%(objectname)%00%(*objectname) [3ms]
2025-10-26 15:13:39.767 [info] > git show --textconv :quickshell/pc/Volume.qml [7ms]
2025-10-26 15:13:39.769 [info] > git ls-files --stage -- quickshell/pc/Volume.qml [2ms]
2025-10-26 15:13:39.776 [info] > git cat-file -s 3ef928bd176436e19cc75e6d6c301159eb5e120e [3ms]
2025-10-26 15:13:47.622 [info] > git check-ignore -v -z --stdin [4ms]
2025-10-26 15:13:48.415 [info] > git show --textconv :volume-osd/shell.qml [6ms]
2025-10-26 15:13:48.416 [info] > git ls-files --stage -- volume-osd/shell.qml [2ms]
2025-10-26 15:13:48.421 [info] > git cat-file -s fcd37ff2cd73e04a17a4f6e0b88547b75bfc537f [1ms]
2025-10-26 15:13:48.465 [info] > git config --get commit.template [5ms]
2025-10-26 15:13:48.466 [info] > git for-each-ref --format=%(refname)%00%(upstream:short)%00%(objectname)%00%(upstream:track)%00%(upstream:remotename)%00%(upstream:remoteref) refs/heads/main refs/remotes/main [2ms]
2025-10-26 15:13:48.476 [info] > git status -z -uall [6ms]
2025-10-26 15:13:48.477 [info] > git for-each-ref --sort -committerdate --format %(refname)%00%(objectname)%00%(*objectname) [2ms]
2025-10-26 15:13:53.494 [info] > git config --get commit.template [3ms]
2025-10-26 15:13:53.495 [info] > git for-each-ref --format=%(refname)%00%(upstream:short)%00%(objectname)%00%(upstream:track)%00%(upstream:remotename)%00%(upstream:remoteref) refs/heads/main refs/remotes/main [1ms]
2025-10-26 15:13:53.501 [info] > git status -z -uall [3ms]
2025-10-26 15:13:53.502 [info] > git for-each-ref --sort -committerdate --format %(refname)%00%(objectname)%00%(*objectname) [1ms]
2025-10-26 15:13:59.494 [info] > git check-ignore -v -z --stdin [4ms]
2025-10-26 15:14:01.021 [info] > git show --textconv :quickshell/pc/Wallpaper.qml [18ms]
2025-10-26 15:14:01.024 [info] > git ls-files --stage -- quickshell/pc/Wallpaper.qml [4ms]
2025-10-26 15:14:01.033 [info] > git cat-file -s 73a4774a4f08a9273e2c52965e44e152ae2aba47 [5ms]
2025-10-26 15:14:01.423 [info] > git show --textconv :quickshell/pc/Volume.qml [14ms]
2025-10-26 15:14:01.426 [info] > git ls-files --stage -- quickshell/pc/Volume.qml [4ms]
2025-10-26 15:14:01.434 [info] > git cat-file -s 3ef928bd176436e19cc75e6d6c301159eb5e120e [2ms]
2025-10-26 15:14:01.531 [info] > git config --get commit.template [13ms]
2025-10-26 15:14:01.535 [info] > git for-each-ref --format=%(refname)%00%(upstream:short)%00%(objectname)%00%(upstream:track)%00%(upstream:remotename)%00%(upstream:remoteref) refs/heads/main refs/remotes/main [5ms]
2025-10-26 15:14:01.561 [info] > git status -z -uall [14ms]
2025-10-26 15:14:01.563 [info] > git for-each-ref --sort -committerdate --format %(refname)%00%(objectname)%00%(*objectname) [5ms]
2025-10-26 15:14:02.735 [info] > git show --textconv :quickshell/pc/Wallpaper.qml [12ms]
2025-10-26 15:14:02.738 [info] > git ls-files --stage -- quickshell/pc/Wallpaper.qml [3ms]
2025-10-26 15:14:02.749 [info] > git cat-file -s 73a4774a4f08a9273e2c52965e44e152ae2aba47 [3ms]
2025-10-26 15:14:03.467 [info] > git check-ignore -v -z --stdin [5ms]
2025-10-26 15:14:06.593 [info] > git config --get commit.template [12ms]
2025-10-26 15:14:06.596 [info] > git for-each-ref --format=%(refname)%00%(upstream:short)%00%(objectname)%00%(upstream:track)%00%(upstream:remotename)%00%(upstream:remoteref) refs/heads/main refs/remotes/main [4ms]
2025-10-26 15:14:06.623 [info] > git status -z -uall [15ms]
2025-10-26 15:14:06.626 [info] > git for-each-ref --sort -committerdate --format %(refname)%00%(objectname)%00%(*objectname) [6ms]
2025-10-26 15:14:06.790 [info] > git check-ignore -v -z --stdin [4ms]
2025-10-26 15:14:07.468 [info] > git show --textconv :activate_linux/shell.qml [7ms]
2025-10-26 15:14:07.469 [info] > git ls-files --stage -- activate_linux/shell.qml [2ms]
2025-10-26 15:14:07.475 [info] > git cat-file -s d5e442e34d8dcb808d810a109c8b837d6604ec30 [2ms]
2025-10-26 15:14:08.231 [info] > git blame --root --incremental c6d1236efe265ae34e8c78a27ee9e196ea19d895 -- activate_linux/shell.qml [2ms]
2025-10-26 15:14:10.937 [info] > git show --textconv :quickshell/pc/Wallpaper.qml [4ms]
2025-10-26 15:14:10.939 [info] > git ls-files --stage -- quickshell/pc/Wallpaper.qml [2ms]
2025-10-26 15:14:10.944 [info] > git cat-file -s 73a4774a4f08a9273e2c52965e44e152ae2aba47 [1ms]
2025-10-26 15:14:11.108 [info] > git blame --root --incremental 6ebe693ae6d9931147334bff911124e3eb4a8505 -- quickshell/pc/Wallpaper.qml [20ms]
2025-10-26 15:14:11.662 [info] > git config --get commit.template [13ms]
2025-10-26 15:14:11.666 [info] > git for-each-ref --format=%(refname)%00%(upstream:short)%00%(objectname)%00%(upstream:track)%00%(upstream:remotename)%00%(upstream:remoteref) refs/heads/main refs/remotes/main [5ms]
2025-10-26 15:14:11.693 [info] > git status -z -uall [15ms]
2025-10-26 15:14:11.697 [info] > git for-each-ref --sort -committerdate --format %(refname)%00%(objectname)%00%(*objectname) [6ms]
2025-10-26 15:14:16.731 [info] > git config --get commit.template [13ms]
2025-10-26 15:14:16.734 [info] > git for-each-ref --format=%(refname)%00%(upstream:short)%00%(objectname)%00%(upstream:track)%00%(upstream:remotename)%00%(upstream:remoteref) refs/heads/main refs/remotes/main [5ms]
2025-10-26 15:14:16.752 [info] > git status -z -uall [9ms]
2025-10-26 15:14:16.755 [info] > git for-each-ref --sort -committerdate --format %(refname)%00%(objectname)%00%(*objectname) [4ms]
2025-10-26 15:14:18.013 [info] > git show --textconv :quickshell/pc/Volume.qml [11ms]
2025-10-26 15:14:18.015 [info] > git ls-files --stage -- quickshell/pc/Volume.qml [3ms]
2025-10-26 15:14:18.022 [info] > git cat-file -s 3ef928bd176436e19cc75e6d6c301159eb5e120e [2ms]
2025-10-26 15:14:24.572 [info] > git blame --root --incremental 6ebe693ae6d9931147334bff911124e3eb4a8505 -- quickshell/pc/Volume.qml [4ms]
2025-10-26 15:14:28.110 [info] > git config --get commit.template [15ms]
2025-10-26 15:14:28.112 [info] > git for-each-ref --format=%(refname)%00%(upstream:short)%00%(objectname)%00%(upstream:track)%00%(upstream:remotename)%00%(upstream:remoteref) refs/heads/main refs/remotes/main [4ms]
2025-10-26 15:14:28.126 [info] > git status -z -uall [7ms]
2025-10-26 15:14:28.128 [info] > git for-each-ref --sort -committerdate --format %(refname)%00%(objectname)%00%(*objectname) [3ms]
2025-10-26 15:14:35.279 [info] > git show --textconv :quickshell/pc/shell.qml [12ms]
2025-10-26 15:14:35.281 [info] > git ls-files --stage -- quickshell/pc/shell.qml [3ms]
2025-10-26 15:14:35.288 [info] > git cat-file -s a77a5ca9607bfb8130df62642ecf5172c48e3ad3 [2ms]
2025-10-26 15:14:36.318 [info] > git show --textconv :quickshell/pc/Volume.qml [12ms]
2025-10-26 15:14:36.320 [info] > git ls-files --stage -- quickshell/pc/Volume.qml [3ms]
2025-10-26 15:14:36.330 [info] > git cat-file -s 3ef928bd176436e19cc75e6d6c301159eb5e120e [3ms]
2025-10-26 15:14:37.258 [info] > git show --textconv :quickshell/pc/Wallpaper.qml [7ms]
2025-10-26 15:14:37.260 [info] > git ls-files --stage -- quickshell/pc/Wallpaper.qml [2ms]
2025-10-26 15:14:37.265 [info] > git cat-file -s 73a4774a4f08a9273e2c52965e44e152ae2aba47 [2ms]
2025-10-26 15:14:38.063 [info] > git config --get commit.template [6ms]
2025-10-26 15:14:38.065 [info] > git for-each-ref --format=%(refname)%00%(upstream:short)%00%(objectname)%00%(upstream:track)%00%(upstream:remotename)%00%(upstream:remoteref) refs/heads/main refs/remotes/main [2ms]
2025-10-26 15:14:38.074 [info] > git status -z -uall [5ms]
2025-10-26 15:14:38.076 [info] > git for-each-ref --sort -committerdate --format %(refname)%00%(objectname)%00%(*objectname) [2ms]
2025-10-26 15:14:39.394 [info] > git show --textconv :quickshell/pc/Volume.qml [10ms]
2025-10-26 15:14:39.395 [info] > git ls-files --stage -- quickshell/pc/Volume.qml [3ms]
2025-10-26 15:14:39.402 [info] > git cat-file -s 3ef928bd176436e19cc75e6d6c301159eb5e120e [2ms]
2025-10-26 15:14:40.508 [info] > git show --textconv :quickshell/pc/shell.qml [10ms]
2025-10-26 15:14:40.510 [info] > git ls-files --stage -- quickshell/pc/shell.qml [3ms]
2025-10-26 15:14:40.519 [info] > git cat-file -s a77a5ca9607bfb8130df62642ecf5172c48e3ad3 [3ms]
2025-10-26 15:14:43.057 [info] > git show --textconv :quickshell/pc/Lockscreen.qml [13ms]
2025-10-26 15:14:43.060 [info] > git ls-files --stage -- quickshell/pc/Lockscreen.qml [4ms]
2025-10-26 15:14:43.070 [info] > git cat-file -s e69de29bb2d1d6434b8b29ae775ad8c2e48c5391 [2ms]
2025-10-26 15:14:43.335 [info] > git config --get commit.template [14ms]
2025-10-26 15:14:43.339 [info] > git for-each-ref --format=%(refname)%00%(upstream:short)%00%(objectname)%00%(upstream:track)%00%(upstream:remotename)%00%(upstream:remoteref) refs/heads/main refs/remotes/main [5ms]
2025-10-26 15:14:43.359 [info] > git status -z -uall [10ms]
2025-10-26 15:14:43.360 [info] > git for-each-ref --sort -committerdate --format %(refname)%00%(objectname)%00%(*objectname) [2ms]
2025-10-26 15:14:43.728 [info] > git show --textconv :quickshell/pc/Logout.qml [9ms]
2025-10-26 15:14:43.731 [info] > git ls-files --stage -- quickshell/pc/Logout.qml [4ms]
2025-10-26 15:14:43.741 [info] > git cat-file -s 98c90525eed195a3ab28dc5ed09a4f605201c682 [3ms]
2025-10-26 15:14:49.970 [info] > git config --get commit.template [14ms]
2025-10-26 15:14:49.973 [info] > git for-each-ref --format=%(refname)%00%(upstream:short)%00%(objectname)%00%(upstream:track)%00%(upstream:remotename)%00%(upstream:remoteref) refs/heads/main refs/remotes/main [5ms]
2025-10-26 15:14:49.993 [info] > git status -z -uall [9ms]
2025-10-26 15:14:49.995 [info] > git for-each-ref --sort -committerdate --format %(refname)%00%(objectname)%00%(*objectname) [3ms]
2025-10-26 15:14:55.005 [info] > git config --get commit.template [3ms]
2025-10-26 15:14:55.006 [info] > git for-each-ref --format=%(refname)%00%(upstream:short)%00%(objectname)%00%(upstream:track)%00%(upstream:remotename)%00%(upstream:remoteref) refs/heads/main refs/remotes/main [1ms]
2025-10-26 15:14:55.013 [info] > git status -z -uall [4ms]
2025-10-26 15:14:55.014 [info] > git for-each-ref --sort -committerdate --format %(refname)%00%(objectname)%00%(*objectname) [1ms]
2025-10-26 15:15:03.327 [info] > git config --get commit.template [5ms]
2025-10-26 15:15:03.328 [info] > git for-each-ref --format=%(refname)%00%(upstream:short)%00%(objectname)%00%(upstream:track)%00%(upstream:remotename)%00%(upstream:remoteref) refs/heads/main refs/remotes/main [2ms]
2025-10-26 15:15:03.336 [info] > git status -z -uall [4ms]
2025-10-26 15:15:03.337 [info] > git for-each-ref --sort -committerdate --format %(refname)%00%(objectname)%00%(*objectname) [1ms]
2025-10-26 15:15:03.682 [info] > git show --textconv :quickshell/pc/Volume.qml [16ms]
2025-10-26 15:15:03.682 [info] > git ls-files --stage -- quickshell/pc/Volume.qml [1ms]
2025-10-26 15:15:03.691 [info] > git cat-file -s 3ef928bd176436e19cc75e6d6c301159eb5e120e [1ms]
2025-10-26 15:15:04.095 [info] > git show --textconv :quickshell/pc/Wallpaper.qml [7ms]
2025-10-26 15:15:04.096 [info] > git ls-files --stage -- quickshell/pc/Wallpaper.qml [2ms]
2025-10-26 15:15:04.102 [info] > git cat-file -s 73a4774a4f08a9273e2c52965e44e152ae2aba47 [1ms]
2025-10-26 15:15:08.352 [info] > git config --get commit.template [3ms]
2025-10-26 15:15:08.353 [info] > git for-each-ref --format=%(refname)%00%(upstream:short)%00%(objectname)%00%(upstream:track)%00%(upstream:remotename)%00%(upstream:remoteref) refs/heads/main refs/remotes/main [1ms]
2025-10-26 15:15:08.360 [info] > git status -z -uall [4ms]
2025-10-26 15:15:08.361 [info] > git for-each-ref --sort -committerdate --format %(refname)%00%(objectname)%00%(*objectname) [1ms]
2025-10-26 15:15:30.281 [info] > git config --get commit.template [4ms]
2025-10-26 15:15:30.281 [info] > git for-each-ref --format=%(refname)%00%(upstream:short)%00%(objectname)%00%(upstream:track)%00%(upstream:remotename)%00%(upstream:remoteref) refs/heads/main refs/remotes/main [1ms]
2025-10-26 15:15:30.289 [info] > git status -z -uall [4ms]
2025-10-26 15:15:30.289 [info] > git for-each-ref --sort -committerdate --format %(refname)%00%(objectname)%00%(*objectname) [1ms]
2025-10-26 15:15:35.319 [info] > git config --get commit.template [14ms]
2025-10-26 15:15:35.322 [info] > git for-each-ref --format=%(refname)%00%(upstream:short)%00%(objectname)%00%(upstream:track)%00%(upstream:remotename)%00%(upstream:remoteref) refs/heads/main refs/remotes/main [5ms]
2025-10-26 15:15:35.338 [info] > git status -z -uall [7ms]
2025-10-26 15:15:35.340 [info] > git for-each-ref --sort -committerdate --format %(refname)%00%(objectname)%00%(*objectname) [3ms]
2025-10-26 15:15:40.372 [info] > git config --get commit.template [14ms]
2025-10-26 15:15:40.375 [info] > git for-each-ref --format=%(refname)%00%(upstream:short)%00%(objectname)%00%(upstream:track)%00%(upstream:remotename)%00%(upstream:remoteref) refs/heads/main refs/remotes/main [5ms]
2025-10-26 15:15:40.388 [info] > git status -z -uall [6ms]
2025-10-26 15:15:40.390 [info] > git for-each-ref --sort -committerdate --format %(refname)%00%(objectname)%00%(*objectname) [3ms]
2025-10-26 15:15:45.425 [info] > git config --get commit.template [16ms]
2025-10-26 15:15:45.427 [info] > git for-each-ref --format=%(refname)%00%(upstream:short)%00%(objectname)%00%(upstream:track)%00%(upstream:remotename)%00%(upstream:remoteref) refs/heads/main refs/remotes/main [4ms]
2025-10-26 15:15:45.440 [info] > git status -z -uall [6ms]
2025-10-26 15:15:45.443 [info] > git for-each-ref --sort -committerdate --format %(refname)%00%(objectname)%00%(*objectname) [4ms]
2025-10-26 15:15:50.471 [info] > git config --get commit.template [12ms]
2025-10-26 15:15:50.475 [info] > git for-each-ref --format=%(refname)%00%(upstream:short)%00%(objectname)%00%(upstream:track)%00%(upstream:remotename)%00%(upstream:remoteref) refs/heads/main refs/remotes/main [4ms]
2025-10-26 15:15:50.498 [info] > git status -z -uall [13ms]
2025-10-26 15:15:50.502 [info] > git for-each-ref --sort -committerdate --format %(refname)%00%(objectname)%00%(*objectname) [7ms]
2025-10-26 15:15:55.538 [info] > git config --get commit.template [13ms]
2025-10-26 15:15:55.541 [info] > git for-each-ref --format=%(refname)%00%(upstream:short)%00%(objectname)%00%(upstream:track)%00%(upstream:remotename)%00%(upstream:remoteref) refs/heads/main refs/remotes/main [5ms]
2025-10-26 15:15:55.564 [info] > git status -z -uall [13ms]
2025-10-26 15:15:55.566 [info] > git for-each-ref --sort -committerdate --format %(refname)%00%(objectname)%00%(*objectname) [4ms]
2025-10-26 15:16:07.995 [info] > git config --get commit.template [8ms]
2025-10-26 15:16:07.996 [info] > git for-each-ref --format=%(refname)%00%(upstream:short)%00%(objectname)%00%(upstream:track)%00%(upstream:remotename)%00%(upstream:remoteref) refs/heads/main refs/remotes/main [2ms]
2025-10-26 15:16:08.010 [info] > git status -z -uall [7ms]
2025-10-26 15:16:08.012 [info] > git for-each-ref --sort -committerdate --format %(refname)%00%(objectname)%00%(*objectname) [3ms]
2025-10-26 15:16:13.049 [info] > git config --get commit.template [14ms]
2025-10-26 15:16:13.050 [info] > git for-each-ref --format=%(refname)%00%(upstream:short)%00%(objectname)%00%(upstream:track)%00%(upstream:remotename)%00%(upstream:remoteref) refs/heads/main refs/remotes/main [3ms]
2025-10-26 15:16:13.064 [info] > git status -z -uall [7ms]
2025-10-26 15:16:13.066 [info] > git for-each-ref --sort -committerdate --format %(refname)%00%(objectname)%00%(*objectname) [3ms]
2025-10-26 15:16:18.097 [info] > git config --get commit.template [13ms]
2025-10-26 15:16:18.100 [info] > git for-each-ref --format=%(refname)%00%(upstream:short)%00%(objectname)%00%(upstream:track)%00%(upstream:remotename)%00%(upstream:remoteref) refs/heads/main refs/remotes/main [5ms]
2025-10-26 15:16:18.117 [info] > git status -z -uall [9ms]
2025-10-26 15:16:18.119 [info] > git for-each-ref --sort -committerdate --format %(refname)%00%(objectname)%00%(*objectname) [3ms]
2025-10-26 15:17:09.325 [info] > git config --get commit.template [7ms]
2025-10-26 15:17:09.325 [info] > git for-each-ref --format=%(refname)%00%(upstream:short)%00%(objectname)%00%(upstream:track)%00%(upstream:remotename)%00%(upstream:remoteref) refs/heads/main refs/remotes/main [1ms]
2025-10-26 15:17:09.335 [info] > git status -z -uall [6ms]
2025-10-26 15:17:09.336 [info] > git for-each-ref --sort -committerdate --format %(refname)%00%(objectname)%00%(*objectname) [2ms]
2025-10-26 15:17:14.354 [info] > git config --get commit.template [7ms]
2025-10-26 15:17:14.355 [info] > git for-each-ref --format=%(refname)%00%(upstream:short)%00%(objectname)%00%(upstream:track)%00%(upstream:remotename)%00%(upstream:remoteref) refs/heads/main refs/remotes/main [2ms]
2025-10-26 15:17:14.365 [info] > git status -z -uall [5ms]
2025-10-26 15:17:14.366 [info] > git for-each-ref --sort -committerdate --format %(refname)%00%(objectname)%00%(*objectname) [2ms]
2025-10-26 15:17:19.397 [info] > git config --get commit.template [13ms]
2025-10-26 15:17:19.400 [info] > git for-each-ref --format=%(refname)%00%(upstream:short)%00%(objectname)%00%(upstream:track)%00%(upstream:remotename)%00%(upstream:remoteref) refs/heads/main refs/remotes/main [5ms]
2025-10-26 15:17:19.426 [info] > git status -z -uall [14ms]
2025-10-26 15:17:19.429 [info] > git for-each-ref --sort -committerdate --format %(refname)%00%(objectname)%00%(*objectname) [5ms]
2025-10-26 15:17:24.447 [info] > git config --get commit.template [6ms]
2025-10-26 15:17:24.448 [info] > git for-each-ref --format=%(refname)%00%(upstream:short)%00%(objectname)%00%(upstream:track)%00%(upstream:remotename)%00%(upstream:remoteref) refs/heads/main refs/remotes/main [2ms]
2025-10-26 15:17:24.457 [info] > git status -z -uall [5ms]
2025-10-26 15:17:24.458 [info] > git for-each-ref --sort -committerdate --format %(refname)%00%(objectname)%00%(*objectname) [1ms]
2025-10-26 15:17:31.896 [info] > git config --get commit.template [8ms]
2025-10-26 15:17:31.898 [info] > git for-each-ref --format=%(refname)%00%(upstream:short)%00%(objectname)%00%(upstream:track)%00%(upstream:remotename)%00%(upstream:remoteref) refs/heads/main refs/remotes/main [3ms]
2025-10-26 15:17:31.911 [info] > git status -z -uall [7ms]
2025-10-26 15:17:31.914 [info] > git for-each-ref --sort -committerdate --format %(refname)%00%(objectname)%00%(*objectname) [5ms]
2025-10-26 15:21:54.841 [info] > git config --get commit.template [3ms]
2025-10-26 15:21:54.841 [info] > git for-each-ref --format=%(refname)%00%(upstream:short)%00%(objectname)%00%(upstream:track)%00%(upstream:remotename)%00%(upstream:remoteref) refs/heads/main refs/remotes/main [1ms]
2025-10-26 15:21:54.849 [info] > git status -z -uall [4ms]
2025-10-26 15:21:54.850 [info] > git for-each-ref --sort -committerdate --format %(refname)%00%(objectname)%00%(*objectname) [2ms]
2025-10-26 15:21:59.863 [info] > git config --get commit.template [3ms]
2025-10-26 15:21:59.864 [info] > git for-each-ref --format=%(refname)%00%(upstream:short)%00%(objectname)%00%(upstream:track)%00%(upstream:remotename)%00%(upstream:remoteref) refs/heads/main refs/remotes/main [1ms]
2025-10-26 15:21:59.871 [info] > git status -z -uall [4ms]
2025-10-26 15:21:59.872 [info] > git for-each-ref --sort -committerdate --format %(refname)%00%(objectname)%00%(*objectname) [2ms]
2025-10-26 15:22:08.121 [info] > git config --get commit.template [4ms]
2025-10-26 15:22:08.122 [info] > git for-each-ref --format=%(refname)%00%(upstream:short)%00%(objectname)%00%(upstream:track)%00%(upstream:remotename)%00%(upstream:remoteref) refs/heads/main refs/remotes/main [1ms]
2025-10-26 15:22:08.128 [info] > git status -z -uall [3ms]
2025-10-26 15:22:08.129 [info] > git for-each-ref --sort -committerdate --format %(refname)%00%(objectname)%00%(*objectname) [1ms]
2025-10-26 15:22:18.844 [info] > git show --textconv :quickshell/pc/Volume.qml [7ms]
2025-10-26 15:22:18.845 [info] > git ls-files --stage -- quickshell/pc/Volume.qml [2ms]
2025-10-26 15:22:18.853 [info] > git cat-file -s 3ef928bd176436e19cc75e6d6c301159eb5e120e [2ms]
2025-10-26 15:22:19.199 [info] > git show --textconv :quickshell/pc/shell.qml [4ms]
2025-10-26 15:22:19.200 [info] > git ls-files --stage -- quickshell/pc/shell.qml [1ms]
2025-10-26 15:22:19.205 [info] > git cat-file -s a77a5ca9607bfb8130df62642ecf5172c48e3ad3 [1ms]
2025-10-26 15:22:25.747 [info] > git config --get commit.template [14ms]
2025-10-26 15:22:25.750 [info] > git for-each-ref --format=%(refname)%00%(upstream:short)%00%(objectname)%00%(upstream:track)%00%(upstream:remotename)%00%(upstream:remoteref) refs/heads/main refs/remotes/main [5ms]
2025-10-26 15:22:25.769 [info] > git status -z -uall [9ms]
2025-10-26 15:22:25.770 [info] > git for-each-ref --sort -committerdate --format %(refname)%00%(objectname)%00%(*objectname) [3ms]
2025-10-26 15:22:33.579 [info] > git config --get commit.template [8ms]
2025-10-26 15:22:33.580 [info] > git for-each-ref --format=%(refname)%00%(upstream:short)%00%(objectname)%00%(upstream:track)%00%(upstream:remotename)%00%(upstream:remoteref) refs/heads/main refs/remotes/main [2ms]
2025-10-26 15:22:33.593 [info] > git status -z -uall [7ms]
2025-10-26 15:22:33.595 [info] > git for-each-ref --sort -committerdate --format %(refname)%00%(objectname)%00%(*objectname) [3ms]
2025-10-26 15:22:39.228 [info] > git config --get commit.template [6ms]
2025-10-26 15:22:39.229 [info] > git for-each-ref --format=%(refname)%00%(upstream:short)%00%(objectname)%00%(upstream:track)%00%(upstream:remotename)%00%(upstream:remoteref) refs/heads/main refs/remotes/main [2ms]
2025-10-26 15:22:39.240 [info] > git status -z -uall [5ms]
2025-10-26 15:22:39.241 [info] > git for-each-ref --sort -committerdate --format %(refname)%00%(objectname)%00%(*objectname) [1ms]
2025-10-26 15:22:40.515 [info] > git show --textconv :quickshell/pc/Logout.qml [8ms]
2025-10-26 15:22:40.517 [info] > git ls-files --stage -- quickshell/pc/Logout.qml [3ms]
2025-10-26 15:22:40.526 [info] > git cat-file -s 98c90525eed195a3ab28dc5ed09a4f605201c682 [3ms]
2025-10-26 15:22:41.459 [info] > git show --textconv :quickshell/pc/Volume.qml [6ms]
2025-10-26 15:22:41.461 [info] > git ls-files --stage -- quickshell/pc/Volume.qml [2ms]
2025-10-26 15:22:41.467 [info] > git cat-file -s 3ef928bd176436e19cc75e6d6c301159eb5e120e [2ms]
2025-10-26 15:22:41.793 [info] > git show --textconv :quickshell/pc/Wallpaper.qml [4ms]
2025-10-26 15:22:41.793 [info] > git ls-files --stage -- quickshell/pc/Wallpaper.qml [1ms]
2025-10-26 15:22:41.798 [info] > git cat-file -s 73a4774a4f08a9273e2c52965e44e152ae2aba47 [1ms]
2025-10-26 15:22:44.258 [info] > git config --get commit.template [2ms]
2025-10-26 15:22:44.263 [info] > git for-each-ref --format=%(refname)%00%(upstream:short)%00%(objectname)%00%(upstream:track)%00%(upstream:remotename)%00%(upstream:remoteref) refs/heads/main refs/remotes/main [2ms]
2025-10-26 15:22:44.269 [info] > git status -z -uall [3ms]
2025-10-26 15:22:44.270 [info] > git for-each-ref --sort -committerdate --format %(refname)%00%(objectname)%00%(*objectname) [2ms]
2025-10-26 15:22:49.283 [info] > git config --get commit.template [3ms]
2025-10-26 15:22:49.284 [info] > git for-each-ref --format=%(refname)%00%(upstream:short)%00%(objectname)%00%(upstream:track)%00%(upstream:remotename)%00%(upstream:remoteref) refs/heads/main refs/remotes/main [1ms]
2025-10-26 15:22:49.291 [info] > git status -z -uall [4ms]
2025-10-26 15:22:49.292 [info] > git for-each-ref --sort -committerdate --format %(refname)%00%(objectname)%00%(*objectname) [1ms]
2025-10-26 15:22:54.312 [info] > git config --get commit.template [3ms]
2025-10-26 15:22:54.313 [info] > git for-each-ref --format=%(refname)%00%(upstream:short)%00%(objectname)%00%(upstream:track)%00%(upstream:remotename)%00%(upstream:remoteref) refs/heads/main refs/remotes/main [1ms]
2025-10-26 15:22:54.320 [info] > git status -z -uall [4ms]
2025-10-26 15:22:54.321 [info] > git for-each-ref --sort -committerdate --format %(refname)%00%(objectname)%00%(*objectname) [2ms]
2025-10-26 15:22:59.349 [info] > git config --get commit.template [13ms]
2025-10-26 15:22:59.352 [info] > git for-each-ref --format=%(refname)%00%(upstream:short)%00%(objectname)%00%(upstream:track)%00%(upstream:remotename)%00%(upstream:remoteref) refs/heads/main refs/remotes/main [5ms]
2025-10-26 15:22:59.376 [info] > git status -z -uall [13ms]
2025-10-26 15:22:59.379 [info] > git for-each-ref --sort -committerdate --format %(refname)%00%(objectname)%00%(*objectname) [5ms]
2025-10-26 15:23:05.213 [info] > git config --get commit.template [9ms]
2025-10-26 15:23:05.214 [info] > git for-each-ref --format=%(refname)%00%(upstream:short)%00%(objectname)%00%(upstream:track)%00%(upstream:remotename)%00%(upstream:remoteref) refs/heads/main refs/remotes/main [2ms]
2025-10-26 15:23:05.227 [info] > git status -z -uall [7ms]
2025-10-26 15:23:05.228 [info] > git for-each-ref --sort -committerdate --format %(refname)%00%(objectname)%00%(*objectname) [3ms]
2025-10-26 15:23:10.257 [info] > git config --get commit.template [10ms]
2025-10-26 15:23:10.258 [info] > git for-each-ref --format=%(refname)%00%(upstream:short)%00%(objectname)%00%(upstream:track)%00%(upstream:remotename)%00%(upstream:remoteref) refs/heads/main refs/remotes/main [2ms]
2025-10-26 15:23:10.270 [info] > git status -z -uall [6ms]
2025-10-26 15:23:10.271 [info] > git for-each-ref --sort -committerdate --format %(refname)%00%(objectname)%00%(*objectname) [2ms]
2025-10-26 15:23:15.305 [info] > git config --get commit.template [15ms]
2025-10-26 15:23:15.306 [info] > git for-each-ref --format=%(refname)%00%(upstream:short)%00%(objectname)%00%(upstream:track)%00%(upstream:remotename)%00%(upstream:remoteref) refs/heads/main refs/remotes/main [4ms]
2025-10-26 15:23:15.323 [info] > git status -z -uall [8ms]
2025-10-26 15:23:15.325 [info] > git for-each-ref --sort -committerdate --format %(refname)%00%(objectname)%00%(*objectname) [3ms]
2025-10-26 15:23:20.358 [info] > git config --get commit.template [13ms]
2025-10-26 15:23:20.361 [info] > git for-each-ref --format=%(refname)%00%(upstream:short)%00%(objectname)%00%(upstream:track)%00%(upstream:remotename)%00%(upstream:remoteref) refs/heads/main refs/remotes/main [5ms]
2025-10-26 15:23:20.385 [info] > git status -z -uall [13ms]
2025-10-26 15:23:20.388 [info] > git for-each-ref --sort -committerdate --format %(refname)%00%(objectname)%00%(*objectname) [6ms]
2025-10-26 15:23:25.424 [info] > git config --get commit.template [15ms]
2025-10-26 15:23:25.428 [info] > git for-each-ref --format=%(refname)%00%(upstream:short)%00%(objectname)%00%(upstream:track)%00%(upstream:remotename)%00%(upstream:remoteref) refs/heads/main refs/remotes/main [6ms]
2025-10-26 15:23:25.453 [info] > git status -z -uall [13ms]
2025-10-26 15:23:25.456 [info] > git for-each-ref --sort -committerdate --format %(refname)%00%(objectname)%00%(*objectname) [5ms]
2025-10-26 15:23:32.559 [info] > git config --get commit.template [13ms]
2025-10-26 15:23:32.562 [info] > git for-each-ref --format=%(refname)%00%(upstream:short)%00%(objectname)%00%(upstream:track)%00%(upstream:remotename)%00%(upstream:remoteref) refs/heads/main refs/remotes/main [5ms]
2025-10-26 15:23:32.577 [info] > git status -z -uall [8ms]
2025-10-26 15:23:32.579 [info] > git for-each-ref --sort -committerdate --format %(refname)%00%(objectname)%00%(*objectname) [1ms]
2025-10-26 15:23:37.947 [info] > git config --get commit.template [10ms]
2025-10-26 15:23:37.949 [info] > git for-each-ref --format=%(refname)%00%(upstream:short)%00%(objectname)%00%(upstream:track)%00%(upstream:remotename)%00%(upstream:remoteref) refs/heads/main refs/remotes/main [3ms]
2025-10-26 15:23:37.962 [info] > git status -z -uall [7ms]
2025-10-26 15:23:37.964 [info] > git for-each-ref --sort -committerdate --format %(refname)%00%(objectname)%00%(*objectname) [2ms]
2025-10-26 15:23:56.541 [info] > git config --get commit.template [7ms]
2025-10-26 15:23:56.543 [info] > git for-each-ref --format=%(refname)%00%(upstream:short)%00%(objectname)%00%(upstream:track)%00%(upstream:remotename)%00%(upstream:remoteref) refs/heads/main refs/remotes/main [3ms]
2025-10-26 15:23:56.554 [info] > git status -z -uall [6ms]
2025-10-26 15:23:56.556 [info] > git for-each-ref --sort -committerdate --format %(refname)%00%(objectname)%00%(*objectname) [3ms]
2025-10-26 15:24:08.136 [info] > git config --get commit.template [12ms]
2025-10-26 15:24:08.139 [info] > git for-each-ref --format=%(refname)%00%(upstream:short)%00%(objectname)%00%(upstream:track)%00%(upstream:remotename)%00%(upstream:remoteref) refs/heads/main refs/remotes/main [5ms]
2025-10-26 15:24:08.164 [info] > git status -z -uall [14ms]
2025-10-26 15:24:08.167 [info] > git for-each-ref --sort -committerdate --format %(refname)%00%(objectname)%00%(*objectname) [6ms]
2025-10-26 15:24:13.204 [info] > git config --get commit.template [13ms]
2025-10-26 15:24:13.207 [info] > git for-each-ref --format=%(refname)%00%(upstream:short)%00%(objectname)%00%(upstream:track)%00%(upstream:remotename)%00%(upstream:remoteref) refs/heads/main refs/remotes/main [5ms]
2025-10-26 15:24:13.233 [info] > git status -z -uall [15ms]
2025-10-26 15:24:13.237 [info] > git for-each-ref --sort -committerdate --format %(refname)%00%(objectname)%00%(*objectname) [8ms]
2025-10-26 15:24:18.257 [info] > git config --get commit.template [5ms]
2025-10-26 15:24:18.258 [info] > git for-each-ref --format=%(refname)%00%(upstream:short)%00%(objectname)%00%(upstream:track)%00%(upstream:remotename)%00%(upstream:remoteref) refs/heads/main refs/remotes/main [2ms]
2025-10-26 15:24:18.270 [info] > git status -z -uall [7ms]
2025-10-26 15:24:18.271 [info] > git for-each-ref --sort -committerdate --format %(refname)%00%(objectname)%00%(*objectname) [2ms]
2025-10-26 15:24:23.286 [info] > git config --get commit.template [4ms]
2025-10-26 15:24:23.286 [info] > git for-each-ref --format=%(refname)%00%(upstream:short)%00%(objectname)%00%(upstream:track)%00%(upstream:remotename)%00%(upstream:remoteref) refs/heads/main refs/remotes/main [1ms]
2025-10-26 15:24:23.293 [info] > git status -z -uall [4ms]
2025-10-26 15:24:23.294 [info] > git for-each-ref --sort -committerdate --format %(refname)%00%(objectname)%00%(*objectname) [2ms]
2025-10-26 15:25:08.125 [info] > git config --get commit.template [4ms]
2025-10-26 15:25:08.125 [info] > git for-each-ref --format=%(refname)%00%(upstream:short)%00%(objectname)%00%(upstream:track)%00%(upstream:remotename)%00%(upstream:remoteref) refs/heads/main refs/remotes/main [1ms]
2025-10-26 15:25:08.132 [info] > git status -z -uall [4ms]
2025-10-26 15:25:08.133 [info] > git for-each-ref --sort -committerdate --format %(refname)%00%(objectname)%00%(*objectname) [2ms]
2025-10-26 15:25:16.047 [info] > git config --get commit.template [13ms]
2025-10-26 15:25:16.050 [info] > git for-each-ref --format=%(refname)%00%(upstream:short)%00%(objectname)%00%(upstream:track)%00%(upstream:remotename)%00%(upstream:remoteref) refs/heads/main refs/remotes/main [5ms]
2025-10-26 15:25:16.076 [info] > git status -z -uall [14ms]
2025-10-26 15:25:16.078 [info] > git for-each-ref --sort -committerdate --format %(refname)%00%(objectname)%00%(*objectname) [5ms]
2025-10-26 15:25:21.108 [info] > git config --get commit.template [12ms]
2025-10-26 15:25:21.111 [info] > git for-each-ref --format=%(refname)%00%(upstream:short)%00%(objectname)%00%(upstream:track)%00%(upstream:remotename)%00%(upstream:remoteref) refs/heads/main refs/remotes/main [5ms]
2025-10-26 15:25:21.135 [info] > git status -z -uall [13ms]
2025-10-26 15:25:21.138 [info] > git for-each-ref --sort -committerdate --format %(refname)%00%(objectname)%00%(*objectname) [6ms]
2025-10-26 15:25:26.163 [info] > git config --get commit.template [4ms]
2025-10-26 15:25:26.164 [info] > git for-each-ref --format=%(refname)%00%(upstream:short)%00%(objectname)%00%(upstream:track)%00%(upstream:remotename)%00%(upstream:remoteref) refs/heads/main refs/remotes/main [1ms]
2025-10-26 15:25:26.173 [info] > git status -z -uall [4ms]
2025-10-26 15:25:26.174 [info] > git for-each-ref --sort -committerdate --format %(refname)%00%(objectname)%00%(*objectname) [2ms]
2025-10-26 15:25:31.188 [info] > git config --get commit.template [3ms]
2025-10-26 15:25:31.189 [info] > git for-each-ref --format=%(refname)%00%(upstream:short)%00%(objectname)%00%(upstream:track)%00%(upstream:remotename)%00%(upstream:remoteref) refs/heads/main refs/remotes/main [1ms]
2025-10-26 15:25:31.195 [info] > git status -z -uall [3ms]
2025-10-26 15:25:31.196 [info] > git for-each-ref --sort -committerdate --format %(refname)%00%(objectname)%00%(*objectname) [2ms]
2025-10-26 15:25:39.212 [info] > git config --get commit.template [12ms]
2025-10-26 15:25:39.216 [info] > git for-each-ref --format=%(refname)%00%(upstream:short)%00%(objectname)%00%(upstream:track)%00%(upstream:remotename)%00%(upstream:remoteref) refs/heads/main refs/remotes/main [5ms]
2025-10-26 15:25:39.241 [info] > git status -z -uall [13ms]
2025-10-26 15:25:39.243 [info] > git for-each-ref --sort -committerdate --format %(refname)%00%(objectname)%00%(*objectname) [4ms]
2025-10-26 15:25:44.266 [info] > git config --get commit.template [4ms]
2025-10-26 15:25:44.267 [info] > git for-each-ref --format=%(refname)%00%(upstream:short)%00%(objectname)%00%(upstream:track)%00%(upstream:remotename)%00%(upstream:remoteref) refs/heads/main refs/remotes/main [2ms]
2025-10-26 15:25:44.273 [info] > git status -z -uall [4ms]
2025-10-26 15:25:44.273 [info] > git for-each-ref --sort -committerdate --format %(refname)%00%(objectname)%00%(*objectname) [1ms]
2025-10-26 15:25:49.284 [info] > git config --get commit.template [3ms]
2025-10-26 15:25:49.285 [info] > git for-each-ref --format=%(refname)%00%(upstream:short)%00%(objectname)%00%(upstream:track)%00%(upstream:remotename)%00%(upstream:remoteref) refs/heads/main refs/remotes/main [1ms]
2025-10-26 15:25:49.292 [info] > git status -z -uall [4ms]
2025-10-26 15:25:49.293 [info] > git for-each-ref --sort -committerdate --format %(refname)%00%(objectname)%00%(*objectname) [2ms]
2025-10-26 15:25:54.315 [info] > git config --get commit.template [4ms]
2025-10-26 15:25:54.315 [info] > git for-each-ref --format=%(refname)%00%(upstream:short)%00%(objectname)%00%(upstream:track)%00%(upstream:remotename)%00%(upstream:remoteref) refs/heads/main refs/remotes/main [1ms]
2025-10-26 15:25:54.322 [info] > git status -z -uall [4ms]
2025-10-26 15:25:54.323 [info] > git for-each-ref --sort -committerdate --format %(refname)%00%(objectname)%00%(*objectname) [2ms]
2025-10-26 15:25:59.337 [info] > git config --get commit.template [4ms]
2025-10-26 15:25:59.338 [info] > git for-each-ref --format=%(refname)%00%(upstream:short)%00%(objectname)%00%(upstream:track)%00%(upstream:remotename)%00%(upstream:remoteref) refs/heads/main refs/remotes/main [2ms]
2025-10-26 15:25:59.344 [info] > git status -z -uall [3ms]
2025-10-26 15:25:59.346 [info] > git for-each-ref --sort -committerdate --format %(refname)%00%(objectname)%00%(*objectname) [2ms]
2025-10-26 15:26:04.376 [info] > git config --get commit.template [14ms]
2025-10-26 15:26:04.379 [info] > git for-each-ref --format=%(refname)%00%(upstream:short)%00%(objectname)%00%(upstream:track)%00%(upstream:remotename)%00%(upstream:remoteref) refs/heads/main refs/remotes/main [5ms]
2025-10-26 15:26:04.393 [info] > git status -z -uall [7ms]
2025-10-26 15:26:04.394 [info] > git for-each-ref --sort -committerdate --format %(refname)%00%(objectname)%00%(*objectname) [3ms]
2025-10-26 15:26:09.408 [info] > git config --get commit.template [3ms]
2025-10-26 15:26:09.409 [info] > git for-each-ref --format=%(refname)%00%(upstream:short)%00%(objectname)%00%(upstream:track)%00%(upstream:remotename)%00%(upstream:remoteref) refs/heads/main refs/remotes/main [1ms]
2025-10-26 15:26:09.415 [info] > git status -z -uall [4ms]
2025-10-26 15:26:09.416 [info] > git for-each-ref --sort -committerdate --format %(refname)%00%(objectname)%00%(*objectname) [1ms]
2025-10-26 15:26:14.448 [info] > git config --get commit.template [15ms]
2025-10-26 15:26:14.450 [info] > git for-each-ref --format=%(refname)%00%(upstream:short)%00%(objectname)%00%(upstream:track)%00%(upstream:remotename)%00%(upstream:remoteref) refs/heads/main refs/remotes/main [5ms]
2025-10-26 15:26:14.468 [info] > git status -z -uall [8ms]
2025-10-26 15:26:14.469 [info] > git for-each-ref --sort -committerdate --format %(refname)%00%(objectname)%00%(*objectname) [2ms]
2025-10-26 15:26:19.497 [info] > git config --get commit.template [12ms]
2025-10-26 15:26:19.500 [info] > git for-each-ref --format=%(refname)%00%(upstream:short)%00%(objectname)%00%(upstream:track)%00%(upstream:remotename)%00%(upstream:remoteref) refs/heads/main refs/remotes/main [5ms]
2025-10-26 15:26:19.526 [info] > git status -z -uall [15ms]
2025-10-26 15:26:19.529 [info] > git for-each-ref --sort -committerdate --format %(refname)%00%(objectname)%00%(*objectname) [7ms]
2025-10-26 15:26:26.846 [info] > git config --get commit.template [12ms]
2025-10-26 15:26:26.850 [info] > git for-each-ref --format=%(refname)%00%(upstream:short)%00%(objectname)%00%(upstream:track)%00%(upstream:remotename)%00%(upstream:remoteref) refs/heads/main refs/remotes/main [5ms]
2025-10-26 15:26:26.875 [info] > git status -z -uall [15ms]
2025-10-26 15:26:26.879 [info] > git for-each-ref --sort -committerdate --format %(refname)%00%(objectname)%00%(*objectname) [8ms]
2025-10-26 15:27:08.129 [info] > git config --get commit.template [3ms]
2025-10-26 15:27:08.130 [info] > git for-each-ref --format=%(refname)%00%(upstream:short)%00%(objectname)%00%(upstream:track)%00%(upstream:remotename)%00%(upstream:remoteref) refs/heads/main refs/remotes/main [1ms]
2025-10-26 15:27:08.136 [info] > git status -z -uall [3ms]
2025-10-26 15:27:08.137 [info] > git for-each-ref --sort -committerdate --format %(refname)%00%(objectname)%00%(*objectname) [1ms]
2025-10-26 15:27:25.692 [info] > git config --get commit.template [5ms]
2025-10-26 15:27:25.693 [info] > git for-each-ref --format=%(refname)%00%(upstream:short)%00%(objectname)%00%(upstream:track)%00%(upstream:remotename)%00%(upstream:remoteref) refs/heads/main refs/remotes/main [2ms]
2025-10-26 15:27:25.706 [info] > git status -z -uall [7ms]
2025-10-26 15:27:25.708 [info] > git for-each-ref --sort -committerdate --format %(refname)%00%(objectname)%00%(*objectname) [3ms]
2025-10-26 15:27:43.735 [info] > git config --get commit.template [11ms]
2025-10-26 15:27:43.738 [info] > git for-each-ref --format=%(refname)%00%(upstream:short)%00%(objectname)%00%(upstream:track)%00%(upstream:remotename)%00%(upstream:remoteref) refs/heads/main refs/remotes/main [4ms]
2025-10-26 15:27:43.760 [info] > git status -z -uall [12ms]
2025-10-26 15:27:43.763 [info] > git for-each-ref --sort -committerdate --format %(refname)%00%(objectname)%00%(*objectname) [5ms]
2025-10-26 15:27:48.800 [info] > git config --get commit.template [13ms]
2025-10-26 15:27:48.802 [info] > git for-each-ref --format=%(refname)%00%(upstream:short)%00%(objectname)%00%(upstream:track)%00%(upstream:remotename)%00%(upstream:remoteref) refs/heads/main refs/remotes/main [3ms]
2025-10-26 15:27:48.814 [info] > git status -z -uall [5ms]
2025-10-26 15:27:48.816 [info] > git for-each-ref --sort -committerdate --format %(refname)%00%(objectname)%00%(*objectname) [3ms]
2025-10-26 15:27:53.839 [info] > git config --get commit.template [3ms]
2025-10-26 15:27:53.855 [info] > git for-each-ref --format=%(refname)%00%(upstream:short)%00%(objectname)%00%(upstream:track)%00%(upstream:remotename)%00%(upstream:remoteref) refs/heads/main refs/remotes/main [5ms]
2025-10-26 15:27:53.879 [info] > git status -z -uall [13ms]
2025-10-26 15:27:53.881 [info] > git for-each-ref --sort -committerdate --format %(refname)%00%(objectname)%00%(*objectname) [4ms]
2025-10-26 15:28:06.665 [info] > git config --get commit.template [9ms]
2025-10-26 15:28:06.667 [info] > git for-each-ref --format=%(refname)%00%(upstream:short)%00%(objectname)%00%(upstream:track)%00%(upstream:remotename)%00%(upstream:remoteref) refs/heads/main refs/remotes/main [3ms]
2025-10-26 15:28:06.680 [info] > git status -z -uall [6ms]
2025-10-26 15:28:06.682 [info] > git for-each-ref --sort -committerdate --format %(refname)%00%(objectname)%00%(*objectname) [3ms]
2025-10-26 15:28:11.711 [info] > git config --get commit.template [12ms]
2025-10-26 15:28:11.714 [info] > git for-each-ref --format=%(refname)%00%(upstream:short)%00%(objectname)%00%(upstream:track)%00%(upstream:remotename)%00%(upstream:remoteref) refs/heads/main refs/remotes/main [4ms]
2025-10-26 15:28:11.738 [info] > git status -z -uall [13ms]
2025-10-26 15:28:11.743 [info] > git for-each-ref --sort -committerdate --format %(refname)%00%(objectname)%00%(*objectname) [7ms]
2025-10-26 15:28:31.151 [info] > git config --get commit.template [10ms]
2025-10-26 15:28:31.152 [info] > git for-each-ref --format=%(refname)%00%(upstream:short)%00%(objectname)%00%(upstream:track)%00%(upstream:remotename)%00%(upstream:remoteref) refs/heads/main refs/remotes/main [2ms]
2025-10-26 15:28:31.165 [info] > git status -z -uall [4ms]
2025-10-26 15:28:31.166 [info] > git for-each-ref --sort -committerdate --format %(refname)%00%(objectname)%00%(*objectname) [2ms]
2025-10-26 15:28:36.198 [info] > git config --get commit.template [14ms]
2025-10-26 15:28:36.201 [info] > git for-each-ref --format=%(refname)%00%(upstream:short)%00%(objectname)%00%(upstream:track)%00%(upstream:remotename)%00%(upstream:remoteref) refs/heads/main refs/remotes/main [5ms]
2025-10-26 15:28:36.214 [info] > git status -z -uall [6ms]
2025-10-26 15:28:36.216 [info] > git for-each-ref --sort -committerdate --format %(refname)%00%(objectname)%00%(*objectname) [3ms]
2025-10-26 15:28:41.245 [info] > git config --get commit.template [13ms]
2025-10-26 15:28:41.249 [info] > git for-each-ref --format=%(refname)%00%(upstream:short)%00%(objectname)%00%(upstream:track)%00%(upstream:remotename)%00%(upstream:remoteref) refs/heads/main refs/remotes/main [5ms]
2025-10-26 15:28:41.273 [info] > git status -z -uall [13ms]
2025-10-26 15:28:41.275 [info] > git for-each-ref --sort -committerdate --format %(refname)%00%(objectname)%00%(*objectname) [4ms]
2025-10-26 15:28:47.012 [info] > git config --get commit.template [9ms]
2025-10-26 15:28:47.013 [info] > git for-each-ref --format=%(refname)%00%(upstream:short)%00%(objectname)%00%(upstream:track)%00%(upstream:remotename)%00%(upstream:remoteref) refs/heads/main refs/remotes/main [2ms]
2025-10-26 15:28:47.024 [info] > git status -z -uall [5ms]
2025-10-26 15:28:47.026 [info] > git for-each-ref --sort -committerdate --format %(refname)%00%(objectname)%00%(*objectname) [3ms]
2025-10-26 15:29:36.749 [info] > git config --get commit.template [6ms]
2025-10-26 15:29:36.751 [info] > git for-each-ref --format=%(refname)%00%(upstream:short)%00%(objectname)%00%(upstream:track)%00%(upstream:remotename)%00%(upstream:remoteref) refs/heads/main refs/remotes/main [2ms]
2025-10-26 15:29:36.761 [info] > git status -z -uall [6ms]
2025-10-26 15:29:36.763 [info] > git for-each-ref --sort -committerdate --format %(refname)%00%(objectname)%00%(*objectname) [3ms]
2025-10-26 15:29:41.784 [info] > git config --get commit.template [4ms]
2025-10-26 15:29:41.785 [info] > git for-each-ref --format=%(refname)%00%(upstream:short)%00%(objectname)%00%(upstream:track)%00%(upstream:remotename)%00%(upstream:remoteref) refs/heads/main refs/remotes/main [2ms]
2025-10-26 15:29:41.791 [info] > git status -z -uall [3ms]
2025-10-26 15:29:41.792 [info] > git for-each-ref --sort -committerdate --format %(refname)%00%(objectname)%00%(*objectname) [2ms]
2025-10-26 15:30:08.027 [info] > git config --get commit.template [4ms]
2025-10-26 15:30:08.027 [info] > git for-each-ref --format=%(refname)%00%(upstream:short)%00%(objectname)%00%(upstream:track)%00%(upstream:remotename)%00%(upstream:remoteref) refs/heads/main refs/remotes/main [1ms]
2025-10-26 15:30:08.034 [info] > git status -z -uall [3ms]
2025-10-26 15:30:08.035 [info] > git for-each-ref --sort -committerdate --format %(refname)%00%(objectname)%00%(*objectname) [1ms]
