2025-10-13 20:38:54.434 [info] Getting Manifest... rust-lang.rust-analyzer
2025-10-13 20:38:56.138 [info] Installing extension: rust-lang.rust-analyzer {"isMachineScoped":false,"installPreReleaseVersion":false,"pinned":false,"profileLocation":{"$mid":1,"external":"vscode-userdata:/home/shiri/.vscode-oss/extensions/extensions.json","path":"/home/shiri/.vscode-oss/extensions/extensions.json","scheme":"vscode-userdata"},"isApplicationScoped":false,"productVersion":{"version":"1.104.36664","date":"2025-10-04T16:58:18.791Z"}}
2025-10-13 20:39:02.950 [info] Extracted extension to file:///home/shiri/.vscode-oss/extensions/rust-lang.rust-analyzer-0.3.2593-linux-x64: rust-lang.rust-analyzer
2025-10-13 20:39:02.963 [info] Renamed to /home/shiri/.vscode-oss/extensions/rust-lang.rust-analyzer-0.3.2593-linux-x64
2025-10-13 20:39:02.979 [info] Extension installed successfully: rust-lang.rust-analyzer vscode-userdata:/home/shiri/.vscode-oss/extensions/extensions.json
2025-10-13 20:40:37.996 [info] Getting Manifest... vadimcn.vscode-lldb
2025-10-13 20:40:38.696 [info] Installing extension: vadimcn.vscode-lldb {"isMachineScoped":false,"installPreReleaseVersion":false,"pinned":false,"profileLocation":{"$mid":1,"external":"vscode-userdata:/home/shiri/.vscode-oss/extensions/extensions.json","path":"/home/shiri/.vscode-oss/extensions/extensions.json","scheme":"vscode-userdata"},"isApplicationScoped":false,"productVersion":{"version":"1.104.36664","date":"2025-10-04T16:58:18.791Z"}}
2025-10-13 20:40:39.184 [info] Extracted extension to file:///home/shiri/.vscode-oss/extensions/vadimcn.vscode-lldb-1.11.6-universal: vadimcn.vscode-lldb
2025-10-13 20:40:39.196 [info] Renamed to /home/shiri/.vscode-oss/extensions/vadimcn.vscode-lldb-1.11.6-universal
2025-10-13 20:40:39.257 [info] Extension installed successfully: vadimcn.vscode-lldb vscode-userdata:/home/shiri/.vscode-oss/extensions/extensions.json
2025-10-13 20:41:04.646 [info] Installing extension: vadimcn.vscode-lldb {"installGivenVersion":true,"pinned":false,"profileLocation":{"$mid":1,"external":"vscode-userdata:/home/shiri/.vscode-oss/extensions/extensions.json","path":"/home/shiri/.vscode-oss/extensions/extensions.json","scheme":"vscode-userdata"},"isApplicationScoped":false,"productVersion":{"version":"1.104.36664","date":"2025-10-04T16:58:18.791Z"}}
2025-10-13 20:41:04.733 [info] Deleted existing extension from disk vadimcn.vscode-lldb /home/shiri/.vscode-oss/extensions/vadimcn.vscode-lldb-1.11.6-universal
2025-10-13 20:41:08.615 [info] Extracted extension to file:///home/shiri/.vscode-oss/extensions/vadimcn.vscode-lldb-1.11.6: vadimcn.vscode-lldb
2025-10-13 20:41:08.676 [info] Renamed to /home/shiri/.vscode-oss/extensions/vadimcn.vscode-lldb-1.11.6
2025-10-13 20:41:08.703 [info] Extension installed successfully: vadimcn.vscode-lldb vscode-userdata:/home/shiri/.vscode-oss/extensions/extensions.json
2025-10-13 20:49:00.730 [info] Getting Manifest... tamasfe.even-better-toml
2025-10-13 20:49:01.897 [info] Installing extension: tamasfe.even-better-toml {"isMachineScoped":false,"installPreReleaseVersion":false,"pinned":false,"profileLocation":{"$mid":1,"external":"vscode-userdata:/home/shiri/.vscode-oss/extensions/extensions.json","path":"/home/shiri/.vscode-oss/extensions/extensions.json","scheme":"vscode-userdata"},"isApplicationScoped":false,"productVersion":{"version":"1.104.36664","date":"2025-10-04T16:58:18.791Z"}}
2025-10-13 20:49:39.872 [info] Extracted extension to file:///home/shiri/.vscode-oss/extensions/tamasfe.even-better-toml-0.21.2-universal: tamasfe.even-better-toml
2025-10-13 20:49:39.881 [info] Renamed to /home/shiri/.vscode-oss/extensions/tamasfe.even-better-toml-0.21.2-universal
2025-10-13 20:49:39.894 [info] Extension installed successfully: tamasfe.even-better-toml vscode-userdata:/home/shiri/.vscode-oss/extensions/extensions.json
2025-10-13 20:50:03.181 [info] Getting Manifest... fill-labs.dependi
2025-10-13 20:50:08.184 [info] Installing extension: fill-labs.dependi {"isMachineScoped":false,"installPreReleaseVersion":false,"pinned":false,"profileLocation":{"$mid":1,"external":"vscode-userdata:/home/shiri/.vscode-oss/extensions/extensions.json","path":"/home/shiri/.vscode-oss/extensions/extensions.json","scheme":"vscode-userdata"},"isApplicationScoped":false,"productVersion":{"version":"1.104.36664","date":"2025-10-04T16:58:18.791Z"}}
2025-10-13 20:50:11.411 [error] Error while getting the latest version for the extension vscode.git. SyntaxError: Unexpected token '<', "<!DOCTYPE "... is not valid JSON:
<!DOCTYPE html>
<html lang="en">

<head>
    <title>Open VSX Registry</title>
    <meta charset="UTF-8">
    <meta name="viewport" content="width=device-width, initial-scale=1">
    <link rel="stylesheet" href="https://fonts.googleapis.com/css?family=Roboto:300,400,500,700&display=swap" />

    <!-- Google Tag Manager -->
    <script>(function(w,d,s,l,i){w[l]=w[l]||[];w[l].push({'gtm.start':
    new Date().getTime(),event:'gtm.js'});var f=d.getElementsByTagName(s)[0],
    j=d.createElement(s),dl=l!='dataLayer'?'&l='+l:'';j.async=true;j.src=
    'https://www.googletagmanager.com/gtm.js?id='+i+dl;f.parentNode.insertBefore(j,f);
    })(window,document,'script','dataLayer','GTM-5WLCZXC');</script>

    <!-- Eclipse Cookie Consent -->
    <link rel="stylesheet" type="text/css"
        href="//www.eclipse.org/eclipse.org-common/themes/solstice/public/stylesheets/vendor/cookieconsent/cookieconsent.min.css" />
    <script
        src="//www.eclipse.org/eclipse.org-common/themes/solstice/public/javascript/vendor/cookieconsent/default.min.js">
    </script>
    <style>
        a.cc-btn.cc-allow {
            background-color: #c160ef;
        }
        a.cc-btn.cc-allow:hover, a.cc-btn.cc-allow:focus {
            background-color: #444;
        }
        .cc-revoke {
            display: none !important;
        }
        @media (prefers-color-scheme: dark) {
          body {
            background-color: #121212;
          }
        }
    </style>
</head>

<body>
    <!-- Google Tag Manager (noscript) -->
    <noscript><iframe title="Google Tag Manager" src="https://www.googletagmanager.com/ns.html?id=GTM-5WLCZXC" height="0" width="0" style="display:none;visibility:hidden"></iframe></noscript>
    <!-- End Google Tag Manager (noscript) -->
    <div id="main"></div>
    <script src='/bundle.js' ></script>
</body>

</html>

2025-10-13 20:50:20.050 [info] Extracted extension to file:///home/shiri/.vscode-oss/extensions/fill-labs.dependi-0.7.15-universal: fill-labs.dependi
2025-10-13 20:50:20.055 [info] Renamed to /home/shiri/.vscode-oss/extensions/fill-labs.dependi-0.7.15-universal
2025-10-13 20:50:20.068 [info] Extension installed successfully: fill-labs.dependi vscode-userdata:/home/shiri/.vscode-oss/extensions/extensions.json
