2025-10-13 20:15:31.801 [info] Extension host with pid 16092 started
2025-10-13 20:15:31.802 [info] Skipping acquiring lock for /home/shiri/.config/VSCodium/User/workspaceStorage/dcbdb9992d7f8dbe35b4bea5c900df26.
2025-10-13 20:15:31.842 [info] ExtensionService#_doActivateExtension vscode.emmet, startup: false, activationEvent: 'onLanguage'
2025-10-13 20:15:31.875 [info] ExtensionService#_doActivateExtension theqtcompany.qt-core, startup: false, activationEvent: 'onLanguage:qml', root cause: theqtcompany.qt-qml
2025-10-13 20:15:32.057 [info] ExtensionService#_doActivateExtension theqtcompany.qt-qml, startup: false, activationEvent: 'onLanguage:qml'
2025-10-13 20:15:32.185 [info] ExtensionService#_doActivateExtension vscode.git-base, startup: true, activationEvent: '*', root cause: vscode.git
2025-10-13 20:15:32.193 [info] ExtensionService#_doActivateExtension vscode.git, startup: true, activationEvent: '*'
2025-10-13 20:15:32.253 [info] ExtensionService#_doActivateExtension vscode.github, startup: true, activationEvent: '*'
2025-10-13 20:15:32.387 [info] Eager extensions activated
2025-10-13 20:15:32.388 [info] ExtensionService#_doActivateExtension vscode.debug-auto-launch, startup: false, activationEvent: 'onStartupFinished'
2025-10-13 20:15:32.391 [info] ExtensionService#_doActivateExtension vscode.merge-conflict, startup: false, activationEvent: 'onStartupFinished'
2025-10-13 20:15:37.178 [warning] The task [Qt, Acquire Port] uses an undefined task type. The task will be ignored in the future.
2025-10-13 20:15:41.911 [info] Extension host terminating: renderer closed the MessagePort
2025-10-13 20:15:41.932 [info] Extension host with pid 16092 exiting with code 0
2025-10-13 20:15:43.905 [info] Extension host with pid 19842 started
2025-10-13 20:15:43.905 [info] Skipping acquiring lock for /home/shiri/.config/VSCodium/User/workspaceStorage/a1d9e7770742ca46efefe220d31d8f62.
2025-10-13 20:15:43.956 [info] ExtensionService#_doActivateExtension vscode.git-base, startup: true, activationEvent: '*'
2025-10-13 20:15:44.091 [info] ExtensionService#_doActivateExtension vscode.emmet, startup: false, activationEvent: 'onLanguage'
2025-10-13 20:15:44.139 [info] ExtensionService#_doActivateExtension vscode.github, startup: true, activationEvent: '*'
2025-10-13 20:15:44.307 [info] Eager extensions activated
2025-10-13 20:15:44.387 [info] ExtensionService#_doActivateExtension vscode.debug-auto-launch, startup: false, activationEvent: 'onStartupFinished'
2025-10-13 20:15:44.393 [info] ExtensionService#_doActivateExtension vscode.merge-conflict, startup: false, activationEvent: 'onStartupFinished'
2025-10-13 20:15:46.480 [info] ExtensionService#_doActivateExtension vscode.git, startup: false, activationEvent: 'api', root cause: vscode.github
2025-10-13 20:26:32.058 [info] ExtensionService#_doActivateExtension vscode.terminal-suggest, startup: false, activationEvent: 'onTerminalShellIntegration:*'
2025-10-13 20:38:04.422 [info] ExtensionService#_doActivateExtension vscode.npm, startup: false, activationEvent: 'onTerminalQuickFixRequest:ms-vscode.npm-command'
2025-10-13 20:38:12.306 [info] ExtensionService#_doActivateExtension ms-vscode.js-debug, startup: false, activationEvent: 'onDebugInitialConfigurations'
2025-10-13 20:38:16.572 [info] ExtensionService#_doActivateExtension vscode.debug-server-ready, startup: false, activationEvent: 'onDebugResolve'
2025-10-13 20:39:03.246 [info] ExtensionService#_doActivateExtension rust-lang.rust-analyzer, startup: false, activationEvent: 'onLanguage:rust'
2025-10-13 20:40:39.748 [info] ExtensionService#_doActivateExtension vadimcn.vscode-lldb, startup: false, activationEvent: 'onDebug'
2025-10-13 20:49:40.057 [info] ExtensionService#_doActivateExtension tamasfe.even-better-toml, startup: false, activationEvent: 'onLanguage:toml'
2025-10-13 20:50:20.179 [info] ExtensionService#_doActivateExtension fill-labs.dependi, startup: false, activationEvent: 'onLanguage:toml'
2025-10-13 20:59:07.999 [info] ExtensionService#_doActivateExtension vscode.references-view, startup: false, activationEvent: 'onCommand:editor.action.showReferences'
2025-10-13 21:04:10.637 [info] Extension host terminating: renderer closed the MessagePort
2025-10-13 21:04:10.657 [error] Canceled: Canceled
	at new C2 (file:///opt/vscodium-bin/resources/app/out/vs/workbench/api/node/extensionHostProcess.js:29:123278)
	at $S._remoteCall (file:///opt/vscodium-bin/resources/app/out/vs/workbench/api/node/extensionHostProcess.js:29:129572)
	at s.<computed>.n.charCodeAt.s.<computed> (file:///opt/vscodium-bin/resources/app/out/vs/workbench/api/node/extensionHostProcess.js:29:126331)
	at Kw._doExecuteCommand (file:///opt/vscodium-bin/resources/app/out/vs/workbench/api/node/extensionHostProcess.js:112:48586)
	at Kw.executeCommand (file:///opt/vscodium-bin/resources/app/out/vs/workbench/api/node/extensionHostProcess.js:112:48025)
	at r.registerCommand.description (file:///opt/vscodium-bin/resources/app/out/vs/workbench/api/node/extensionHostProcess.js:112:47289)
	at Kw._executeContributedCommand (file:///opt/vscodium-bin/resources/app/out/vs/workbench/api/node/extensionHostProcess.js:112:49155)
	at Kw._doExecuteCommand (file:///opt/vscodium-bin/resources/app/out/vs/workbench/api/node/extensionHostProcess.js:112:48158)
	at Kw.executeCommand (file:///opt/vscodium-bin/resources/app/out/vs/workbench/api/node/extensionHostProcess.js:112:48025)
	at Object.executeCommand (file:///opt/vscodium-bin/resources/app/out/vs/workbench/api/node/extensionHostProcess.js:199:124977)
	at mo (/home/shiri/.vscode-oss/extensions/rust-lang.rust-analyzer-0.3.2593-linux-x64/out/main.js:44:50227)
	at Object.Fx (/home/shiri/.vscode-oss/extensions/rust-lang.rust-analyzer-0.3.2593-linux-x64/out/main.js:386:593)
	at aY._deactivate (file:///opt/vscodium-bin/resources/app/out/vs/workbench/api/node/extensionHostProcess.js:116:14661)
	at file:///opt/vscodium-bin/resources/app/out/vs/workbench/api/node/extensionHostProcess.js:116:12172
	at Array.map (<anonymous>)
	at aY._deactivateAll (file:///opt/vscodium-bin/resources/app/out/vs/workbench/api/node/extensionHostProcess.js:116:12160)
	at aY.terminate (file:///opt/vscodium-bin/resources/app/out/vs/workbench/api/node/extensionHostProcess.js:116:12513)
	at N8.terminate (file:///opt/vscodium-bin/resources/app/out/vs/workbench/api/node/extensionHostProcess.js:118:1082)
	at ys (file:///opt/vscodium-bin/resources/app/out/vs/workbench/api/node/extensionHostProcess.js:391:11091)
	at MessagePortMain.<anonymous> (file:///opt/vscodium-bin/resources/app/out/vs/workbench/api/node/extensionHostProcess.js:391:7538)
	at MessagePortMain.emit (node:events:518:28)
	at MessagePortMain._internalPort.emit (node:electron/js2c/utility_init:2:2949)
2025-10-13 21:04:10.657 [info] Extension host with pid 19842 exiting with code 0
